2022-02-16 11:33:00,356 ERROR 8300 [-/127.0.0.1/-/21051ms GET /news] nodejs.RequestError: connect ETIMEDOUT 35.201.97.85:443, GET https://hacker-news.firebaseio.com/v0/topstories.json -1 (connected: false, keepalive socket: false, agent status: {"createSocketCount":31,"createSocketErrorCount":0,"closeSocketCount":30,"errorSocketCount":1,"timeoutSocketCount":30,"requestCount":31,"freeSockets":{},"sockets":{"hacker-news.firebaseio.com:443:::::::::::::::::::::":1},"requests":{}}, socketHandledRequests: 1, socketHandledResponses: 0)
headers: {}
    at TCPConnectWrap.afterConnect [as oncomplete] (net.js:1148:16)
errno: -4039
code: "ETIMEDOUT"
syscall: "connect"
address: "35.201.97.85"
port: 443
name: "RequestError"
data: undefined
path: "/v0/topstories.json?orderBy=%22%24key%22&startAt=%220%22&endAt=%2229%22"
status: -1
headers: {}
res: {"status":-1,"statusCode":-1,"statusMessage":null,"headers":{},"size":0,"aborted":false,"rt":21050,"keepAliveSocket":false,"requestUrls":["https://hacker-news.firebaseio.com/v0/topstories.json"],"timing":null,"remoteAddress":"35.201.97.85","remotePort":"","socketHandledRequests":1,"socketHandledResponses":0}
pid: 8300
hostname: DESKTOP-BJSIQE6

2022-02-16 11:36:38,263 ERROR 15424 [-/undefined/-/21022ms GET /news] nodejs.RequestError: connect ETIMEDOUT 35.201.97.85:443, GET https://hacker-news.firebaseio.com/v0/topstories.json -1 (connected: false, keepalive socket: false, agent status: {"createSocketCount":3,"createSocketErrorCount":0,"closeSocketCount":0,"errorSocketCount":1,"timeoutSocketCount":0,"requestCount":0,"freeSockets":{},"sockets":{"hacker-news.firebaseio.com:443:::::::::::::::::::::":3},"requests":{}}, socketHandledRequests: 1, socketHandledResponses: 0)
headers: {}
    at TCPConnectWrap.afterConnect [as oncomplete] (net.js:1148:16)
errno: -4039
code: "ETIMEDOUT"
syscall: "connect"
address: "35.201.97.85"
port: 443
name: "RequestError"
data: undefined
path: "/v0/topstories.json?orderBy=%22%24key%22&startAt=%220%22&endAt=%2229%22"
status: -1
headers: {}
res: {"status":-1,"statusCode":-1,"statusMessage":null,"headers":{},"size":0,"aborted":false,"rt":21016,"keepAliveSocket":false,"requestUrls":["https://hacker-news.firebaseio.com/v0/topstories.json"],"timing":null,"remoteAddress":"35.201.97.85","remotePort":"","socketHandledRequests":1,"socketHandledResponses":0}
headerSent: true
pid: 15424
hostname: DESKTOP-BJSIQE6

2022-02-16 11:36:42,655 ERROR 15424 [-/undefined/-/21004ms GET /news] nodejs.RequestError: connect ETIMEDOUT 35.201.97.85:443, GET https://hacker-news.firebaseio.com/v0/topstories.json -1 (connected: false, keepalive socket: false, agent status: {"createSocketCount":5,"createSocketErrorCount":0,"closeSocketCount":1,"errorSocketCount":2,"timeoutSocketCount":0,"requestCount":0,"freeSockets":{},"sockets":{"hacker-news.firebaseio.com:443:::::::::::::::::::::":4},"requests":{}}, socketHandledRequests: 1, socketHandledResponses: 0)
headers: {}
    at TCPConnectWrap.afterConnect [as oncomplete] (net.js:1148:16)
errno: -4039
code: "ETIMEDOUT"
syscall: "connect"
address: "35.201.97.85"
port: 443
name: "RequestError"
data: undefined
path: "/v0/topstories.json?orderBy=%22%24key%22&startAt=%220%22&endAt=%2229%22"
status: -1
headers: {}
res: {"status":-1,"statusCode":-1,"statusMessage":null,"headers":{},"size":0,"aborted":false,"rt":21003,"keepAliveSocket":false,"requestUrls":["https://hacker-news.firebaseio.com/v0/topstories.json"],"timing":null,"remoteAddress":"35.201.97.85","remotePort":"","socketHandledRequests":1,"socketHandledResponses":0}
headerSent: true
pid: 15424
hostname: DESKTOP-BJSIQE6

2022-02-16 11:36:42,983 ERROR 15424 [-/undefined/-/21004ms GET /news] nodejs.RequestError: connect ETIMEDOUT 35.201.97.85:443, GET https://hacker-news.firebaseio.com/v0/topstories.json -1 (connected: false, keepalive socket: false, agent status: {"createSocketCount":5,"createSocketErrorCount":0,"closeSocketCount":2,"errorSocketCount":3,"timeoutSocketCount":0,"requestCount":0,"freeSockets":{},"sockets":{"hacker-news.firebaseio.com:443:::::::::::::::::::::":3},"requests":{}}, socketHandledRequests: 1, socketHandledResponses: 0)
headers: {}
    at TCPConnectWrap.afterConnect [as oncomplete] (net.js:1148:16)
errno: -4039
code: "ETIMEDOUT"
syscall: "connect"
address: "35.201.97.85"
port: 443
name: "RequestError"
data: undefined
path: "/v0/topstories.json?orderBy=%22%24key%22&startAt=%220%22&endAt=%2229%22"
status: -1
headers: {}
res: {"status":-1,"statusCode":-1,"statusMessage":null,"headers":{},"size":0,"aborted":false,"rt":21004,"keepAliveSocket":false,"requestUrls":["https://hacker-news.firebaseio.com/v0/topstories.json"],"timing":null,"remoteAddress":"35.201.97.85","remotePort":"","socketHandledRequests":1,"socketHandledResponses":0}
headerSent: true
pid: 15424
hostname: DESKTOP-BJSIQE6

2022-02-16 11:37:50,689 ERROR 7024 [-/undefined/-/21023ms GET /news] nodejs.RequestError: connect ETIMEDOUT 35.201.97.85:443, GET https://hacker-news.firebaseio.com/v0/topstories.json -1 (connected: false, keepalive socket: false, agent status: {"createSocketCount":3,"createSocketErrorCount":0,"closeSocketCount":0,"errorSocketCount":1,"timeoutSocketCount":0,"requestCount":0,"freeSockets":{},"sockets":{"hacker-news.firebaseio.com:443:::::::::::::::::::::":3},"requests":{}}, socketHandledRequests: 1, socketHandledResponses: 0)
headers: {}
    at TCPConnectWrap.afterConnect [as oncomplete] (net.js:1148:16)
errno: -4039
code: "ETIMEDOUT"
syscall: "connect"
address: "35.201.97.85"
port: 443
name: "RequestError"
data: undefined
path: "/v0/topstories.json?orderBy=%22%24key%22&startAt=%220%22&endAt=%2229%22"
status: -1
headers: {}
res: {"status":-1,"statusCode":-1,"statusMessage":null,"headers":{},"size":0,"aborted":false,"rt":21017,"keepAliveSocket":false,"requestUrls":["https://hacker-news.firebaseio.com/v0/topstories.json"],"timing":null,"remoteAddress":"35.201.97.85","remotePort":"","socketHandledRequests":1,"socketHandledResponses":0}
headerSent: true
pid: 7024
hostname: DESKTOP-BJSIQE6

2022-02-16 11:38:07,878 ERROR 7024 [-/undefined/-/21005ms GET /news] nodejs.RequestError: connect ETIMEDOUT 35.201.97.85:443, GET https://hacker-news.firebaseio.com/v0/topstories.json -1 (connected: false, keepalive socket: false, agent status: {"createSocketCount":4,"createSocketErrorCount":0,"closeSocketCount":1,"errorSocketCount":2,"timeoutSocketCount":0,"requestCount":0,"freeSockets":{},"sockets":{"hacker-news.firebaseio.com:443:::::::::::::::::::::":3},"requests":{}}, socketHandledRequests: 1, socketHandledResponses: 0)
headers: {}
    at TCPConnectWrap.afterConnect [as oncomplete] (net.js:1148:16)
errno: -4039
code: "ETIMEDOUT"
syscall: "connect"
address: "35.201.97.85"
port: 443
name: "RequestError"
data: undefined
path: "/v0/topstories.json?orderBy=%22%24key%22&startAt=%220%22&endAt=%2229%22"
status: -1
headers: {}
res: {"status":-1,"statusCode":-1,"statusMessage":null,"headers":{},"size":0,"aborted":false,"rt":21004,"keepAliveSocket":false,"requestUrls":["https://hacker-news.firebaseio.com/v0/topstories.json"],"timing":null,"remoteAddress":"35.201.97.85","remotePort":"","socketHandledRequests":1,"socketHandledResponses":0}
headerSent: true
pid: 7024
hostname: DESKTOP-BJSIQE6

2022-02-16 11:38:10,641 ERROR 7024 [-/undefined/-/21002ms GET /news] nodejs.RequestError: connect ETIMEDOUT 35.201.97.85:443, GET https://hacker-news.firebaseio.com/v0/topstories.json -1 (connected: false, keepalive socket: false, agent status: {"createSocketCount":4,"createSocketErrorCount":0,"closeSocketCount":2,"errorSocketCount":3,"timeoutSocketCount":0,"requestCount":0,"freeSockets":{},"sockets":{"hacker-news.firebaseio.com:443:::::::::::::::::::::":2},"requests":{}}, socketHandledRequests: 1, socketHandledResponses: 0)
headers: {}
    at TCPConnectWrap.afterConnect [as oncomplete] (net.js:1148:16)
errno: -4039
code: "ETIMEDOUT"
syscall: "connect"
address: "35.201.97.85"
port: 443
name: "RequestError"
data: undefined
path: "/v0/topstories.json?orderBy=%22%24key%22&startAt=%220%22&endAt=%2229%22"
status: -1
headers: {}
res: {"status":-1,"statusCode":-1,"statusMessage":null,"headers":{},"size":0,"aborted":false,"rt":21002,"keepAliveSocket":false,"requestUrls":["https://hacker-news.firebaseio.com/v0/topstories.json"],"timing":null,"remoteAddress":"35.201.97.85","remotePort":"","socketHandledRequests":1,"socketHandledResponses":0}
headerSent: true
pid: 7024
hostname: DESKTOP-BJSIQE6

2022-02-16 11:38:14,404 ERROR 7024 [-/127.0.0.1/-/21005ms GET /news] nodejs.RequestError: connect ETIMEDOUT 35.201.97.85:443, GET https://hacker-news.firebaseio.com/v0/topstories.json -1 (connected: false, keepalive socket: false, agent status: {"createSocketCount":4,"createSocketErrorCount":0,"closeSocketCount":3,"errorSocketCount":4,"timeoutSocketCount":0,"requestCount":0,"freeSockets":{},"sockets":{"hacker-news.firebaseio.com:443:::::::::::::::::::::":1},"requests":{}}, socketHandledRequests: 1, socketHandledResponses: 0)
headers: {}
    at TCPConnectWrap.afterConnect [as oncomplete] (net.js:1148:16)
errno: -4039
code: "ETIMEDOUT"
syscall: "connect"
address: "35.201.97.85"
port: 443
name: "RequestError"
data: undefined
path: "/v0/topstories.json?orderBy=%22%24key%22&startAt=%220%22&endAt=%2229%22"
status: -1
headers: {}
res: {"status":-1,"statusCode":-1,"statusMessage":null,"headers":{},"size":0,"aborted":false,"rt":21003,"keepAliveSocket":false,"requestUrls":["https://hacker-news.firebaseio.com/v0/topstories.json"],"timing":null,"remoteAddress":"35.201.97.85","remotePort":"","socketHandledRequests":1,"socketHandledResponses":0}
pid: 7024
hostname: DESKTOP-BJSIQE6

2022-02-16 13:30:35,571 ERROR 16208 nodejs.ClusterClientNoResponseError: client no response in 2653493ms exceeding maxIdleTime 60000ms, maybe the connection is close on other side.
    at Timeout._onTimeout (C:\Users\liuqi\work\node-server\node_modules\cluster-client\lib\leader.js:77:23)
    at listOnTimeout (internal/timers.js:557:17)
    at processTimers (internal/timers.js:500:7)
name: "ClusterClientNoResponseError"
pid: 16208
hostname: DESKTOP-BJSIQE6

2022-02-16 13:44:33,327 ERROR 8680 [-/undefined/-/21021ms GET /news] nodejs.RequestError: connect ETIMEDOUT 35.201.97.85:443, GET https://hacker-news.firebaseio.com/v0/topstories.json -1 (connected: false, keepalive socket: false, agent status: {"createSocketCount":2,"createSocketErrorCount":0,"closeSocketCount":0,"errorSocketCount":1,"timeoutSocketCount":0,"requestCount":0,"freeSockets":{},"sockets":{"hacker-news.firebaseio.com:443:::::::::::::::::::::":2},"requests":{}}, socketHandledRequests: 1, socketHandledResponses: 0)
headers: {}
    at TCPConnectWrap.afterConnect [as oncomplete] (net.js:1148:16)
errno: -4039
code: "ETIMEDOUT"
syscall: "connect"
address: "35.201.97.85"
port: 443
name: "RequestError"
data: undefined
path: "/v0/topstories.json?orderBy=%22%24key%22&startAt=%220%22&endAt=%2229%22"
status: -1
headers: {}
res: {"status":-1,"statusCode":-1,"statusMessage":null,"headers":{},"size":0,"aborted":false,"rt":21015,"keepAliveSocket":false,"requestUrls":["https://hacker-news.firebaseio.com/v0/topstories.json"],"timing":null,"remoteAddress":"35.201.97.85","remotePort":"","socketHandledRequests":1,"socketHandledResponses":0}
headerSent: true
pid: 8680
hostname: DESKTOP-BJSIQE6

2022-02-16 13:44:42,803 ERROR 8680 [-/undefined/-/21005ms GET /news] nodejs.RequestError: connect ETIMEDOUT 35.201.97.85:443, GET https://hacker-news.firebaseio.com/v0/topstories.json -1 (connected: false, keepalive socket: false, agent status: {"createSocketCount":3,"createSocketErrorCount":0,"closeSocketCount":1,"errorSocketCount":2,"timeoutSocketCount":0,"requestCount":0,"freeSockets":{},"sockets":{"hacker-news.firebaseio.com:443:::::::::::::::::::::":2},"requests":{}}, socketHandledRequests: 1, socketHandledResponses: 0)
headers: {}
    at TCPConnectWrap.afterConnect [as oncomplete] (net.js:1148:16)
errno: -4039
code: "ETIMEDOUT"
syscall: "connect"
address: "35.201.97.85"
port: 443
name: "RequestError"
data: undefined
path: "/v0/topstories.json?orderBy=%22%24key%22&startAt=%220%22&endAt=%2229%22"
status: -1
headers: {}
res: {"status":-1,"statusCode":-1,"statusMessage":null,"headers":{},"size":0,"aborted":false,"rt":21003,"keepAliveSocket":false,"requestUrls":["https://hacker-news.firebaseio.com/v0/topstories.json"],"timing":null,"remoteAddress":"35.201.97.85","remotePort":"","socketHandledRequests":1,"socketHandledResponses":0}
headerSent: true
pid: 8680
hostname: DESKTOP-BJSIQE6

2022-02-16 13:44:54,727 ERROR 8680 [-/192.168.11.186/-/21003ms GET /news] nodejs.RequestError: connect ETIMEDOUT 35.201.97.85:443, GET https://hacker-news.firebaseio.com/v0/topstories.json -1 (connected: false, keepalive socket: false, agent status: {"createSocketCount":33,"createSocketErrorCount":0,"closeSocketCount":2,"errorSocketCount":3,"timeoutSocketCount":0,"requestCount":62,"freeSockets":{"hacker-news.firebaseio.com:443:::::::::::::::::::::":30},"sockets":{"hacker-news.firebaseio.com:443:::::::::::::::::::::":1},"requests":{}}, socketHandledRequests: 1, socketHandledResponses: 0)
headers: {}
    at TCPConnectWrap.afterConnect [as oncomplete] (net.js:1148:16)
errno: -4039
code: "ETIMEDOUT"
syscall: "connect"
address: "35.201.97.85"
port: 443
name: "RequestError"
data: undefined
path: "/v0/topstories.json?orderBy=%22%24key%22&startAt=%220%22&endAt=%2229%22"
status: -1
headers: {}
res: {"status":-1,"statusCode":-1,"statusMessage":null,"headers":{},"size":0,"aborted":false,"rt":21001,"keepAliveSocket":false,"requestUrls":["https://hacker-news.firebaseio.com/v0/topstories.json"],"timing":null,"remoteAddress":"35.201.97.85","remotePort":"","socketHandledRequests":1,"socketHandledResponses":0}
pid: 8680
hostname: DESKTOP-BJSIQE6

2022-02-16 15:37:57,997 ERROR 16188 [-/127.0.0.1/-/4ms GET /] nodejs.Template render error: (C:\Users\liuqi\work\node-server\app\view\home\index.tpl) [Line 5, Column 30]
  Error: Unable to call `app["utils"]["GetRandom"]["random"]`, which is undefined or falsey
  Error: Unable to call `app["utils"]["GetRandom"]["random"]`, which is undefined or falsey
    at Object._prettifyError (C:\Users\liuqi\work\node-server\node_modules\nunjucks\src\lib.js:36:11)
    at C:\Users\liuqi\work\node-server\node_modules\nunjucks\src\environment.js:563:19
    at eval (eval at _compile (C:\Users\liuqi\work\node-server\node_modules\nunjucks\src\environment.js:633:18), <anonymous>:15:11)
    at b_content (eval at _compile (C:\Users\liuqi\work\node-server\node_modules\nunjucks\src\environment.js:633:18), <anonymous>:41:3)
    at eval (eval at _compile (C:\Users\liuqi\work\node-server\node_modules\nunjucks\src\environment.js:633:18), <anonymous>:14:86)
    at b_title (eval at _compile (C:\Users\liuqi\work\node-server\node_modules\nunjucks\src\environment.js:633:18), <anonymous>:35:1)
    at Template.root [as rootRenderFunc] (eval at _compile (C:\Users\liuqi\work\node-server\node_modules\nunjucks\src\environment.js:633:18), <anonymous>:10:84)
    at eval (eval at _compile (C:\Users\liuqi\work\node-server\node_modules\nunjucks\src\environment.js:633:18), <anonymous>:20:16)
    at eval (eval at _compile (C:\Users\liuqi\work\node-server\node_modules\nunjucks\src\environment.js:633:18), <anonymous>:16:46)
    at eval (eval at _compile (C:\Users\liuqi\work\node-server\node_modules\nunjucks\src\environment.js:633:18), <anonymous>:16:86)
name: "Template render error"
pid: 16188
hostname: DESKTOP-BJSIQE6

2022-02-16 15:38:12,268 ERROR 16188 [-/127.0.0.1/-/4ms GET /] nodejs.Template render error: (C:\Users\liuqi\work\node-server\app\view\home\index.tpl) [Line 5, Column 16]
  Error: Unable to call `console["log"]`, which is undefined or falsey
  Error: Unable to call `console["log"]`, which is undefined or falsey
    at Object._prettifyError (C:\Users\liuqi\work\node-server\node_modules\nunjucks\src\lib.js:36:11)
    at C:\Users\liuqi\work\node-server\node_modules\nunjucks\src\environment.js:563:19
    at eval (eval at _compile (C:\Users\liuqi\work\node-server\node_modules\nunjucks\src\environment.js:633:18), <anonymous>:15:11)
    at b_content (eval at _compile (C:\Users\liuqi\work\node-server\node_modules\nunjucks\src\environment.js:633:18), <anonymous>:41:3)
    at eval (eval at _compile (C:\Users\liuqi\work\node-server\node_modules\nunjucks\src\environment.js:633:18), <anonymous>:14:86)
    at b_title (eval at _compile (C:\Users\liuqi\work\node-server\node_modules\nunjucks\src\environment.js:633:18), <anonymous>:35:1)
    at Template.root [as rootRenderFunc] (eval at _compile (C:\Users\liuqi\work\node-server\node_modules\nunjucks\src\environment.js:633:18), <anonymous>:10:84)
    at eval (eval at _compile (C:\Users\liuqi\work\node-server\node_modules\nunjucks\src\environment.js:633:18), <anonymous>:20:16)
    at eval (eval at _compile (C:\Users\liuqi\work\node-server\node_modules\nunjucks\src\environment.js:633:18), <anonymous>:16:46)
    at eval (eval at _compile (C:\Users\liuqi\work\node-server\node_modules\nunjucks\src\environment.js:633:18), <anonymous>:16:86)
name: "Template render error"
pid: 16188
hostname: DESKTOP-BJSIQE6

2022-02-16 15:38:19,824 ERROR 16188 [-/127.0.0.1/-/2ms GET /] nodejs.Template render error: (C:\Users\liuqi\work\node-server\app\view\home\index.tpl) [Line 5, Column 16]
  Error: Unable to call `console["log"]`, which is undefined or falsey
  Error: Unable to call `console["log"]`, which is undefined or falsey
    at Object._prettifyError (C:\Users\liuqi\work\node-server\node_modules\nunjucks\src\lib.js:36:11)
    at C:\Users\liuqi\work\node-server\node_modules\nunjucks\src\environment.js:563:19
    at eval (eval at _compile (C:\Users\liuqi\work\node-server\node_modules\nunjucks\src\environment.js:633:18), <anonymous>:15:11)
    at b_content (eval at _compile (C:\Users\liuqi\work\node-server\node_modules\nunjucks\src\environment.js:633:18), <anonymous>:41:3)
    at eval (eval at _compile (C:\Users\liuqi\work\node-server\node_modules\nunjucks\src\environment.js:633:18), <anonymous>:14:86)
    at b_title (eval at _compile (C:\Users\liuqi\work\node-server\node_modules\nunjucks\src\environment.js:633:18), <anonymous>:35:1)
    at Template.root [as rootRenderFunc] (eval at _compile (C:\Users\liuqi\work\node-server\node_modules\nunjucks\src\environment.js:633:18), <anonymous>:10:84)
    at eval (eval at _compile (C:\Users\liuqi\work\node-server\node_modules\nunjucks\src\environment.js:633:18), <anonymous>:20:16)
    at eval (eval at _compile (C:\Users\liuqi\work\node-server\node_modules\nunjucks\src\environment.js:633:18), <anonymous>:16:46)
    at eval (eval at _compile (C:\Users\liuqi\work\node-server\node_modules\nunjucks\src\environment.js:633:18), <anonymous>:16:86)
name: "Template render error"
pid: 16188
hostname: DESKTOP-BJSIQE6

2022-02-16 15:39:42,219 ERROR 16188 [-/127.0.0.1/-/2ms GET /] nodejs.Template render error: (C:\Users\liuqi\work\node-server\app\view\home\index.tpl) [Line 6, Column 6]
  unexpected token: }}
  unexpected token: }}
    at Object._prettifyError (C:\Users\liuqi\work\node-server\node_modules\nunjucks\src\lib.js:36:11)
    at Template.render (C:\Users\liuqi\work\node-server\node_modules\nunjucks\src\environment.js:538:21)
    at C:\Users\liuqi\work\node-server\node_modules\nunjucks\src\environment.js:366:27
    at createTemplate (C:\Users\liuqi\work\node-server\node_modules\nunjucks\src\environment.js:315:9)
    at handle (C:\Users\liuqi\work\node-server\node_modules\nunjucks\src\environment.js:327:11)
    at C:\Users\liuqi\work\node-server\node_modules\nunjucks\src\environment.js:339:9
    at next (C:\Users\liuqi\work\node-server\node_modules\nunjucks\src\lib.js:328:7)
    at Object.asyncIter (C:\Users\liuqi\work\node-server\node_modules\nunjucks\src\lib.js:334:3)
    at NunjucksEnvironment.getTemplate (C:\Users\liuqi\work\node-server\node_modules\nunjucks\src\environment.js:321:9)
    at NunjucksEnvironment.render (C:\Users\liuqi\work\node-server\node_modules\nunjucks\src\environment.js:360:10)
name: "Template render error"
pid: 16188
hostname: DESKTOP-BJSIQE6

2022-02-16 15:42:51,291 ERROR 14952 [-/127.0.0.1/-/3ms GET /] nodejs.Template render error: (C:\Users\liuqi\work\node-server\app\view\home\index.tpl) [Line 5, Column 31]
  Error: Unable to call `app["utils"]["GetRandom"]["random"]`, which is undefined or falsey
  Error: Unable to call `app["utils"]["GetRandom"]["random"]`, which is undefined or falsey
    at Object._prettifyError (C:\Users\liuqi\work\node-server\node_modules\nunjucks\src\lib.js:36:11)
    at C:\Users\liuqi\work\node-server\node_modules\nunjucks\src\environment.js:563:19
    at eval (eval at _compile (C:\Users\liuqi\work\node-server\node_modules\nunjucks\src\environment.js:633:18), <anonymous>:15:11)
    at b_content (eval at _compile (C:\Users\liuqi\work\node-server\node_modules\nunjucks\src\environment.js:633:18), <anonymous>:41:3)
    at eval (eval at _compile (C:\Users\liuqi\work\node-server\node_modules\nunjucks\src\environment.js:633:18), <anonymous>:14:86)
    at b_title (eval at _compile (C:\Users\liuqi\work\node-server\node_modules\nunjucks\src\environment.js:633:18), <anonymous>:35:1)
    at Template.root [as rootRenderFunc] (eval at _compile (C:\Users\liuqi\work\node-server\node_modules\nunjucks\src\environment.js:633:18), <anonymous>:10:84)
    at eval (eval at _compile (C:\Users\liuqi\work\node-server\node_modules\nunjucks\src\environment.js:633:18), <anonymous>:20:16)
    at eval (eval at _compile (C:\Users\liuqi\work\node-server\node_modules\nunjucks\src\environment.js:633:18), <anonymous>:16:46)
    at eval (eval at _compile (C:\Users\liuqi\work\node-server\node_modules\nunjucks\src\environment.js:633:18), <anonymous>:16:86)
name: "Template render error"
pid: 14952
hostname: DESKTOP-BJSIQE6

2022-02-16 15:42:53,826 ERROR 14952 [-/127.0.0.1/-/3ms GET /] nodejs.Template render error: (C:\Users\liuqi\work\node-server\app\view\home\index.tpl) [Line 5, Column 31]
  Error: Unable to call `app["utils"]["GetRandom"]["random"]`, which is undefined or falsey
  Error: Unable to call `app["utils"]["GetRandom"]["random"]`, which is undefined or falsey
    at Object._prettifyError (C:\Users\liuqi\work\node-server\node_modules\nunjucks\src\lib.js:36:11)
    at C:\Users\liuqi\work\node-server\node_modules\nunjucks\src\environment.js:563:19
    at eval (eval at _compile (C:\Users\liuqi\work\node-server\node_modules\nunjucks\src\environment.js:633:18), <anonymous>:15:11)
    at b_content (eval at _compile (C:\Users\liuqi\work\node-server\node_modules\nunjucks\src\environment.js:633:18), <anonymous>:41:3)
    at eval (eval at _compile (C:\Users\liuqi\work\node-server\node_modules\nunjucks\src\environment.js:633:18), <anonymous>:14:86)
    at b_title (eval at _compile (C:\Users\liuqi\work\node-server\node_modules\nunjucks\src\environment.js:633:18), <anonymous>:35:1)
    at Template.root [as rootRenderFunc] (eval at _compile (C:\Users\liuqi\work\node-server\node_modules\nunjucks\src\environment.js:633:18), <anonymous>:10:84)
    at eval (eval at _compile (C:\Users\liuqi\work\node-server\node_modules\nunjucks\src\environment.js:633:18), <anonymous>:20:16)
    at eval (eval at _compile (C:\Users\liuqi\work\node-server\node_modules\nunjucks\src\environment.js:633:18), <anonymous>:16:46)
    at eval (eval at _compile (C:\Users\liuqi\work\node-server\node_modules\nunjucks\src\environment.js:633:18), <anonymous>:16:86)
name: "Template render error"
pid: 14952
hostname: DESKTOP-BJSIQE6

2022-02-16 15:47:10,305 ERROR 4064 [-/127.0.0.1/-/4ms GET /] nodejs.TypeError: Cannot read property 'config' of undefined
    at new GetRandom (C:\Users\liuqi\work\node-server\app\utils\getRandom.js:4:21)
    at HomeController.index (C:\Users\liuqi\work\node-server\app\controller\home.js:9:21)
    at Object.callFn (C:\Users\liuqi\work\node-server\node_modules\egg-core\lib\utils\index.js:44:21)
    at Object.classControllerMiddleware (C:\Users\liuqi\work\node-server\node_modules\egg-core\lib\loader\mixin\controller.js:87:20)
    at Object.callFn (C:\Users\liuqi\work\node-server\node_modules\@eggjs\router\lib\utils.js:12:21)
    at wrappedController (C:\Users\liuqi\work\node-server\node_modules\@eggjs\router\lib\egg_router.js:322:18)
    at dispatch (C:\Users\liuqi\work\node-server\node_modules\@eggjs\router\node_modules\koa-compose\index.js:44:32)
    at next (C:\Users\liuqi\work\node-server\node_modules\@eggjs\router\node_modules\koa-compose\index.js:45:18)
    at C:\Users\liuqi\work\node-server\node_modules\@eggjs\router\lib\router.js:186:18
    at dispatch (C:\Users\liuqi\work\node-server\node_modules\@eggjs\router\node_modules\koa-compose\index.js:44:32)

pid: 4064
hostname: DESKTOP-BJSIQE6

2022-02-16 15:48:11,360 ERROR 6180 [-/127.0.0.1/-/4ms GET /] nodejs.TypeError: Cannot read property 'config' of undefined
    at new GetRandom (C:\Users\liuqi\work\node-server\app\utils\getRandom.js:4:21)
    at HomeController.index (C:\Users\liuqi\work\node-server\app\controller\home.js:9:21)
    at Object.callFn (C:\Users\liuqi\work\node-server\node_modules\egg-core\lib\utils\index.js:44:21)
    at Object.classControllerMiddleware (C:\Users\liuqi\work\node-server\node_modules\egg-core\lib\loader\mixin\controller.js:87:20)
    at Object.callFn (C:\Users\liuqi\work\node-server\node_modules\@eggjs\router\lib\utils.js:12:21)
    at wrappedController (C:\Users\liuqi\work\node-server\node_modules\@eggjs\router\lib\egg_router.js:322:18)
    at dispatch (C:\Users\liuqi\work\node-server\node_modules\@eggjs\router\node_modules\koa-compose\index.js:44:32)
    at next (C:\Users\liuqi\work\node-server\node_modules\@eggjs\router\node_modules\koa-compose\index.js:45:18)
    at C:\Users\liuqi\work\node-server\node_modules\@eggjs\router\lib\router.js:186:18
    at dispatch (C:\Users\liuqi\work\node-server\node_modules\@eggjs\router\node_modules\koa-compose\index.js:44:32)

pid: 6180
hostname: DESKTOP-BJSIQE6

2022-02-16 15:48:13,456 ERROR 6180 [-/127.0.0.1/-/1ms GET /] nodejs.TypeError: Cannot read property 'config' of undefined
    at new GetRandom (C:\Users\liuqi\work\node-server\app\utils\getRandom.js:4:21)
    at HomeController.index (C:\Users\liuqi\work\node-server\app\controller\home.js:9:21)
    at Object.callFn (C:\Users\liuqi\work\node-server\node_modules\egg-core\lib\utils\index.js:44:21)
    at Object.classControllerMiddleware (C:\Users\liuqi\work\node-server\node_modules\egg-core\lib\loader\mixin\controller.js:87:20)
    at Object.callFn (C:\Users\liuqi\work\node-server\node_modules\@eggjs\router\lib\utils.js:12:21)
    at wrappedController (C:\Users\liuqi\work\node-server\node_modules\@eggjs\router\lib\egg_router.js:322:18)
    at dispatch (C:\Users\liuqi\work\node-server\node_modules\@eggjs\router\node_modules\koa-compose\index.js:44:32)
    at next (C:\Users\liuqi\work\node-server\node_modules\@eggjs\router\node_modules\koa-compose\index.js:45:18)
    at C:\Users\liuqi\work\node-server\node_modules\@eggjs\router\lib\router.js:186:18
    at dispatch (C:\Users\liuqi\work\node-server\node_modules\@eggjs\router\node_modules\koa-compose\index.js:44:32)

pid: 6180
hostname: DESKTOP-BJSIQE6

2022-02-16 15:48:14,110 ERROR 6180 [-/127.0.0.1/-/1ms GET /] nodejs.TypeError: Cannot read property 'config' of undefined
    at new GetRandom (C:\Users\liuqi\work\node-server\app\utils\getRandom.js:4:21)
    at HomeController.index (C:\Users\liuqi\work\node-server\app\controller\home.js:9:21)
    at Object.callFn (C:\Users\liuqi\work\node-server\node_modules\egg-core\lib\utils\index.js:44:21)
    at Object.classControllerMiddleware (C:\Users\liuqi\work\node-server\node_modules\egg-core\lib\loader\mixin\controller.js:87:20)
    at Object.callFn (C:\Users\liuqi\work\node-server\node_modules\@eggjs\router\lib\utils.js:12:21)
    at wrappedController (C:\Users\liuqi\work\node-server\node_modules\@eggjs\router\lib\egg_router.js:322:18)
    at dispatch (C:\Users\liuqi\work\node-server\node_modules\@eggjs\router\node_modules\koa-compose\index.js:44:32)
    at next (C:\Users\liuqi\work\node-server\node_modules\@eggjs\router\node_modules\koa-compose\index.js:45:18)
    at C:\Users\liuqi\work\node-server\node_modules\@eggjs\router\lib\router.js:186:18
    at dispatch (C:\Users\liuqi\work\node-server\node_modules\@eggjs\router\node_modules\koa-compose\index.js:44:32)

pid: 6180
hostname: DESKTOP-BJSIQE6

2022-02-16 16:20:16,664 ERROR 4944 nodejs.unhandledRejectionError: false
    at Application._unhandledRejectionHandler (C:\Users\liuqi\work\node-server\node_modules\egg\lib\egg.js:345:24)
    at process.emit (events.js:375:28)
    at processPromiseRejections (internal/process/promises.js:245:33)
    at processTicksAndRejections (internal/process/task_queues.js:96:32)
name: "unhandledRejectionError"
pid: 4944
hostname: DESKTOP-BJSIQE6

2022-02-16 16:21:08,802 ERROR 12324 [-/127.0.0.1/-/10ms GET /] nodejs.Error: non-error thrown: false
    at Object.app.context.onerror (C:\Users\liuqi\work\node-server\node_modules\koa-onerror\index.js:46:24)
    at onerror (C:\Users\liuqi\work\node-server\node_modules\koa\lib\application.js:165:32)
    at processTicksAndRejections (internal/process/task_queues.js:95:5)

pid: 12324
hostname: DESKTOP-BJSIQE6

2022-02-16 16:24:31,262 ERROR 10260 [-/127.0.0.1/-/8ms GET /] nodejs.Error: non-error thrown: false
    at Object.app.context.onerror (C:\Users\liuqi\work\node-server\node_modules\koa-onerror\index.js:46:24)
    at onerror (C:\Users\liuqi\work\node-server\node_modules\koa\lib\application.js:165:32)
    at processTicksAndRejections (internal/process/task_queues.js:95:5)

pid: 10260
hostname: DESKTOP-BJSIQE6

2022-02-16 16:24:32,163 ERROR 10260 [-/127.0.0.1/-/3ms GET /] nodejs.Error: non-error thrown: false
    at Object.app.context.onerror (C:\Users\liuqi\work\node-server\node_modules\koa-onerror\index.js:46:24)
    at onerror (C:\Users\liuqi\work\node-server\node_modules\koa\lib\application.js:165:32)
    at processTicksAndRejections (internal/process/task_queues.js:95:5)

pid: 10260
hostname: DESKTOP-BJSIQE6

2022-02-16 16:24:33,163 ERROR 10260 [-/127.0.0.1/-/3ms GET /] nodejs.Error: non-error thrown: false
    at Object.app.context.onerror (C:\Users\liuqi\work\node-server\node_modules\koa-onerror\index.js:46:24)
    at onerror (C:\Users\liuqi\work\node-server\node_modules\koa\lib\application.js:165:32)
    at processTicksAndRejections (internal/process/task_queues.js:95:5)

pid: 10260
hostname: DESKTOP-BJSIQE6

2022-02-16 16:24:42,522 ERROR 10476 [-/127.0.0.1/-/8ms GET /] nodejs.Error: non-error thrown: false
    at Object.app.context.onerror (C:\Users\liuqi\work\node-server\node_modules\koa-onerror\index.js:46:24)
    at onerror (C:\Users\liuqi\work\node-server\node_modules\koa\lib\application.js:165:32)
    at processTicksAndRejections (internal/process/task_queues.js:95:5)

pid: 10476
hostname: DESKTOP-BJSIQE6

2022-02-16 16:25:17,400 ERROR 2312 [-/127.0.0.1/-/30ms GET /] nodejs.Error: non-error thrown: false
    at Object.app.context.onerror (C:\Users\liuqi\work\node-server\node_modules\koa-onerror\index.js:46:24)
    at onerror (C:\Users\liuqi\work\node-server\node_modules\koa\lib\application.js:165:32)
    at processTicksAndRejections (internal/process/task_queues.js:95:5)

pid: 2312
hostname: DESKTOP-BJSIQE6

2022-02-16 16:25:25,219 ERROR 12564 [-/127.0.0.1/-/28ms GET /] nodejs.Error: non-error thrown: false
    at Object.app.context.onerror (C:\Users\liuqi\work\node-server\node_modules\koa-onerror\index.js:46:24)
    at onerror (C:\Users\liuqi\work\node-server\node_modules\koa\lib\application.js:165:32)
    at processTicksAndRejections (internal/process/task_queues.js:95:5)

pid: 12564
hostname: DESKTOP-BJSIQE6

2022-02-16 16:25:45,626 ERROR 12448 [-/127.0.0.1/-/26ms GET /] nodejs.Error: non-error thrown: false
    at Object.app.context.onerror (C:\Users\liuqi\work\node-server\node_modules\koa-onerror\index.js:46:24)
    at onerror (C:\Users\liuqi\work\node-server\node_modules\koa\lib\application.js:165:32)
    at processTicksAndRejections (internal/process/task_queues.js:95:5)

pid: 12448
hostname: DESKTOP-BJSIQE6

2022-02-16 16:26:25,427 ERROR 18392 [-/127.0.0.1/-/9ms GET /] nodejs.Error: non-error thrown: false
    at Object.app.context.onerror (C:\Users\liuqi\work\node-server\node_modules\koa-onerror\index.js:46:24)
    at onerror (C:\Users\liuqi\work\node-server\node_modules\koa\lib\application.js:165:32)
    at processTicksAndRejections (internal/process/task_queues.js:95:5)

pid: 18392
hostname: DESKTOP-BJSIQE6

2022-02-16 16:32:11,309 ERROR 18268 [-/127.0.0.1/-/9ms GET /] nodejs.AssertionError: Can't find Hello World from C:\Users\liuqi\work\node-server\app\view
    at Map.resolve (C:\Users\liuqi\work\node-server\node_modules\egg-view\lib\view_manager.js:74:5)
    at async ContextView.[contextView#render] (C:\Users\liuqi\work\node-server\node_modules\egg-view\lib\context_view.js:50:22)
    at async HomeController.index (C:\Users\liuqi\work\node-server\app\controller\home.js:14:3)
    at async C:\Users\liuqi\work\node-server\node_modules\egg-development\app\middleware\egg_loader_trace.js:9:50
    at async xframe (C:\Users\liuqi\work\node-server\node_modules\egg-security\lib\middlewares\xframe.js:7:5)
    at async xssProtection (C:\Users\liuqi\work\node-server\node_modules\egg-security\lib\middlewares\xssProtection.js:7:5)
    at async nosniff (C:\Users\liuqi\work\node-server\node_modules\egg-security\lib\middlewares\nosniff.js:8:5)
    at async noopen (C:\Users\liuqi\work\node-server\node_modules\egg-security\lib\middlewares\noopen.js:8:5)
    at async session (C:\Users\liuqi\work\node-server\node_modules\koa-session\index.js:41:7)
    at async bodyParser (C:\Users\liuqi\work\node-server\node_modules\koa-bodyparser\index.js:95:5)
generatedMessage: false
code: "ERR_ASSERTION"
actual: undefined
expected: true
operator: "=="
pid: 18268
hostname: DESKTOP-BJSIQE6

2022-02-16 17:20:50,785 ERROR 14848 [-/127.0.0.1/-/9ms GET /] nodejs.AssertionError: Can't find Hello World from C:\Users\liuqi\work\node-server\app\view
    at Map.resolve (C:\Users\liuqi\work\node-server\node_modules\egg-view\lib\view_manager.js:74:5)
    at async ContextView.[contextView#render] (C:\Users\liuqi\work\node-server\node_modules\egg-view\lib\context_view.js:50:22)
    at async HomeController.index (C:\Users\liuqi\work\node-server\app\controller\home.js:14:3)
    at async C:\Users\liuqi\work\node-server\node_modules\egg-development\app\middleware\egg_loader_trace.js:9:50
    at async xframe (C:\Users\liuqi\work\node-server\node_modules\egg-security\lib\middlewares\xframe.js:7:5)
    at async xssProtection (C:\Users\liuqi\work\node-server\node_modules\egg-security\lib\middlewares\xssProtection.js:7:5)
    at async nosniff (C:\Users\liuqi\work\node-server\node_modules\egg-security\lib\middlewares\nosniff.js:8:5)
    at async noopen (C:\Users\liuqi\work\node-server\node_modules\egg-security\lib\middlewares\noopen.js:8:5)
    at async session (C:\Users\liuqi\work\node-server\node_modules\koa-session\index.js:41:7)
    at async bodyParser (C:\Users\liuqi\work\node-server\node_modules\koa-bodyparser\index.js:95:5)
generatedMessage: false
code: "ERR_ASSERTION"
actual: undefined
expected: true
operator: "=="
pid: 14848
hostname: DESKTOP-BJSIQE6

2022-02-16 17:20:52,567 ERROR 14848 [-/127.0.0.1/-/2ms GET /] nodejs.AssertionError: Can't find Hello World from C:\Users\liuqi\work\node-server\app\view
    at Map.resolve (C:\Users\liuqi\work\node-server\node_modules\egg-view\lib\view_manager.js:74:5)
    at async ContextView.[contextView#render] (C:\Users\liuqi\work\node-server\node_modules\egg-view\lib\context_view.js:50:22)
    at async HomeController.index (C:\Users\liuqi\work\node-server\app\controller\home.js:14:3)
    at async C:\Users\liuqi\work\node-server\node_modules\egg-development\app\middleware\egg_loader_trace.js:9:50
    at async xframe (C:\Users\liuqi\work\node-server\node_modules\egg-security\lib\middlewares\xframe.js:7:5)
    at async xssProtection (C:\Users\liuqi\work\node-server\node_modules\egg-security\lib\middlewares\xssProtection.js:7:5)
    at async nosniff (C:\Users\liuqi\work\node-server\node_modules\egg-security\lib\middlewares\nosniff.js:8:5)
    at async noopen (C:\Users\liuqi\work\node-server\node_modules\egg-security\lib\middlewares\noopen.js:8:5)
    at async session (C:\Users\liuqi\work\node-server\node_modules\koa-session\index.js:41:7)
    at async bodyParser (C:\Users\liuqi\work\node-server\node_modules\koa-bodyparser\index.js:95:5)
generatedMessage: false
code: "ERR_ASSERTION"
actual: undefined
expected: true
operator: "=="
pid: 14848
hostname: DESKTOP-BJSIQE6

2022-02-16 17:21:04,174 ERROR 14848 [-/127.0.0.1/-/3ms GET /] nodejs.AssertionError: Can't find Hello World from C:\Users\liuqi\work\node-server\app\view
    at Map.resolve (C:\Users\liuqi\work\node-server\node_modules\egg-view\lib\view_manager.js:74:5)
    at async ContextView.[contextView#render] (C:\Users\liuqi\work\node-server\node_modules\egg-view\lib\context_view.js:50:22)
    at async HomeController.index (C:\Users\liuqi\work\node-server\app\controller\home.js:14:3)
    at async C:\Users\liuqi\work\node-server\node_modules\egg-development\app\middleware\egg_loader_trace.js:9:50
    at async xframe (C:\Users\liuqi\work\node-server\node_modules\egg-security\lib\middlewares\xframe.js:7:5)
    at async xssProtection (C:\Users\liuqi\work\node-server\node_modules\egg-security\lib\middlewares\xssProtection.js:7:5)
    at async nosniff (C:\Users\liuqi\work\node-server\node_modules\egg-security\lib\middlewares\nosniff.js:8:5)
    at async noopen (C:\Users\liuqi\work\node-server\node_modules\egg-security\lib\middlewares\noopen.js:8:5)
    at async session (C:\Users\liuqi\work\node-server\node_modules\koa-session\index.js:41:7)
    at async bodyParser (C:\Users\liuqi\work\node-server\node_modules\koa-bodyparser\index.js:95:5)
generatedMessage: false
code: "ERR_ASSERTION"
actual: undefined
expected: true
operator: "=="
pid: 14848
hostname: DESKTOP-BJSIQE6

2022-02-16 17:30:38,580 ERROR 19348 [-/127.0.0.1/-/4ms POST /api/posts] nodejs.TypeError: ctx.validate is not a function
    at PostController.create (C:\Users\liuqi\work\node-server\app\controller\post.js:10:7)
    at Object.callFn (C:\Users\liuqi\work\node-server\node_modules\egg-core\lib\utils\index.js:44:21)
    at Object.classControllerMiddleware (C:\Users\liuqi\work\node-server\node_modules\egg-core\lib\loader\mixin\controller.js:87:20)
    at Object.callFn (C:\Users\liuqi\work\node-server\node_modules\@eggjs\router\lib\utils.js:12:21)
    at wrappedController (C:\Users\liuqi\work\node-server\node_modules\@eggjs\router\lib\egg_router.js:322:18)
    at dispatch (C:\Users\liuqi\work\node-server\node_modules\@eggjs\router\node_modules\koa-compose\index.js:44:32)
    at next (C:\Users\liuqi\work\node-server\node_modules\@eggjs\router\node_modules\koa-compose\index.js:45:18)
    at C:\Users\liuqi\work\node-server\node_modules\@eggjs\router\lib\router.js:186:18
    at dispatch (C:\Users\liuqi\work\node-server\node_modules\@eggjs\router\node_modules\koa-compose\index.js:44:32)
    at C:\Users\liuqi\work\node-server\node_modules\@eggjs\router\node_modules\koa-compose\index.js:36:12

pid: 19348
hostname: DESKTOP-BJSIQE6

2022-02-16 17:31:59,854 ERROR 11620 [-/127.0.0.1/-/8ms POST /api/posts] nodejs.TypeError: ctx.validate is not a function
    at PostController.create (C:\Users\liuqi\work\node-server\app\controller\post.js:11:7)
    at Object.callFn (C:\Users\liuqi\work\node-server\node_modules\egg-core\lib\utils\index.js:44:21)
    at Object.classControllerMiddleware (C:\Users\liuqi\work\node-server\node_modules\egg-core\lib\loader\mixin\controller.js:87:20)
    at Object.callFn (C:\Users\liuqi\work\node-server\node_modules\@eggjs\router\lib\utils.js:12:21)
    at wrappedController (C:\Users\liuqi\work\node-server\node_modules\@eggjs\router\lib\egg_router.js:322:18)
    at dispatch (C:\Users\liuqi\work\node-server\node_modules\@eggjs\router\node_modules\koa-compose\index.js:44:32)
    at next (C:\Users\liuqi\work\node-server\node_modules\@eggjs\router\node_modules\koa-compose\index.js:45:18)
    at C:\Users\liuqi\work\node-server\node_modules\@eggjs\router\lib\router.js:186:18
    at dispatch (C:\Users\liuqi\work\node-server\node_modules\@eggjs\router\node_modules\koa-compose\index.js:44:32)
    at C:\Users\liuqi\work\node-server\node_modules\@eggjs\router\node_modules\koa-compose\index.js:36:12

pid: 11620
hostname: DESKTOP-BJSIQE6

2022-02-16 17:32:49,871 ERROR 6760 [-/127.0.0.1/-/7ms POST /api/posts] nodejs.TypeError: ctx.validate is not a function
    at PostController.create (C:\Users\liuqi\work\node-server\app\controller\post.js:11:7)
    at Object.callFn (C:\Users\liuqi\work\node-server\node_modules\egg-core\lib\utils\index.js:44:21)
    at Object.classControllerMiddleware (C:\Users\liuqi\work\node-server\node_modules\egg-core\lib\loader\mixin\controller.js:87:20)
    at Object.callFn (C:\Users\liuqi\work\node-server\node_modules\@eggjs\router\lib\utils.js:12:21)
    at wrappedController (C:\Users\liuqi\work\node-server\node_modules\@eggjs\router\lib\egg_router.js:322:18)
    at dispatch (C:\Users\liuqi\work\node-server\node_modules\@eggjs\router\node_modules\koa-compose\index.js:44:32)
    at next (C:\Users\liuqi\work\node-server\node_modules\@eggjs\router\node_modules\koa-compose\index.js:45:18)
    at C:\Users\liuqi\work\node-server\node_modules\@eggjs\router\lib\router.js:186:18
    at dispatch (C:\Users\liuqi\work\node-server\node_modules\@eggjs\router\node_modules\koa-compose\index.js:44:32)
    at C:\Users\liuqi\work\node-server\node_modules\@eggjs\router\node_modules\koa-compose\index.js:36:12

pid: 6760
hostname: DESKTOP-BJSIQE6

2022-02-16 17:33:44,157 ERROR 1896 [-/127.0.0.1/-/7ms POST /api/posts] nodejs.TypeError: ctx.validate is not a function
    at PostController.create (C:\Users\liuqi\work\node-server\app\controller\post.js:11:7)
    at Object.callFn (C:\Users\liuqi\work\node-server\node_modules\egg-core\lib\utils\index.js:44:21)
    at Object.classControllerMiddleware (C:\Users\liuqi\work\node-server\node_modules\egg-core\lib\loader\mixin\controller.js:87:20)
    at Object.callFn (C:\Users\liuqi\work\node-server\node_modules\@eggjs\router\lib\utils.js:12:21)
    at wrappedController (C:\Users\liuqi\work\node-server\node_modules\@eggjs\router\lib\egg_router.js:322:18)
    at dispatch (C:\Users\liuqi\work\node-server\node_modules\@eggjs\router\node_modules\koa-compose\index.js:44:32)
    at next (C:\Users\liuqi\work\node-server\node_modules\@eggjs\router\node_modules\koa-compose\index.js:45:18)
    at C:\Users\liuqi\work\node-server\node_modules\@eggjs\router\lib\router.js:186:18
    at dispatch (C:\Users\liuqi\work\node-server\node_modules\@eggjs\router\node_modules\koa-compose\index.js:44:32)
    at C:\Users\liuqi\work\node-server\node_modules\@eggjs\router\node_modules\koa-compose\index.js:36:12

pid: 1896
hostname: DESKTOP-BJSIQE6

2022-02-16 17:35:58,916 ERROR 18216 [-/127.0.0.1/-/7ms POST /api/posts] nodejs.TypeError: validate is not a function
    at PostController.create (C:\Users\liuqi\work\node-server\app\controller\post.js:11:3)
    at Object.callFn (C:\Users\liuqi\work\node-server\node_modules\egg-core\lib\utils\index.js:44:21)
    at Object.classControllerMiddleware (C:\Users\liuqi\work\node-server\node_modules\egg-core\lib\loader\mixin\controller.js:87:20)
    at Object.callFn (C:\Users\liuqi\work\node-server\node_modules\@eggjs\router\lib\utils.js:12:21)
    at wrappedController (C:\Users\liuqi\work\node-server\node_modules\@eggjs\router\lib\egg_router.js:322:18)
    at dispatch (C:\Users\liuqi\work\node-server\node_modules\@eggjs\router\node_modules\koa-compose\index.js:44:32)
    at next (C:\Users\liuqi\work\node-server\node_modules\@eggjs\router\node_modules\koa-compose\index.js:45:18)
    at C:\Users\liuqi\work\node-server\node_modules\@eggjs\router\lib\router.js:186:18
    at dispatch (C:\Users\liuqi\work\node-server\node_modules\@eggjs\router\node_modules\koa-compose\index.js:44:32)
    at C:\Users\liuqi\work\node-server\node_modules\@eggjs\router\node_modules\koa-compose\index.js:36:12

pid: 18216
hostname: DESKTOP-BJSIQE6

2022-02-16 17:36:20,302 ERROR 9252 [-/127.0.0.1/-/18ms POST /api/posts] nodejs.TypeError: validate is not a function
    at PostController.create (C:\Users\liuqi\work\node-server\app\controller\post.js:11:3)
    at Object.callFn (C:\Users\liuqi\work\node-server\node_modules\egg-core\lib\utils\index.js:44:21)
    at Object.classControllerMiddleware (C:\Users\liuqi\work\node-server\node_modules\egg-core\lib\loader\mixin\controller.js:87:20)
    at Object.callFn (C:\Users\liuqi\work\node-server\node_modules\@eggjs\router\lib\utils.js:12:21)
    at wrappedController (C:\Users\liuqi\work\node-server\node_modules\@eggjs\router\lib\egg_router.js:322:18)
    at dispatch (C:\Users\liuqi\work\node-server\node_modules\@eggjs\router\node_modules\koa-compose\index.js:44:32)
    at next (C:\Users\liuqi\work\node-server\node_modules\@eggjs\router\node_modules\koa-compose\index.js:45:18)
    at C:\Users\liuqi\work\node-server\node_modules\@eggjs\router\lib\router.js:186:18
    at dispatch (C:\Users\liuqi\work\node-server\node_modules\@eggjs\router\node_modules\koa-compose\index.js:44:32)
    at C:\Users\liuqi\work\node-server\node_modules\@eggjs\router\node_modules\koa-compose\index.js:36:12

pid: 9252
hostname: DESKTOP-BJSIQE6

2022-02-16 17:39:32,774 ERROR 19472 [-/127.0.0.1/-/7ms POST /api/posts] nodejs.TypeError: ctx.validate is not a function
    at PostController.create (C:\Users\liuqi\work\node-server\app\controller\post.js:11:7)
    at Object.callFn (C:\Users\liuqi\work\node-server\node_modules\egg-core\lib\utils\index.js:44:21)
    at Object.classControllerMiddleware (C:\Users\liuqi\work\node-server\node_modules\egg-core\lib\loader\mixin\controller.js:87:20)
    at Object.callFn (C:\Users\liuqi\work\node-server\node_modules\@eggjs\router\lib\utils.js:12:21)
    at wrappedController (C:\Users\liuqi\work\node-server\node_modules\@eggjs\router\lib\egg_router.js:322:18)
    at dispatch (C:\Users\liuqi\work\node-server\node_modules\@eggjs\router\node_modules\koa-compose\index.js:44:32)
    at next (C:\Users\liuqi\work\node-server\node_modules\@eggjs\router\node_modules\koa-compose\index.js:45:18)
    at C:\Users\liuqi\work\node-server\node_modules\@eggjs\router\lib\router.js:186:18
    at dispatch (C:\Users\liuqi\work\node-server\node_modules\@eggjs\router\node_modules\koa-compose\index.js:44:32)
    at C:\Users\liuqi\work\node-server\node_modules\@eggjs\router\node_modules\koa-compose\index.js:36:12

pid: 19472
hostname: DESKTOP-BJSIQE6

2022-02-16 17:44:20,925 ERROR 17100 [-/127.0.0.1/-/14ms POST /api/posts] nodejs.TypeError: Cannot read property 'create' of undefined
    at PostController.create (C:\Users\liuqi\work\node-server\app\controller\post.js:16:34)
    at Object.callFn (C:\Users\liuqi\work\node-server\node_modules\egg-core\lib\utils\index.js:44:21)
    at Object.classControllerMiddleware (C:\Users\liuqi\work\node-server\node_modules\egg-core\lib\loader\mixin\controller.js:87:20)
    at Object.callFn (C:\Users\liuqi\work\node-server\node_modules\@eggjs\router\lib\utils.js:12:21)
    at wrappedController (C:\Users\liuqi\work\node-server\node_modules\@eggjs\router\lib\egg_router.js:322:18)
    at dispatch (C:\Users\liuqi\work\node-server\node_modules\@eggjs\router\node_modules\koa-compose\index.js:44:32)
    at next (C:\Users\liuqi\work\node-server\node_modules\@eggjs\router\node_modules\koa-compose\index.js:45:18)
    at C:\Users\liuqi\work\node-server\node_modules\@eggjs\router\lib\router.js:186:18
    at dispatch (C:\Users\liuqi\work\node-server\node_modules\@eggjs\router\node_modules\koa-compose\index.js:44:32)
    at C:\Users\liuqi\work\node-server\node_modules\@eggjs\router\node_modules\koa-compose\index.js:36:12

pid: 17100
hostname: DESKTOP-BJSIQE6

2022-02-16 17:45:28,578 ERROR 15832 [-/127.0.0.1/-/15ms POST /api/posts] nodejs.ReferenceError: res is not defined
    at PostController.create (C:\Users\liuqi\work\node-server\app\controller\post.js:18:20)
    at Object.callFn (C:\Users\liuqi\work\node-server\node_modules\egg-core\lib\utils\index.js:44:21)
    at Object.classControllerMiddleware (C:\Users\liuqi\work\node-server\node_modules\egg-core\lib\loader\mixin\controller.js:87:20)
    at Object.callFn (C:\Users\liuqi\work\node-server\node_modules\@eggjs\router\lib\utils.js:12:21)
    at wrappedController (C:\Users\liuqi\work\node-server\node_modules\@eggjs\router\lib\egg_router.js:322:18)
    at dispatch (C:\Users\liuqi\work\node-server\node_modules\@eggjs\router\node_modules\koa-compose\index.js:44:32)
    at next (C:\Users\liuqi\work\node-server\node_modules\@eggjs\router\node_modules\koa-compose\index.js:45:18)
    at C:\Users\liuqi\work\node-server\node_modules\@eggjs\router\lib\router.js:186:18
    at dispatch (C:\Users\liuqi\work\node-server\node_modules\@eggjs\router\node_modules\koa-compose\index.js:44:32)
    at C:\Users\liuqi\work\node-server\node_modules\@eggjs\router\node_modules\koa-compose\index.js:36:12

pid: 15832
hostname: DESKTOP-BJSIQE6

2022-02-16 17:52:18,955 ERROR 9256 [-/127.0.0.1/-/6ms POST /api/wxtoken] nodejs.ReferenceError: app is not defined
    at WxController.validateToken (C:\Users\liuqi\work\node-server\app\controller\wx.js:7:21)
    at Object.callFn (C:\Users\liuqi\work\node-server\node_modules\egg-core\lib\utils\index.js:44:21)
    at Object.classControllerMiddleware (C:\Users\liuqi\work\node-server\node_modules\egg-core\lib\loader\mixin\controller.js:87:20)
    at Object.callFn (C:\Users\liuqi\work\node-server\node_modules\@eggjs\router\lib\utils.js:12:21)
    at wrappedController (C:\Users\liuqi\work\node-server\node_modules\@eggjs\router\lib\egg_router.js:322:18)
    at dispatch (C:\Users\liuqi\work\node-server\node_modules\@eggjs\router\node_modules\koa-compose\index.js:44:32)
    at next (C:\Users\liuqi\work\node-server\node_modules\@eggjs\router\node_modules\koa-compose\index.js:45:18)
    at C:\Users\liuqi\work\node-server\node_modules\@eggjs\router\lib\router.js:186:18
    at dispatch (C:\Users\liuqi\work\node-server\node_modules\@eggjs\router\node_modules\koa-compose\index.js:44:32)
    at C:\Users\liuqi\work\node-server\node_modules\@eggjs\router\node_modules\koa-compose\index.js:36:12

pid: 9256
hostname: DESKTOP-BJSIQE6

2022-02-16 17:52:56,338 ERROR 15412 nodejs.unhandledRejectionError: false
    at Application._unhandledRejectionHandler (C:\Users\liuqi\work\node-server\node_modules\egg\lib\egg.js:345:24)
    at process.emit (events.js:375:28)
    at processPromiseRejections (internal/process/promises.js:245:33)
    at processTicksAndRejections (internal/process/task_queues.js:96:32)
name: "unhandledRejectionError"
pid: 15412
hostname: DESKTOP-BJSIQE6

2022-02-16 17:56:33,549 ERROR 19132 nodejs.unhandledRejectionError: false
    at Application._unhandledRejectionHandler (C:\Users\liuqi\work\node-server\node_modules\egg\lib\egg.js:345:24)
    at process.emit (events.js:375:28)
    at processPromiseRejections (internal/process/promises.js:245:33)
    at processTicksAndRejections (internal/process/task_queues.js:96:32)
name: "unhandledRejectionError"
pid: 19132
hostname: DESKTOP-BJSIQE6

2022-02-16 18:44:03,776 ERROR 18952 nodejs.ClusterClientNoResponseError: client no response in 193323ms exceeding maxIdleTime 60000ms, maybe the connection is close on other side.
    at Timeout._onTimeout (C:\Users\liuqi\work\node-server\node_modules\cluster-client\lib\leader.js:77:23)
    at listOnTimeout (internal/timers.js:557:17)
    at processTimers (internal/timers.js:500:7)
name: "ClusterClientNoResponseError"
pid: 18952
hostname: DESKTOP-BJSIQE6

2022-02-16 18:44:36,067 ERROR 19132 nodejs.unhandledRejectionError: false
    at Application._unhandledRejectionHandler (C:\Users\liuqi\work\node-server\node_modules\egg\lib\egg.js:345:24)
    at process.emit (events.js:375:28)
    at processPromiseRejections (internal/process/promises.js:245:33)
    at processTicksAndRejections (internal/process/task_queues.js:96:32)
name: "unhandledRejectionError"
pid: 19132
hostname: DESKTOP-BJSIQE6

2022-02-16 18:45:00,080 ERROR 7248 nodejs.unhandledRejectionError: false
    at Application._unhandledRejectionHandler (C:\Users\liuqi\work\node-server\node_modules\egg\lib\egg.js:345:24)
    at process.emit (events.js:375:28)
    at processPromiseRejections (internal/process/promises.js:245:33)
    at processTicksAndRejections (internal/process/task_queues.js:96:32)
name: "unhandledRejectionError"
pid: 7248
hostname: DESKTOP-BJSIQE6

2022-02-16 18:48:54,081 ERROR 11352 nodejs.unhandledRejectionError: false
    at Application._unhandledRejectionHandler (C:\Users\liuqi\work\node-server\node_modules\egg\lib\egg.js:345:24)
    at process.emit (events.js:375:28)
    at processPromiseRejections (internal/process/promises.js:245:33)
    at processTicksAndRejections (internal/process/task_queues.js:96:32)
name: "unhandledRejectionError"
pid: 11352
hostname: DESKTOP-BJSIQE6

2022-02-16 18:49:01,264 ERROR 4000 nodejs.unhandledRejectionError: false
    at Application._unhandledRejectionHandler (C:\Users\liuqi\work\node-server\node_modules\egg\lib\egg.js:345:24)
    at process.emit (events.js:375:28)
    at processPromiseRejections (internal/process/promises.js:245:33)
    at processTicksAndRejections (internal/process/task_queues.js:96:32)
name: "unhandledRejectionError"
pid: 4000
hostname: DESKTOP-BJSIQE6

2022-02-16 18:49:10,877 ERROR 14988 nodejs.unhandledRejectionError: false
    at Application._unhandledRejectionHandler (C:\Users\liuqi\work\node-server\node_modules\egg\lib\egg.js:345:24)
    at process.emit (events.js:375:28)
    at processPromiseRejections (internal/process/promises.js:245:33)
    at processTicksAndRejections (internal/process/task_queues.js:96:32)
name: "unhandledRejectionError"
pid: 14988
hostname: DESKTOP-BJSIQE6

2022-02-21 16:26:07,057 ERROR 9768 [-/127.0.0.1/-/12ms POST /posts] nodejs.ReferenceError: crypto is not defined
    at WxController.check (C:\Users\liuqi\work\node-server\app\controller\wx.js:20:20)
    at WxController.index (C:\Users\liuqi\work\node-server\app\controller\wx.js:11:18)
    at Object.callFn (C:\Users\liuqi\work\node-server\node_modules\egg-core\lib\utils\index.js:44:21)
    at Object.classControllerMiddleware (C:\Users\liuqi\work\node-server\node_modules\egg-core\lib\loader\mixin\controller.js:87:20)
    at Object.callFn (C:\Users\liuqi\work\node-server\node_modules\@eggjs\router\lib\utils.js:12:21)
    at wrappedController (C:\Users\liuqi\work\node-server\node_modules\@eggjs\router\lib\egg_router.js:322:18)
    at dispatch (C:\Users\liuqi\work\node-server\node_modules\@eggjs\router\node_modules\koa-compose\index.js:44:32)
    at next (C:\Users\liuqi\work\node-server\node_modules\@eggjs\router\node_modules\koa-compose\index.js:45:18)
    at C:\Users\liuqi\work\node-server\node_modules\@eggjs\router\lib\router.js:186:18
    at dispatch (C:\Users\liuqi\work\node-server\node_modules\@eggjs\router\node_modules\koa-compose\index.js:44:32)

pid: 9768
hostname: DESKTOP-BJSIQE6

2022-02-21 16:26:39,457 ERROR 10036 [-/127.0.0.1/-/11ms POST /api/wxtoken] nodejs.ReferenceError: crypto is not defined
    at WxController.check (C:\Users\liuqi\work\node-server\app\controller\wx.js:20:20)
    at WxController.index (C:\Users\liuqi\work\node-server\app\controller\wx.js:11:18)
    at Object.callFn (C:\Users\liuqi\work\node-server\node_modules\egg-core\lib\utils\index.js:44:21)
    at Object.classControllerMiddleware (C:\Users\liuqi\work\node-server\node_modules\egg-core\lib\loader\mixin\controller.js:87:20)
    at Object.callFn (C:\Users\liuqi\work\node-server\node_modules\@eggjs\router\lib\utils.js:12:21)
    at wrappedController (C:\Users\liuqi\work\node-server\node_modules\@eggjs\router\lib\egg_router.js:322:18)
    at dispatch (C:\Users\liuqi\work\node-server\node_modules\@eggjs\router\node_modules\koa-compose\index.js:44:32)
    at next (C:\Users\liuqi\work\node-server\node_modules\@eggjs\router\node_modules\koa-compose\index.js:45:18)
    at C:\Users\liuqi\work\node-server\node_modules\@eggjs\router\lib\router.js:186:18
    at dispatch (C:\Users\liuqi\work\node-server\node_modules\@eggjs\router\node_modules\koa-compose\index.js:44:32)

pid: 10036
hostname: DESKTOP-BJSIQE6

2022-02-21 16:28:01,996 ERROR 16444 [-/127.0.0.1/-/12ms POST /api/wxtoken] nodejs.ReferenceError: crypto is not defined
    at WxController.check (C:\Users\liuqi\work\node-server\app\controller\wx.js:20:20)
    at WxController.index (C:\Users\liuqi\work\node-server\app\controller\wx.js:11:18)
    at Object.callFn (C:\Users\liuqi\work\node-server\node_modules\egg-core\lib\utils\index.js:44:21)
    at Object.classControllerMiddleware (C:\Users\liuqi\work\node-server\node_modules\egg-core\lib\loader\mixin\controller.js:87:20)
    at Object.callFn (C:\Users\liuqi\work\node-server\node_modules\@eggjs\router\lib\utils.js:12:21)
    at wrappedController (C:\Users\liuqi\work\node-server\node_modules\@eggjs\router\lib\egg_router.js:322:18)
    at dispatch (C:\Users\liuqi\work\node-server\node_modules\@eggjs\router\node_modules\koa-compose\index.js:44:32)
    at next (C:\Users\liuqi\work\node-server\node_modules\@eggjs\router\node_modules\koa-compose\index.js:45:18)
    at C:\Users\liuqi\work\node-server\node_modules\@eggjs\router\lib\router.js:186:18
    at dispatch (C:\Users\liuqi\work\node-server\node_modules\@eggjs\router\node_modules\koa-compose\index.js:44:32)

pid: 16444
hostname: DESKTOP-BJSIQE6

2022-02-21 16:47:47,931 ERROR 11952 [-/127.0.0.1/-/12ms POST /api/wxtoken] nodejs.ReferenceError: crypto is not defined
    at WxController.check (C:\Users\liuqi\work\node-server\app\controller\wx.js:20:20)
    at WxController.index (C:\Users\liuqi\work\node-server\app\controller\wx.js:11:18)
    at Object.callFn (C:\Users\liuqi\work\node-server\node_modules\egg-core\lib\utils\index.js:44:21)
    at Object.classControllerMiddleware (C:\Users\liuqi\work\node-server\node_modules\egg-core\lib\loader\mixin\controller.js:87:20)
    at Object.callFn (C:\Users\liuqi\work\node-server\node_modules\@eggjs\router\lib\utils.js:12:21)
    at wrappedController (C:\Users\liuqi\work\node-server\node_modules\@eggjs\router\lib\egg_router.js:322:18)
    at dispatch (C:\Users\liuqi\work\node-server\node_modules\@eggjs\router\node_modules\koa-compose\index.js:44:32)
    at next (C:\Users\liuqi\work\node-server\node_modules\@eggjs\router\node_modules\koa-compose\index.js:45:18)
    at C:\Users\liuqi\work\node-server\node_modules\@eggjs\router\lib\router.js:186:18
    at dispatch (C:\Users\liuqi\work\node-server\node_modules\@eggjs\router\node_modules\koa-compose\index.js:44:32)

pid: 11952
hostname: DESKTOP-BJSIQE6

2022-02-22 09:52:28,882 ERROR 24556 [-/127.0.0.1/-/5ms GET /api/wxsign] nodejs.MODULE_NOT_FOUNDError: Cannot find module '../config/accessToken.json'
Require stack:
- C:\Users\liuqi\work\node-server\app\controller\wx.js
- C:\Users\liuqi\work\node-server\node_modules\egg-core\lib\utils\index.js
- C:\Users\liuqi\work\node-server\node_modules\egg-core\lib\egg.js
- C:\Users\liuqi\work\node-server\node_modules\egg-core\index.js
- C:\Users\liuqi\work\node-server\node_modules\egg\lib\application.js
- C:\Users\liuqi\work\node-server\node_modules\egg\index.js
- C:\Users\liuqi\work\node-server\node_modules\egg-cluster\lib\app_worker.js
Require stack:
- C:\Users\liuqi\work\node-server\app\controller\wx.js
- C:\Users\liuqi\work\node-server\node_modules\egg-core\lib\utils\index.js
- C:\Users\liuqi\work\node-server\node_modules\egg-core\lib\egg.js
- C:\Users\liuqi\work\node-server\node_modules\egg-core\index.js
- C:\Users\liuqi\work\node-server\node_modules\egg\lib\application.js
- C:\Users\liuqi\work\node-server\node_modules\egg\index.js
- C:\Users\liuqi\work\node-server\node_modules\egg-cluster\lib\app_worker.js
    at Function.Module._resolveFilename (internal/modules/cjs/loader.js:902:15)
    at Function.Module._load (internal/modules/cjs/loader.js:746:27)
    at Module.require (internal/modules/cjs/loader.js:974:19)
    at require (internal/modules/cjs/helpers.js:92:18)
    at C:\Users\liuqi\work\node-server\app\controller\wx.js:31:21
    at new Promise (<anonymous>)
    at getAccessToken (C:\Users\liuqi\work\node-server\app\controller\wx.js:29:9)
    at WxController.sign (C:\Users\liuqi\work\node-server\app\controller\wx.js:104:27)
    at Object.callFn (C:\Users\liuqi\work\node-server\node_modules\egg-core\lib\utils\index.js:44:21)
    at Object.classControllerMiddleware (C:\Users\liuqi\work\node-server\node_modules\egg-core\lib\loader\mixin\controller.js:87:20)
code: "MODULE_NOT_FOUND"
requireStack: ["C:\\Users\\liuqi\\work\\node-server\\app\\controller\\wx.js","C:\\Users\\liuqi\\work\\node-server\\node_modules\\egg-core\\lib\\utils\\index.js","C:\\Users\\liuqi\\work\\node-server\\node_modules\\egg-core\\lib\\egg.js","C:\\Users\\liuqi\\work\\node-server\\node_modules\\egg-core\\index.js","C:\\Users\\liuqi\\work\\node-server\\node_modules\\egg\\lib\\application.js","C:\\Users\\liuqi\\work\\node-server\\node_modules\\egg\\index.js","C:\\Users\\liuqi\\work\\node-server\\node_modules\\egg-cluster\\lib\\app_worker.js"]
name: "MODULE_NOT_FOUNDError"
pid: 24556
hostname: DESKTOP-BJSIQE6

2022-02-22 10:03:44,318 ERROR 2576 [-/127.0.0.1/-/5ms GET /api/wxsign] nodejs.MODULE_NOT_FOUNDError: Cannot find module '../config/accessToken.json'
Require stack:
- C:\Users\liuqi\work\node-server\app\controller\wx.js
- C:\Users\liuqi\work\node-server\node_modules\egg-core\lib\utils\index.js
- C:\Users\liuqi\work\node-server\node_modules\egg-core\lib\egg.js
- C:\Users\liuqi\work\node-server\node_modules\egg-core\index.js
- C:\Users\liuqi\work\node-server\node_modules\egg\lib\application.js
- C:\Users\liuqi\work\node-server\node_modules\egg\index.js
- C:\Users\liuqi\work\node-server\node_modules\egg-cluster\lib\app_worker.js
Require stack:
- C:\Users\liuqi\work\node-server\app\controller\wx.js
- C:\Users\liuqi\work\node-server\node_modules\egg-core\lib\utils\index.js
- C:\Users\liuqi\work\node-server\node_modules\egg-core\lib\egg.js
- C:\Users\liuqi\work\node-server\node_modules\egg-core\index.js
- C:\Users\liuqi\work\node-server\node_modules\egg\lib\application.js
- C:\Users\liuqi\work\node-server\node_modules\egg\index.js
- C:\Users\liuqi\work\node-server\node_modules\egg-cluster\lib\app_worker.js
    at Function.Module._resolveFilename (internal/modules/cjs/loader.js:902:15)
    at Function.Module._load (internal/modules/cjs/loader.js:746:27)
    at Module.require (internal/modules/cjs/loader.js:974:19)
    at require (internal/modules/cjs/helpers.js:92:18)
    at C:\Users\liuqi\work\node-server\app\controller\wx.js:33:21
    at new Promise (<anonymous>)
    at getAccessToken (C:\Users\liuqi\work\node-server\app\controller\wx.js:31:9)
    at WxController.sign (C:\Users\liuqi\work\node-server\app\controller\wx.js:106:27)
    at Object.callFn (C:\Users\liuqi\work\node-server\node_modules\egg-core\lib\utils\index.js:44:21)
    at Object.classControllerMiddleware (C:\Users\liuqi\work\node-server\node_modules\egg-core\lib\loader\mixin\controller.js:87:20)
code: "MODULE_NOT_FOUND"
requireStack: ["C:\\Users\\liuqi\\work\\node-server\\app\\controller\\wx.js","C:\\Users\\liuqi\\work\\node-server\\node_modules\\egg-core\\lib\\utils\\index.js","C:\\Users\\liuqi\\work\\node-server\\node_modules\\egg-core\\lib\\egg.js","C:\\Users\\liuqi\\work\\node-server\\node_modules\\egg-core\\index.js","C:\\Users\\liuqi\\work\\node-server\\node_modules\\egg\\lib\\application.js","C:\\Users\\liuqi\\work\\node-server\\node_modules\\egg\\index.js","C:\\Users\\liuqi\\work\\node-server\\node_modules\\egg-cluster\\lib\\app_worker.js"]
name: "MODULE_NOT_FOUNDError"
pid: 2576
hostname: DESKTOP-BJSIQE6

2022-02-22 10:04:32,258 ERROR 10320 [-/127.0.0.1/-/5ms GET /api/wxsign] nodejs.SyntaxError: C:\Users\liuqi\work\node-server\config\wxConfig\accessToken.json: Unexpected end of JSON input
    at parse (<anonymous>)
    at Object.Module._extensions..json (internal/modules/cjs/loader.js:1128:22)
    at Module.load (internal/modules/cjs/loader.js:950:32)
    at Function.Module._load (internal/modules/cjs/loader.js:790:14)
    at Module.require (internal/modules/cjs/loader.js:974:19)
    at require (internal/modules/cjs/helpers.js:92:18)
    at C:\Users\liuqi\work\node-server\app\controller\wx.js:34:21
    at new Promise (<anonymous>)
    at getAccessToken (C:\Users\liuqi\work\node-server\app\controller\wx.js:32:9)
    at WxController.sign (C:\Users\liuqi\work\node-server\app\controller\wx.js:107:27)

pid: 10320
hostname: DESKTOP-BJSIQE6

2022-02-22 11:09:23,174 ERROR 7092 [-/127.0.0.1/-/4ms GET /api/wxsign] nodejs.SyntaxError: C:\Users\liuqi\work\node-server\config\wxConfig\accessToken.json: Unexpected end of JSON input
    at parse (<anonymous>)
    at Object.Module._extensions..json (internal/modules/cjs/loader.js:1128:22)
    at Module.load (internal/modules/cjs/loader.js:950:32)
    at Function.Module._load (internal/modules/cjs/loader.js:790:14)
    at Module.require (internal/modules/cjs/loader.js:974:19)
    at require (internal/modules/cjs/helpers.js:92:18)
    at C:\Users\liuqi\work\node-server\app\controller\wx.js:34:21
    at new Promise (<anonymous>)
    at getAccessToken (C:\Users\liuqi\work\node-server\app\controller\wx.js:32:9)
    at WxController.sign (C:\Users\liuqi\work\node-server\app\controller\wx.js:111:27)

pid: 7092
hostname: DESKTOP-BJSIQE6

2022-02-22 11:12:15,292 ERROR 23156 [-/127.0.0.1/-/5ms GET /api/wxsign] nodejs.SyntaxError: C:\Users\liuqi\work\node-server\config\wxConfig\accessToken.json: Unexpected end of JSON input
    at parse (<anonymous>)
    at Object.Module._extensions..json (internal/modules/cjs/loader.js:1128:22)
    at Module.load (internal/modules/cjs/loader.js:950:32)
    at Function.Module._load (internal/modules/cjs/loader.js:790:14)
    at Module.require (internal/modules/cjs/loader.js:974:19)
    at require (internal/modules/cjs/helpers.js:92:18)
    at C:\Users\liuqi\work\node-server\app\controller\wx.js:35:21
    at new Promise (<anonymous>)
    at getAccessToken (C:\Users\liuqi\work\node-server\app\controller\wx.js:32:9)
    at WxController.sign (C:\Users\liuqi\work\node-server\app\controller\wx.js:112:27)

pid: 23156
hostname: DESKTOP-BJSIQE6

2022-02-22 11:13:29,033 ERROR 7860 [-/127.0.0.1/-/5ms GET /api/wxsign] nodejs.SyntaxError: C:\Users\liuqi\work\node-server\config\wxConfig\accessToken.json: Unexpected end of JSON input
    at parse (<anonymous>)
    at Object.Module._extensions..json (internal/modules/cjs/loader.js:1128:22)
    at Module.load (internal/modules/cjs/loader.js:950:32)
    at Function.Module._load (internal/modules/cjs/loader.js:790:14)
    at Module.require (internal/modules/cjs/loader.js:974:19)
    at require (internal/modules/cjs/helpers.js:92:18)
    at C:\Users\liuqi\work\node-server\app\controller\wx.js:35:21
    at new Promise (<anonymous>)
    at getAccessToken (C:\Users\liuqi\work\node-server\app\controller\wx.js:32:9)
    at WxController.sign (C:\Users\liuqi\work\node-server\app\controller\wx.js:112:27)

pid: 7860
hostname: DESKTOP-BJSIQE6

2022-02-23 09:27:20,859 ERROR 14164 [-/undefined/-/21043ms GET /news] nodejs.RequestError: connect ETIMEDOUT 35.201.97.85:443, GET https://hacker-news.firebaseio.com/v0/topstories.json -1 (connected: false, keepalive socket: false, agent status: {"createSocketCount":61,"createSocketErrorCount":0,"closeSocketCount":60,"errorSocketCount":1,"timeoutSocketCount":60,"requestCount":62,"freeSockets":{},"sockets":{"hacker-news.firebaseio.com:443:::::::::::::::::::::":1},"requests":{}}, socketHandledRequests: 1, socketHandledResponses: 0)
headers: {}
    at TCPConnectWrap.afterConnect [as oncomplete] (net.js:1148:16)
errno: -4039
code: "ETIMEDOUT"
syscall: "connect"
address: "35.201.97.85"
port: 443
name: "RequestError"
data: undefined
path: "/v0/topstories.json?orderBy=%22%24key%22&startAt=%220%22&endAt=%2229%22"
status: -1
headers: {}
res: {"status":-1,"statusCode":-1,"statusMessage":null,"headers":{},"size":0,"aborted":false,"rt":21039,"keepAliveSocket":false,"requestUrls":["https://hacker-news.firebaseio.com/v0/topstories.json"],"timing":null,"remoteAddress":"35.201.97.85","remotePort":"","socketHandledRequests":1,"socketHandledResponses":0}
headerSent: true
pid: 14164
hostname: DESKTOP-BJSIQE6

2022-02-23 11:08:47,879 ERROR 23448 [-/192.168.11.186/-/12ms GET /api/wechat/config] nodejs.MODULE_NOT_FOUNDError: Cannot find module '../../config/wxConfig/accessToken.json'
Require stack:
- C:\Users\liuqi\work\node-server\app\controller\wechat\config.js
- C:\Users\liuqi\work\node-server\node_modules\egg-core\lib\utils\index.js
- C:\Users\liuqi\work\node-server\node_modules\egg-core\lib\egg.js
- C:\Users\liuqi\work\node-server\node_modules\egg-core\index.js
- C:\Users\liuqi\work\node-server\node_modules\egg\lib\application.js
- C:\Users\liuqi\work\node-server\node_modules\egg\index.js
- C:\Users\liuqi\work\node-server\node_modules\egg-cluster\lib\app_worker.js
Require stack:
- C:\Users\liuqi\work\node-server\app\controller\wechat\config.js
- C:\Users\liuqi\work\node-server\node_modules\egg-core\lib\utils\index.js
- C:\Users\liuqi\work\node-server\node_modules\egg-core\lib\egg.js
- C:\Users\liuqi\work\node-server\node_modules\egg-core\index.js
- C:\Users\liuqi\work\node-server\node_modules\egg\lib\application.js
- C:\Users\liuqi\work\node-server\node_modules\egg\index.js
- C:\Users\liuqi\work\node-server\node_modules\egg-cluster\lib\app_worker.js
    at Function.Module._resolveFilename (internal/modules/cjs/loader.js:902:15)
    at Function.Module._load (internal/modules/cjs/loader.js:746:27)
    at Module.require (internal/modules/cjs/loader.js:974:19)
    at require (internal/modules/cjs/helpers.js:92:18)
    at C:\Users\liuqi\work\node-server\app\controller\wechat\config.js:34:21
    at new Promise (<anonymous>)
    at getAccessToken (C:\Users\liuqi\work\node-server\app\controller\wechat\config.js:32:9)
    at WxConfigController.index (C:\Users\liuqi\work\node-server\app\controller\wechat\config.js:84:29)
    at Object.callFn (C:\Users\liuqi\work\node-server\node_modules\egg-core\lib\utils\index.js:44:21)
    at Object.classControllerMiddleware (C:\Users\liuqi\work\node-server\node_modules\egg-core\lib\loader\mixin\controller.js:87:20)
code: "MODULE_NOT_FOUND"
requireStack: ["C:\\Users\\liuqi\\work\\node-server\\app\\controller\\wechat\\config.js","C:\\Users\\liuqi\\work\\node-server\\node_modules\\egg-core\\lib\\utils\\index.js","C:\\Users\\liuqi\\work\\node-server\\node_modules\\egg-core\\lib\\egg.js","C:\\Users\\liuqi\\work\\node-server\\node_modules\\egg-core\\index.js","C:\\Users\\liuqi\\work\\node-server\\node_modules\\egg\\lib\\application.js","C:\\Users\\liuqi\\work\\node-server\\node_modules\\egg\\index.js","C:\\Users\\liuqi\\work\\node-server\\node_modules\\egg-cluster\\lib\\app_worker.js"]
headers: {"Access-Control-Allow-Origin":"http://192.168.11.186:3000","vary":"Origin"}
name: "MODULE_NOT_FOUNDError"
pid: 23448
hostname: DESKTOP-BJSIQE6

2022-02-23 11:09:06,051 ERROR 23448 [-/192.168.11.186/-/2ms GET /api/wechat/config] nodejs.MODULE_NOT_FOUNDError: Cannot find module '../../config/wxConfig/accessToken.json'
Require stack:
- C:\Users\liuqi\work\node-server\app\controller\wechat\config.js
- C:\Users\liuqi\work\node-server\node_modules\egg-core\lib\utils\index.js
- C:\Users\liuqi\work\node-server\node_modules\egg-core\lib\egg.js
- C:\Users\liuqi\work\node-server\node_modules\egg-core\index.js
- C:\Users\liuqi\work\node-server\node_modules\egg\lib\application.js
- C:\Users\liuqi\work\node-server\node_modules\egg\index.js
- C:\Users\liuqi\work\node-server\node_modules\egg-cluster\lib\app_worker.js
Require stack:
- C:\Users\liuqi\work\node-server\app\controller\wechat\config.js
- C:\Users\liuqi\work\node-server\node_modules\egg-core\lib\utils\index.js
- C:\Users\liuqi\work\node-server\node_modules\egg-core\lib\egg.js
- C:\Users\liuqi\work\node-server\node_modules\egg-core\index.js
- C:\Users\liuqi\work\node-server\node_modules\egg\lib\application.js
- C:\Users\liuqi\work\node-server\node_modules\egg\index.js
- C:\Users\liuqi\work\node-server\node_modules\egg-cluster\lib\app_worker.js
    at Function.Module._resolveFilename (internal/modules/cjs/loader.js:902:15)
    at Function.Module._load (internal/modules/cjs/loader.js:746:27)
    at Module.require (internal/modules/cjs/loader.js:974:19)
    at require (internal/modules/cjs/helpers.js:92:18)
    at C:\Users\liuqi\work\node-server\app\controller\wechat\config.js:34:21
    at new Promise (<anonymous>)
    at getAccessToken (C:\Users\liuqi\work\node-server\app\controller\wechat\config.js:32:9)
    at WxConfigController.index (C:\Users\liuqi\work\node-server\app\controller\wechat\config.js:84:29)
    at Object.callFn (C:\Users\liuqi\work\node-server\node_modules\egg-core\lib\utils\index.js:44:21)
    at Object.classControllerMiddleware (C:\Users\liuqi\work\node-server\node_modules\egg-core\lib\loader\mixin\controller.js:87:20)
code: "MODULE_NOT_FOUND"
requireStack: ["C:\\Users\\liuqi\\work\\node-server\\app\\controller\\wechat\\config.js","C:\\Users\\liuqi\\work\\node-server\\node_modules\\egg-core\\lib\\utils\\index.js","C:\\Users\\liuqi\\work\\node-server\\node_modules\\egg-core\\lib\\egg.js","C:\\Users\\liuqi\\work\\node-server\\node_modules\\egg-core\\index.js","C:\\Users\\liuqi\\work\\node-server\\node_modules\\egg\\lib\\application.js","C:\\Users\\liuqi\\work\\node-server\\node_modules\\egg\\index.js","C:\\Users\\liuqi\\work\\node-server\\node_modules\\egg-cluster\\lib\\app_worker.js"]
headers: {"Access-Control-Allow-Origin":"http://192.168.11.186:3000","vary":"Origin"}
name: "MODULE_NOT_FOUNDError"
pid: 23448
hostname: DESKTOP-BJSIQE6

2022-02-23 11:09:18,347 ERROR 23448 [-/192.168.11.186/-/2ms GET /api/wechat/config] nodejs.MODULE_NOT_FOUNDError: Cannot find module '../../config/wxConfig/accessToken.json'
Require stack:
- C:\Users\liuqi\work\node-server\app\controller\wechat\config.js
- C:\Users\liuqi\work\node-server\node_modules\egg-core\lib\utils\index.js
- C:\Users\liuqi\work\node-server\node_modules\egg-core\lib\egg.js
- C:\Users\liuqi\work\node-server\node_modules\egg-core\index.js
- C:\Users\liuqi\work\node-server\node_modules\egg\lib\application.js
- C:\Users\liuqi\work\node-server\node_modules\egg\index.js
- C:\Users\liuqi\work\node-server\node_modules\egg-cluster\lib\app_worker.js
Require stack:
- C:\Users\liuqi\work\node-server\app\controller\wechat\config.js
- C:\Users\liuqi\work\node-server\node_modules\egg-core\lib\utils\index.js
- C:\Users\liuqi\work\node-server\node_modules\egg-core\lib\egg.js
- C:\Users\liuqi\work\node-server\node_modules\egg-core\index.js
- C:\Users\liuqi\work\node-server\node_modules\egg\lib\application.js
- C:\Users\liuqi\work\node-server\node_modules\egg\index.js
- C:\Users\liuqi\work\node-server\node_modules\egg-cluster\lib\app_worker.js
    at Function.Module._resolveFilename (internal/modules/cjs/loader.js:902:15)
    at Function.Module._load (internal/modules/cjs/loader.js:746:27)
    at Module.require (internal/modules/cjs/loader.js:974:19)
    at require (internal/modules/cjs/helpers.js:92:18)
    at C:\Users\liuqi\work\node-server\app\controller\wechat\config.js:34:21
    at new Promise (<anonymous>)
    at getAccessToken (C:\Users\liuqi\work\node-server\app\controller\wechat\config.js:32:9)
    at WxConfigController.index (C:\Users\liuqi\work\node-server\app\controller\wechat\config.js:84:29)
    at Object.callFn (C:\Users\liuqi\work\node-server\node_modules\egg-core\lib\utils\index.js:44:21)
    at Object.classControllerMiddleware (C:\Users\liuqi\work\node-server\node_modules\egg-core\lib\loader\mixin\controller.js:87:20)
code: "MODULE_NOT_FOUND"
requireStack: ["C:\\Users\\liuqi\\work\\node-server\\app\\controller\\wechat\\config.js","C:\\Users\\liuqi\\work\\node-server\\node_modules\\egg-core\\lib\\utils\\index.js","C:\\Users\\liuqi\\work\\node-server\\node_modules\\egg-core\\lib\\egg.js","C:\\Users\\liuqi\\work\\node-server\\node_modules\\egg-core\\index.js","C:\\Users\\liuqi\\work\\node-server\\node_modules\\egg\\lib\\application.js","C:\\Users\\liuqi\\work\\node-server\\node_modules\\egg\\index.js","C:\\Users\\liuqi\\work\\node-server\\node_modules\\egg-cluster\\lib\\app_worker.js"]
name: "MODULE_NOT_FOUNDError"
pid: 23448
hostname: DESKTOP-BJSIQE6

2022-02-23 11:11:01,248 ERROR 13236 [-/192.168.11.186/-/8ms GET /api/wechat/config] nodejs.MODULE_NOT_FOUNDError: Cannot find module '../../config/wxConfig/accessToken.json'
Require stack:
- C:\Users\liuqi\work\node-server\app\controller\wechat\getConfig.js
- C:\Users\liuqi\work\node-server\node_modules\egg-core\lib\utils\index.js
- C:\Users\liuqi\work\node-server\node_modules\egg-core\lib\egg.js
- C:\Users\liuqi\work\node-server\node_modules\egg-core\index.js
- C:\Users\liuqi\work\node-server\node_modules\egg\lib\application.js
- C:\Users\liuqi\work\node-server\node_modules\egg\index.js
- C:\Users\liuqi\work\node-server\node_modules\egg-cluster\lib\app_worker.js
Require stack:
- C:\Users\liuqi\work\node-server\app\controller\wechat\getConfig.js
- C:\Users\liuqi\work\node-server\node_modules\egg-core\lib\utils\index.js
- C:\Users\liuqi\work\node-server\node_modules\egg-core\lib\egg.js
- C:\Users\liuqi\work\node-server\node_modules\egg-core\index.js
- C:\Users\liuqi\work\node-server\node_modules\egg\lib\application.js
- C:\Users\liuqi\work\node-server\node_modules\egg\index.js
- C:\Users\liuqi\work\node-server\node_modules\egg-cluster\lib\app_worker.js
    at Function.Module._resolveFilename (internal/modules/cjs/loader.js:902:15)
    at Function.Module._load (internal/modules/cjs/loader.js:746:27)
    at Module.require (internal/modules/cjs/loader.js:974:19)
    at require (internal/modules/cjs/helpers.js:92:18)
    at C:\Users\liuqi\work\node-server\app\controller\wechat\getConfig.js:34:21
    at new Promise (<anonymous>)
    at getAccessToken (C:\Users\liuqi\work\node-server\app\controller\wechat\getConfig.js:32:9)
    at WxGetConfigController.index (C:\Users\liuqi\work\node-server\app\controller\wechat\getConfig.js:84:29)
    at Object.callFn (C:\Users\liuqi\work\node-server\node_modules\egg-core\lib\utils\index.js:44:21)
    at Object.classControllerMiddleware (C:\Users\liuqi\work\node-server\node_modules\egg-core\lib\loader\mixin\controller.js:87:20)
code: "MODULE_NOT_FOUND"
requireStack: ["C:\\Users\\liuqi\\work\\node-server\\app\\controller\\wechat\\getConfig.js","C:\\Users\\liuqi\\work\\node-server\\node_modules\\egg-core\\lib\\utils\\index.js","C:\\Users\\liuqi\\work\\node-server\\node_modules\\egg-core\\lib\\egg.js","C:\\Users\\liuqi\\work\\node-server\\node_modules\\egg-core\\index.js","C:\\Users\\liuqi\\work\\node-server\\node_modules\\egg\\lib\\application.js","C:\\Users\\liuqi\\work\\node-server\\node_modules\\egg\\index.js","C:\\Users\\liuqi\\work\\node-server\\node_modules\\egg-cluster\\lib\\app_worker.js"]
name: "MODULE_NOT_FOUNDError"
pid: 13236
hostname: DESKTOP-BJSIQE6

2022-02-23 11:11:02,771 ERROR 13236 [-/192.168.11.186/-/2ms GET /api/wechat/config] nodejs.MODULE_NOT_FOUNDError: Cannot find module '../../config/wxConfig/accessToken.json'
Require stack:
- C:\Users\liuqi\work\node-server\app\controller\wechat\getConfig.js
- C:\Users\liuqi\work\node-server\node_modules\egg-core\lib\utils\index.js
- C:\Users\liuqi\work\node-server\node_modules\egg-core\lib\egg.js
- C:\Users\liuqi\work\node-server\node_modules\egg-core\index.js
- C:\Users\liuqi\work\node-server\node_modules\egg\lib\application.js
- C:\Users\liuqi\work\node-server\node_modules\egg\index.js
- C:\Users\liuqi\work\node-server\node_modules\egg-cluster\lib\app_worker.js
Require stack:
- C:\Users\liuqi\work\node-server\app\controller\wechat\getConfig.js
- C:\Users\liuqi\work\node-server\node_modules\egg-core\lib\utils\index.js
- C:\Users\liuqi\work\node-server\node_modules\egg-core\lib\egg.js
- C:\Users\liuqi\work\node-server\node_modules\egg-core\index.js
- C:\Users\liuqi\work\node-server\node_modules\egg\lib\application.js
- C:\Users\liuqi\work\node-server\node_modules\egg\index.js
- C:\Users\liuqi\work\node-server\node_modules\egg-cluster\lib\app_worker.js
    at Function.Module._resolveFilename (internal/modules/cjs/loader.js:902:15)
    at Function.Module._load (internal/modules/cjs/loader.js:746:27)
    at Module.require (internal/modules/cjs/loader.js:974:19)
    at require (internal/modules/cjs/helpers.js:92:18)
    at C:\Users\liuqi\work\node-server\app\controller\wechat\getConfig.js:34:21
    at new Promise (<anonymous>)
    at getAccessToken (C:\Users\liuqi\work\node-server\app\controller\wechat\getConfig.js:32:9)
    at WxGetConfigController.index (C:\Users\liuqi\work\node-server\app\controller\wechat\getConfig.js:84:29)
    at Object.callFn (C:\Users\liuqi\work\node-server\node_modules\egg-core\lib\utils\index.js:44:21)
    at Object.classControllerMiddleware (C:\Users\liuqi\work\node-server\node_modules\egg-core\lib\loader\mixin\controller.js:87:20)
code: "MODULE_NOT_FOUND"
requireStack: ["C:\\Users\\liuqi\\work\\node-server\\app\\controller\\wechat\\getConfig.js","C:\\Users\\liuqi\\work\\node-server\\node_modules\\egg-core\\lib\\utils\\index.js","C:\\Users\\liuqi\\work\\node-server\\node_modules\\egg-core\\lib\\egg.js","C:\\Users\\liuqi\\work\\node-server\\node_modules\\egg-core\\index.js","C:\\Users\\liuqi\\work\\node-server\\node_modules\\egg\\lib\\application.js","C:\\Users\\liuqi\\work\\node-server\\node_modules\\egg\\index.js","C:\\Users\\liuqi\\work\\node-server\\node_modules\\egg-cluster\\lib\\app_worker.js"]
name: "MODULE_NOT_FOUNDError"
pid: 13236
hostname: DESKTOP-BJSIQE6

2022-02-23 11:11:11,584 ERROR 2132 [-/192.168.11.186/-/8ms GET /api/wechat/config2] nodejs.MODULE_NOT_FOUNDError: Cannot find module '../../config/wxConfig/accessToken.json'
Require stack:
- C:\Users\liuqi\work\node-server\app\controller\wechat\getConfig.js
- C:\Users\liuqi\work\node-server\node_modules\egg-core\lib\utils\index.js
- C:\Users\liuqi\work\node-server\node_modules\egg-core\lib\egg.js
- C:\Users\liuqi\work\node-server\node_modules\egg-core\index.js
- C:\Users\liuqi\work\node-server\node_modules\egg\lib\application.js
- C:\Users\liuqi\work\node-server\node_modules\egg\index.js
- C:\Users\liuqi\work\node-server\node_modules\egg-cluster\lib\app_worker.js
Require stack:
- C:\Users\liuqi\work\node-server\app\controller\wechat\getConfig.js
- C:\Users\liuqi\work\node-server\node_modules\egg-core\lib\utils\index.js
- C:\Users\liuqi\work\node-server\node_modules\egg-core\lib\egg.js
- C:\Users\liuqi\work\node-server\node_modules\egg-core\index.js
- C:\Users\liuqi\work\node-server\node_modules\egg\lib\application.js
- C:\Users\liuqi\work\node-server\node_modules\egg\index.js
- C:\Users\liuqi\work\node-server\node_modules\egg-cluster\lib\app_worker.js
    at Function.Module._resolveFilename (internal/modules/cjs/loader.js:902:15)
    at Function.Module._load (internal/modules/cjs/loader.js:746:27)
    at Module.require (internal/modules/cjs/loader.js:974:19)
    at require (internal/modules/cjs/helpers.js:92:18)
    at C:\Users\liuqi\work\node-server\app\controller\wechat\getConfig.js:34:21
    at new Promise (<anonymous>)
    at getAccessToken (C:\Users\liuqi\work\node-server\app\controller\wechat\getConfig.js:32:9)
    at WxGetConfigController.index (C:\Users\liuqi\work\node-server\app\controller\wechat\getConfig.js:84:29)
    at Object.callFn (C:\Users\liuqi\work\node-server\node_modules\egg-core\lib\utils\index.js:44:21)
    at Object.classControllerMiddleware (C:\Users\liuqi\work\node-server\node_modules\egg-core\lib\loader\mixin\controller.js:87:20)
code: "MODULE_NOT_FOUND"
requireStack: ["C:\\Users\\liuqi\\work\\node-server\\app\\controller\\wechat\\getConfig.js","C:\\Users\\liuqi\\work\\node-server\\node_modules\\egg-core\\lib\\utils\\index.js","C:\\Users\\liuqi\\work\\node-server\\node_modules\\egg-core\\lib\\egg.js","C:\\Users\\liuqi\\work\\node-server\\node_modules\\egg-core\\index.js","C:\\Users\\liuqi\\work\\node-server\\node_modules\\egg\\lib\\application.js","C:\\Users\\liuqi\\work\\node-server\\node_modules\\egg\\index.js","C:\\Users\\liuqi\\work\\node-server\\node_modules\\egg-cluster\\lib\\app_worker.js"]
name: "MODULE_NOT_FOUNDError"
pid: 2132
hostname: DESKTOP-BJSIQE6

2022-02-23 11:11:12,908 ERROR 2132 [-/192.168.11.186/-/3ms GET /api/wechat/config2] nodejs.MODULE_NOT_FOUNDError: Cannot find module '../../config/wxConfig/accessToken.json'
Require stack:
- C:\Users\liuqi\work\node-server\app\controller\wechat\getConfig.js
- C:\Users\liuqi\work\node-server\node_modules\egg-core\lib\utils\index.js
- C:\Users\liuqi\work\node-server\node_modules\egg-core\lib\egg.js
- C:\Users\liuqi\work\node-server\node_modules\egg-core\index.js
- C:\Users\liuqi\work\node-server\node_modules\egg\lib\application.js
- C:\Users\liuqi\work\node-server\node_modules\egg\index.js
- C:\Users\liuqi\work\node-server\node_modules\egg-cluster\lib\app_worker.js
Require stack:
- C:\Users\liuqi\work\node-server\app\controller\wechat\getConfig.js
- C:\Users\liuqi\work\node-server\node_modules\egg-core\lib\utils\index.js
- C:\Users\liuqi\work\node-server\node_modules\egg-core\lib\egg.js
- C:\Users\liuqi\work\node-server\node_modules\egg-core\index.js
- C:\Users\liuqi\work\node-server\node_modules\egg\lib\application.js
- C:\Users\liuqi\work\node-server\node_modules\egg\index.js
- C:\Users\liuqi\work\node-server\node_modules\egg-cluster\lib\app_worker.js
    at Function.Module._resolveFilename (internal/modules/cjs/loader.js:902:15)
    at Function.Module._load (internal/modules/cjs/loader.js:746:27)
    at Module.require (internal/modules/cjs/loader.js:974:19)
    at require (internal/modules/cjs/helpers.js:92:18)
    at C:\Users\liuqi\work\node-server\app\controller\wechat\getConfig.js:34:21
    at new Promise (<anonymous>)
    at getAccessToken (C:\Users\liuqi\work\node-server\app\controller\wechat\getConfig.js:32:9)
    at WxGetConfigController.index (C:\Users\liuqi\work\node-server\app\controller\wechat\getConfig.js:84:29)
    at Object.callFn (C:\Users\liuqi\work\node-server\node_modules\egg-core\lib\utils\index.js:44:21)
    at Object.classControllerMiddleware (C:\Users\liuqi\work\node-server\node_modules\egg-core\lib\loader\mixin\controller.js:87:20)
code: "MODULE_NOT_FOUND"
requireStack: ["C:\\Users\\liuqi\\work\\node-server\\app\\controller\\wechat\\getConfig.js","C:\\Users\\liuqi\\work\\node-server\\node_modules\\egg-core\\lib\\utils\\index.js","C:\\Users\\liuqi\\work\\node-server\\node_modules\\egg-core\\lib\\egg.js","C:\\Users\\liuqi\\work\\node-server\\node_modules\\egg-core\\index.js","C:\\Users\\liuqi\\work\\node-server\\node_modules\\egg\\lib\\application.js","C:\\Users\\liuqi\\work\\node-server\\node_modules\\egg\\index.js","C:\\Users\\liuqi\\work\\node-server\\node_modules\\egg-cluster\\lib\\app_worker.js"]
name: "MODULE_NOT_FOUNDError"
pid: 2132
hostname: DESKTOP-BJSIQE6

2022-02-23 11:29:25,634 ERROR 3832 nodejs.ReferenceError: data is not defined (uncaughtException throw 1 times on pid:3832)
    at IncomingMessage.<anonymous> (C:\Users\liuqi\work\node-server\app\controller\wechat\userInfo.js:25:10)
    at IncomingMessage.emit (events.js:387:35)
    at endReadableNT (internal/streams/readable.js:1317:12)
    at processTicksAndRejections (internal/process/task_queues.js:82:21)

pid: 3832
hostname: DESKTOP-BJSIQE6

2022-02-23 11:29:51,556 ERROR 1916 nodejs.ReferenceError: resolve is not defined (uncaughtException throw 1 times on pid:1916)
    at IncomingMessage.<anonymous> (C:\Users\liuqi\work\node-server\app\controller\wechat\userInfo.js:27:5)
    at IncomingMessage.emit (events.js:387:35)
    at endReadableNT (internal/streams/readable.js:1317:12)
    at processTicksAndRejections (internal/process/task_queues.js:82:21)

pid: 1916
hostname: DESKTOP-BJSIQE6

2022-02-23 12:50:07,741 ERROR 15428 nodejs.ClusterClientNoResponseError: client no response in 231052ms exceeding maxIdleTime 60000ms, maybe the connection is close on other side.
    at Timeout._onTimeout (C:\Users\liuqi\work\node-server\node_modules\cluster-client\lib\leader.js:77:23)
    at listOnTimeout (internal/timers.js:557:17)
    at processTimers (internal/timers.js:500:7)
name: "ClusterClientNoResponseError"
pid: 15428
hostname: DESKTOP-BJSIQE6

2022-02-23 12:50:10,998 ERROR 23160 nodejs.ENOTFOUNDError: getaddrinfo ENOTFOUND api.weixin.qq.com (uncaughtException throw 1 times on pid:23160)
    at GetAddrInfoReqWrap.onlookup [as oncomplete] (dns.js:69:26)
errno: -3008
code: "ENOTFOUND"
syscall: "getaddrinfo"
hostname: "api.weixin.qq.com"
name: "ENOTFOUNDError"
pid: 23160
hostname: DESKTOP-BJSIQE6

2022-02-23 13:39:22,213 ERROR 9392 nodejs.ReferenceError: resolve is not defined (uncaughtException throw 1 times on pid:9392)
    at IncomingMessage.<anonymous> (C:\Users\liuqi\work\node-server\app\controller\wechat\userInfo.js:27:5)
    at IncomingMessage.emit (events.js:387:35)
    at endReadableNT (internal/streams/readable.js:1317:12)
    at processTicksAndRejections (internal/process/task_queues.js:82:21)

pid: 9392
hostname: DESKTOP-BJSIQE6

2022-02-23 13:41:10,903 ERROR 16248 nodejs.ReferenceError: resolve is not defined (uncaughtException throw 1 times on pid:16248)
    at IncomingMessage.<anonymous> (C:\Users\liuqi\work\node-server\app\controller\wechat\userInfo.js:27:5)
    at IncomingMessage.emit (events.js:387:35)
    at endReadableNT (internal/streams/readable.js:1317:12)
    at processTicksAndRejections (internal/process/task_queues.js:82:21)

pid: 16248
hostname: DESKTOP-BJSIQE6

2022-02-23 14:24:30,200 ERROR 14772 [-/192.168.11.186/-/1ms GET /api/wechat/userInfo?code=091F7wFa1d1fHC0TNvIa1EhDRi4F7wFS] nodejs.ReferenceError: Cannot access 'ctx' before initialization
    at WxUserInfoController.index (C:\Users\liuqi\work\node-server\app\controller\wechat\userInfo.js:7:16)
    at Object.callFn (C:\Users\liuqi\work\node-server\node_modules\egg-core\lib\utils\index.js:44:21)
    at Object.classControllerMiddleware (C:\Users\liuqi\work\node-server\node_modules\egg-core\lib\loader\mixin\controller.js:87:20)
    at Object.callFn (C:\Users\liuqi\work\node-server\node_modules\@eggjs\router\lib\utils.js:12:21)
    at wrappedController (C:\Users\liuqi\work\node-server\node_modules\@eggjs\router\lib\egg_router.js:322:18)
    at dispatch (C:\Users\liuqi\work\node-server\node_modules\@eggjs\router\node_modules\koa-compose\index.js:44:32)
    at next (C:\Users\liuqi\work\node-server\node_modules\@eggjs\router\node_modules\koa-compose\index.js:45:18)
    at C:\Users\liuqi\work\node-server\node_modules\@eggjs\router\lib\router.js:186:18
    at dispatch (C:\Users\liuqi\work\node-server\node_modules\@eggjs\router\node_modules\koa-compose\index.js:44:32)
    at C:\Users\liuqi\work\node-server\node_modules\@eggjs\router\node_modules\koa-compose\index.js:36:12
headers: {"Access-Control-Allow-Origin":"http://192.168.11.186:3000","vary":"Origin"}
pid: 14772
hostname: DESKTOP-BJSIQE6

