2022-02-16 10:08:11,876 INFO 2540 [egg-schedule]: register schedule C:\Users\liuqi\work\node-server\node_modules\egg-multipart\app\schedule\clean_tmpdir.js
2022-02-16 10:08:11,876 INFO 2540 [egg-schedule]: register schedule C:\Users\liuqi\work\node-server\node_modules\egg-logrotator\app\schedule\clean_log.js
2022-02-16 10:08:11,876 INFO 2540 [egg-schedule]: register schedule C:\Users\liuqi\work\node-server\node_modules\egg-logrotator\app\schedule\rotate_by_file.js
2022-02-16 10:08:11,895 INFO 2540 [Timer] C:\Users\liuqi\work\node-server\node_modules\egg-multipart\app\schedule\clean_tmpdir.js next time will execute after 66108106ms at 2022-02-17 04:30:00.001
2022-02-16 10:08:11,895 INFO 2540 [Timer] C:\Users\liuqi\work\node-server\node_modules\egg-logrotator\app\schedule\clean_log.js next time will execute after 49908105ms at 2022-02-17 00:00:00.000
2022-02-16 10:08:11,895 INFO 2540 [Timer] C:\Users\liuqi\work\node-server\node_modules\egg-logrotator\app\schedule\rotate_by_file.js next time will execute after 49909105ms at 2022-02-17 00:00:01.000
2022-02-16 10:08:19,682 INFO 19304 [Timer] C:\Users\liuqi\work\node-server\node_modules\egg-multipart\app\schedule\clean_tmpdir.js next time will execute after 66100320ms at 2022-02-17 04:30:00.002
2022-02-16 10:08:19,682 INFO 19304 [Timer] C:\Users\liuqi\work\node-server\node_modules\egg-logrotator\app\schedule\clean_log.js next time will execute after 49900318ms at 2022-02-17 00:00:00.000
2022-02-16 10:08:19,682 INFO 19304 [Timer] C:\Users\liuqi\work\node-server\node_modules\egg-logrotator\app\schedule\rotate_by_file.js next time will execute after 49901318ms at 2022-02-17 00:00:01.000
2022-02-16 10:08:19,578 INFO 8300 [egg-schedule]: register schedule C:\Users\liuqi\work\node-server\node_modules\egg-multipart\app\schedule\clean_tmpdir.js
2022-02-16 10:08:19,578 INFO 8300 [egg-schedule]: register schedule C:\Users\liuqi\work\node-server\node_modules\egg-logrotator\app\schedule\clean_log.js
2022-02-16 10:08:19,578 INFO 8300 [egg-schedule]: register schedule C:\Users\liuqi\work\node-server\node_modules\egg-logrotator\app\schedule\rotate_by_file.js
2022-02-16 11:36:13,303 INFO 4004 [Timer] C:\Users\liuqi\work\node-server\node_modules\egg-multipart\app\schedule\clean_tmpdir.js next time will execute after 60826699ms at 2022-02-17 04:30:00.002
2022-02-16 11:36:13,303 INFO 4004 [Timer] C:\Users\liuqi\work\node-server\node_modules\egg-logrotator\app\schedule\clean_log.js next time will execute after 44626697ms at 2022-02-17 00:00:00.000
2022-02-16 11:36:13,304 INFO 4004 [Timer] C:\Users\liuqi\work\node-server\node_modules\egg-logrotator\app\schedule\rotate_by_file.js next time will execute after 44627697ms at 2022-02-17 00:00:01.001
2022-02-16 11:36:13,190 INFO 15424 [egg-schedule]: register schedule C:\Users\liuqi\work\node-server\node_modules\egg-multipart\app\schedule\clean_tmpdir.js
2022-02-16 11:36:13,190 INFO 15424 [egg-schedule]: register schedule C:\Users\liuqi\work\node-server\node_modules\egg-logrotator\app\schedule\clean_log.js
2022-02-16 11:36:13,190 INFO 15424 [egg-schedule]: register schedule C:\Users\liuqi\work\node-server\node_modules\egg-logrotator\app\schedule\rotate_by_file.js
2022-02-16 11:37:01,959 INFO 16208 [Timer] C:\Users\liuqi\work\node-server\node_modules\egg-multipart\app\schedule\clean_tmpdir.js next time will execute after 60778043ms at 2022-02-17 04:30:00.002
2022-02-16 11:37:01,959 INFO 16208 [Timer] C:\Users\liuqi\work\node-server\node_modules\egg-logrotator\app\schedule\clean_log.js next time will execute after 44578041ms at 2022-02-17 00:00:00.000
2022-02-16 11:37:01,959 INFO 16208 [Timer] C:\Users\liuqi\work\node-server\node_modules\egg-logrotator\app\schedule\rotate_by_file.js next time will execute after 44579041ms at 2022-02-17 00:00:01.000
2022-02-16 11:37:01,856 INFO 7024 [egg-schedule]: register schedule C:\Users\liuqi\work\node-server\node_modules\egg-multipart\app\schedule\clean_tmpdir.js
2022-02-16 11:37:01,856 INFO 7024 [egg-schedule]: register schedule C:\Users\liuqi\work\node-server\node_modules\egg-logrotator\app\schedule\clean_log.js
2022-02-16 11:37:01,856 INFO 7024 [egg-schedule]: register schedule C:\Users\liuqi\work\node-server\node_modules\egg-logrotator\app\schedule\rotate_by_file.js
2022-02-16 13:44:07,529 INFO 16992 [Timer] C:\Users\liuqi\work\node-server\node_modules\egg-multipart\app\schedule\clean_tmpdir.js next time will execute after 53152473ms at 2022-02-17 04:30:00.002
2022-02-16 13:44:07,530 INFO 16992 [Timer] C:\Users\liuqi\work\node-server\node_modules\egg-logrotator\app\schedule\clean_log.js next time will execute after 36952470ms at 2022-02-17 00:00:00.000
2022-02-16 13:44:07,530 INFO 16992 [Timer] C:\Users\liuqi\work\node-server\node_modules\egg-logrotator\app\schedule\rotate_by_file.js next time will execute after 36953470ms at 2022-02-17 00:00:01.000
2022-02-16 13:44:07,420 INFO 8680 [egg-schedule]: register schedule C:\Users\liuqi\work\node-server\node_modules\egg-multipart\app\schedule\clean_tmpdir.js
2022-02-16 13:44:07,420 INFO 8680 [egg-schedule]: register schedule C:\Users\liuqi\work\node-server\node_modules\egg-logrotator\app\schedule\clean_log.js
2022-02-16 13:44:07,420 INFO 8680 [egg-schedule]: register schedule C:\Users\liuqi\work\node-server\node_modules\egg-logrotator\app\schedule\rotate_by_file.js
2022-02-16 13:47:09,346 INFO 2540 [egg-schedule]: register schedule C:\Users\liuqi\work\node-server\node_modules\egg-multipart\app\schedule\clean_tmpdir.js
2022-02-16 13:47:09,346 INFO 2540 [egg-schedule]: register schedule C:\Users\liuqi\work\node-server\node_modules\egg-logrotator\app\schedule\clean_log.js
2022-02-16 13:47:09,346 INFO 2540 [egg-schedule]: register schedule C:\Users\liuqi\work\node-server\node_modules\egg-logrotator\app\schedule\rotate_by_file.js
2022-02-16 13:47:13,523 INFO 6076 [egg-schedule]: register schedule C:\Users\liuqi\work\node-server\node_modules\egg-multipart\app\schedule\clean_tmpdir.js
2022-02-16 13:47:13,523 INFO 6076 [egg-schedule]: register schedule C:\Users\liuqi\work\node-server\node_modules\egg-logrotator\app\schedule\clean_log.js
2022-02-16 13:47:13,523 INFO 6076 [egg-schedule]: register schedule C:\Users\liuqi\work\node-server\node_modules\egg-logrotator\app\schedule\rotate_by_file.js
2022-02-16 13:47:14,879 INFO 9136 [egg-schedule]: register schedule C:\Users\liuqi\work\node-server\node_modules\egg-multipart\app\schedule\clean_tmpdir.js
2022-02-16 13:47:14,879 INFO 9136 [egg-schedule]: register schedule C:\Users\liuqi\work\node-server\node_modules\egg-logrotator\app\schedule\clean_log.js
2022-02-16 13:47:14,879 INFO 9136 [egg-schedule]: register schedule C:\Users\liuqi\work\node-server\node_modules\egg-logrotator\app\schedule\rotate_by_file.js
2022-02-16 13:48:46,994 INFO 3944 [egg-schedule]: register schedule C:\Users\liuqi\work\node-server\node_modules\egg-multipart\app\schedule\clean_tmpdir.js
2022-02-16 13:48:46,994 INFO 3944 [egg-schedule]: register schedule C:\Users\liuqi\work\node-server\node_modules\egg-logrotator\app\schedule\clean_log.js
2022-02-16 13:48:46,994 INFO 3944 [egg-schedule]: register schedule C:\Users\liuqi\work\node-server\node_modules\egg-logrotator\app\schedule\rotate_by_file.js
2022-02-16 13:48:50,382 INFO 7652 [egg-schedule]: register schedule C:\Users\liuqi\work\node-server\node_modules\egg-multipart\app\schedule\clean_tmpdir.js
2022-02-16 13:48:50,382 INFO 7652 [egg-schedule]: register schedule C:\Users\liuqi\work\node-server\node_modules\egg-logrotator\app\schedule\clean_log.js
2022-02-16 13:48:50,382 INFO 7652 [egg-schedule]: register schedule C:\Users\liuqi\work\node-server\node_modules\egg-logrotator\app\schedule\rotate_by_file.js
2022-02-16 13:48:51,901 INFO 13304 [egg-schedule]: register schedule C:\Users\liuqi\work\node-server\node_modules\egg-multipart\app\schedule\clean_tmpdir.js
2022-02-16 13:48:51,901 INFO 13304 [egg-schedule]: register schedule C:\Users\liuqi\work\node-server\node_modules\egg-logrotator\app\schedule\clean_log.js
2022-02-16 13:48:51,901 INFO 13304 [egg-schedule]: register schedule C:\Users\liuqi\work\node-server\node_modules\egg-logrotator\app\schedule\rotate_by_file.js
2022-02-16 13:49:02,853 INFO 6080 [Timer] C:\Users\liuqi\work\node-server\node_modules\egg-multipart\app\schedule\clean_tmpdir.js next time will execute after 52857149ms at 2022-02-17 04:30:00.002
2022-02-16 13:49:02,853 INFO 6080 [Timer] C:\Users\liuqi\work\node-server\node_modules\egg-logrotator\app\schedule\clean_log.js next time will execute after 36657147ms at 2022-02-17 00:00:00.000
2022-02-16 13:49:02,853 INFO 6080 [Timer] C:\Users\liuqi\work\node-server\node_modules\egg-logrotator\app\schedule\rotate_by_file.js next time will execute after 36658147ms at 2022-02-17 00:00:01.000
2022-02-16 13:49:02,752 INFO 16948 [egg-schedule]: register schedule C:\Users\liuqi\work\node-server\node_modules\egg-multipart\app\schedule\clean_tmpdir.js
2022-02-16 13:49:02,752 INFO 16948 [egg-schedule]: register schedule C:\Users\liuqi\work\node-server\node_modules\egg-logrotator\app\schedule\clean_log.js
2022-02-16 13:49:02,752 INFO 16948 [egg-schedule]: register schedule C:\Users\liuqi\work\node-server\node_modules\egg-logrotator\app\schedule\rotate_by_file.js
2022-02-16 13:49:25,741 INFO 7232 [egg-schedule]: register schedule C:\Users\liuqi\work\node-server\node_modules\egg-multipart\app\schedule\clean_tmpdir.js
2022-02-16 13:49:25,741 INFO 7232 [egg-schedule]: register schedule C:\Users\liuqi\work\node-server\node_modules\egg-logrotator\app\schedule\clean_log.js
2022-02-16 13:49:25,741 INFO 7232 [egg-schedule]: register schedule C:\Users\liuqi\work\node-server\node_modules\egg-logrotator\app\schedule\rotate_by_file.js
2022-02-16 13:49:38,935 INFO 10380 [egg-schedule]: register schedule C:\Users\liuqi\work\node-server\node_modules\egg-multipart\app\schedule\clean_tmpdir.js
2022-02-16 13:49:38,935 INFO 10380 [egg-schedule]: register schedule C:\Users\liuqi\work\node-server\node_modules\egg-logrotator\app\schedule\clean_log.js
2022-02-16 13:49:38,935 INFO 10380 [egg-schedule]: register schedule C:\Users\liuqi\work\node-server\node_modules\egg-logrotator\app\schedule\rotate_by_file.js
2022-02-16 13:49:54,785 INFO 4112 [Timer] C:\Users\liuqi\work\node-server\node_modules\egg-multipart\app\schedule\clean_tmpdir.js next time will execute after 52805216ms at 2022-02-17 04:30:00.001
2022-02-16 13:49:54,786 INFO 4112 [Timer] C:\Users\liuqi\work\node-server\node_modules\egg-logrotator\app\schedule\clean_log.js next time will execute after 36605214ms at 2022-02-17 00:00:00.000
2022-02-16 13:49:54,786 INFO 4112 [Timer] C:\Users\liuqi\work\node-server\node_modules\egg-logrotator\app\schedule\rotate_by_file.js next time will execute after 36606214ms at 2022-02-17 00:00:01.000
2022-02-16 13:49:54,687 INFO 3272 [egg-schedule]: register schedule C:\Users\liuqi\work\node-server\node_modules\egg-multipart\app\schedule\clean_tmpdir.js
2022-02-16 13:49:54,687 INFO 3272 [egg-schedule]: register schedule C:\Users\liuqi\work\node-server\node_modules\egg-logrotator\app\schedule\clean_log.js
2022-02-16 13:49:54,687 INFO 3272 [egg-schedule]: register schedule C:\Users\liuqi\work\node-server\node_modules\egg-logrotator\app\schedule\rotate_by_file.js
2022-02-16 14:05:53,777 INFO 17232 [Timer] C:\Users\liuqi\work\node-server\node_modules\egg-multipart\app\schedule\clean_tmpdir.js next time will execute after 51846225ms at 2022-02-17 04:30:00.002
2022-02-16 14:05:53,777 INFO 17232 [Timer] C:\Users\liuqi\work\node-server\node_modules\egg-logrotator\app\schedule\clean_log.js next time will execute after 35646223ms at 2022-02-17 00:00:00.000
2022-02-16 14:05:53,777 INFO 17232 [Timer] C:\Users\liuqi\work\node-server\node_modules\egg-logrotator\app\schedule\rotate_by_file.js next time will execute after 35647223ms at 2022-02-17 00:00:01.000
2022-02-16 14:05:53,678 INFO 16188 [egg-schedule]: register schedule C:\Users\liuqi\work\node-server\node_modules\egg-multipart\app\schedule\clean_tmpdir.js
2022-02-16 14:05:53,678 INFO 16188 [egg-schedule]: register schedule C:\Users\liuqi\work\node-server\node_modules\egg-logrotator\app\schedule\clean_log.js
2022-02-16 14:05:53,678 INFO 16188 [egg-schedule]: register schedule C:\Users\liuqi\work\node-server\node_modules\egg-logrotator\app\schedule\rotate_by_file.js
2022-02-16 15:42:06,850 INFO 11336 [Timer] C:\Users\liuqi\work\node-server\node_modules\egg-multipart\app\schedule\clean_tmpdir.js next time will execute after 46073152ms at 2022-02-17 04:30:00.002
2022-02-16 15:42:06,850 INFO 11336 [Timer] C:\Users\liuqi\work\node-server\node_modules\egg-logrotator\app\schedule\clean_log.js next time will execute after 29873150ms at 2022-02-17 00:00:00.000
2022-02-16 15:42:06,851 INFO 11336 [Timer] C:\Users\liuqi\work\node-server\node_modules\egg-logrotator\app\schedule\rotate_by_file.js next time will execute after 29874150ms at 2022-02-17 00:00:01.001
2022-02-16 15:42:06,753 INFO 14952 [egg-schedule]: register schedule C:\Users\liuqi\work\node-server\node_modules\egg-multipart\app\schedule\clean_tmpdir.js
2022-02-16 15:42:06,753 INFO 14952 [egg-schedule]: register schedule C:\Users\liuqi\work\node-server\node_modules\egg-logrotator\app\schedule\clean_log.js
2022-02-16 15:42:06,753 INFO 14952 [egg-schedule]: register schedule C:\Users\liuqi\work\node-server\node_modules\egg-logrotator\app\schedule\rotate_by_file.js
2022-02-16 15:44:21,963 INFO 11400 [egg-schedule]: register schedule C:\Users\liuqi\work\node-server\node_modules\egg-multipart\app\schedule\clean_tmpdir.js
2022-02-16 15:44:21,963 INFO 11400 [egg-schedule]: register schedule C:\Users\liuqi\work\node-server\node_modules\egg-logrotator\app\schedule\clean_log.js
2022-02-16 15:44:21,963 INFO 11400 [egg-schedule]: register schedule C:\Users\liuqi\work\node-server\node_modules\egg-logrotator\app\schedule\rotate_by_file.js
2022-02-16 15:46:32,057 INFO 6712 [Timer] C:\Users\liuqi\work\node-server\node_modules\egg-multipart\app\schedule\clean_tmpdir.js next time will execute after 45807944ms at 2022-02-17 04:30:00.001
2022-02-16 15:46:32,058 INFO 6712 [Timer] C:\Users\liuqi\work\node-server\node_modules\egg-logrotator\app\schedule\clean_log.js next time will execute after 29607943ms at 2022-02-17 00:00:00.001
2022-02-16 15:46:32,058 INFO 6712 [Timer] C:\Users\liuqi\work\node-server\node_modules\egg-logrotator\app\schedule\rotate_by_file.js next time will execute after 29608942ms at 2022-02-17 00:00:01.000
2022-02-16 15:46:31,953 INFO 19496 [egg-schedule]: register schedule C:\Users\liuqi\work\node-server\node_modules\egg-multipart\app\schedule\clean_tmpdir.js
2022-02-16 15:46:31,953 INFO 19496 [egg-schedule]: register schedule C:\Users\liuqi\work\node-server\node_modules\egg-logrotator\app\schedule\clean_log.js
2022-02-16 15:46:31,953 INFO 19496 [egg-schedule]: register schedule C:\Users\liuqi\work\node-server\node_modules\egg-logrotator\app\schedule\rotate_by_file.js
2022-02-16 15:47:08,573 INFO 4064 [egg-schedule]: register schedule C:\Users\liuqi\work\node-server\node_modules\egg-multipart\app\schedule\clean_tmpdir.js
2022-02-16 15:47:08,573 INFO 4064 [egg-schedule]: register schedule C:\Users\liuqi\work\node-server\node_modules\egg-logrotator\app\schedule\clean_log.js
2022-02-16 15:47:08,573 INFO 4064 [egg-schedule]: register schedule C:\Users\liuqi\work\node-server\node_modules\egg-logrotator\app\schedule\rotate_by_file.js
2022-02-16 15:47:46,317 INFO 16564 [egg-schedule]: register schedule C:\Users\liuqi\work\node-server\node_modules\egg-multipart\app\schedule\clean_tmpdir.js
2022-02-16 15:47:46,317 INFO 16564 [egg-schedule]: register schedule C:\Users\liuqi\work\node-server\node_modules\egg-logrotator\app\schedule\clean_log.js
2022-02-16 15:47:46,317 INFO 16564 [egg-schedule]: register schedule C:\Users\liuqi\work\node-server\node_modules\egg-logrotator\app\schedule\rotate_by_file.js
2022-02-16 15:48:04,365 INFO 13300 [egg-schedule]: register schedule C:\Users\liuqi\work\node-server\node_modules\egg-multipart\app\schedule\clean_tmpdir.js
2022-02-16 15:48:04,365 INFO 13300 [egg-schedule]: register schedule C:\Users\liuqi\work\node-server\node_modules\egg-logrotator\app\schedule\clean_log.js
2022-02-16 15:48:04,365 INFO 13300 [egg-schedule]: register schedule C:\Users\liuqi\work\node-server\node_modules\egg-logrotator\app\schedule\rotate_by_file.js
2022-02-16 15:48:09,937 INFO 8508 [Timer] C:\Users\liuqi\work\node-server\node_modules\egg-multipart\app\schedule\clean_tmpdir.js next time will execute after 45710065ms at 2022-02-17 04:30:00.002
2022-02-16 15:48:09,937 INFO 8508 [Timer] C:\Users\liuqi\work\node-server\node_modules\egg-logrotator\app\schedule\clean_log.js next time will execute after 29510063ms at 2022-02-17 00:00:00.000
2022-02-16 15:48:09,937 INFO 8508 [Timer] C:\Users\liuqi\work\node-server\node_modules\egg-logrotator\app\schedule\rotate_by_file.js next time will execute after 29511063ms at 2022-02-17 00:00:01.000
2022-02-16 15:48:09,836 INFO 6180 [egg-schedule]: register schedule C:\Users\liuqi\work\node-server\node_modules\egg-multipart\app\schedule\clean_tmpdir.js
2022-02-16 15:48:09,836 INFO 6180 [egg-schedule]: register schedule C:\Users\liuqi\work\node-server\node_modules\egg-logrotator\app\schedule\clean_log.js
2022-02-16 15:48:09,836 INFO 6180 [egg-schedule]: register schedule C:\Users\liuqi\work\node-server\node_modules\egg-logrotator\app\schedule\rotate_by_file.js
2022-02-16 15:48:35,071 INFO 17656 [egg-schedule]: register schedule C:\Users\liuqi\work\node-server\node_modules\egg-multipart\app\schedule\clean_tmpdir.js
2022-02-16 15:48:35,071 INFO 17656 [egg-schedule]: register schedule C:\Users\liuqi\work\node-server\node_modules\egg-logrotator\app\schedule\clean_log.js
2022-02-16 15:48:35,071 INFO 17656 [egg-schedule]: register schedule C:\Users\liuqi\work\node-server\node_modules\egg-logrotator\app\schedule\rotate_by_file.js
2022-02-16 15:58:49,005 INFO 7280 [egg-schedule]: register schedule C:\Users\liuqi\work\node-server\node_modules\egg-multipart\app\schedule\clean_tmpdir.js
2022-02-16 15:58:49,006 INFO 7280 [egg-schedule]: register schedule C:\Users\liuqi\work\node-server\node_modules\egg-logrotator\app\schedule\clean_log.js
2022-02-16 15:58:49,006 INFO 7280 [egg-schedule]: register schedule C:\Users\liuqi\work\node-server\node_modules\egg-logrotator\app\schedule\rotate_by_file.js
2022-02-16 15:58:53,573 INFO 7996 [egg-schedule]: register schedule C:\Users\liuqi\work\node-server\node_modules\egg-multipart\app\schedule\clean_tmpdir.js
2022-02-16 15:58:53,573 INFO 7996 [egg-schedule]: register schedule C:\Users\liuqi\work\node-server\node_modules\egg-logrotator\app\schedule\clean_log.js
2022-02-16 15:58:53,573 INFO 7996 [egg-schedule]: register schedule C:\Users\liuqi\work\node-server\node_modules\egg-logrotator\app\schedule\rotate_by_file.js
2022-02-16 15:58:59,251 INFO 13340 [egg-schedule]: register schedule C:\Users\liuqi\work\node-server\node_modules\egg-multipart\app\schedule\clean_tmpdir.js
2022-02-16 15:58:59,251 INFO 13340 [egg-schedule]: register schedule C:\Users\liuqi\work\node-server\node_modules\egg-logrotator\app\schedule\clean_log.js
2022-02-16 15:58:59,251 INFO 13340 [egg-schedule]: register schedule C:\Users\liuqi\work\node-server\node_modules\egg-logrotator\app\schedule\rotate_by_file.js
2022-02-16 16:05:48,173 INFO 7464 [egg-schedule]: register schedule C:\Users\liuqi\work\node-server\node_modules\egg-multipart\app\schedule\clean_tmpdir.js
2022-02-16 16:05:48,173 INFO 7464 [egg-schedule]: register schedule C:\Users\liuqi\work\node-server\node_modules\egg-logrotator\app\schedule\clean_log.js
2022-02-16 16:05:48,173 INFO 7464 [egg-schedule]: register schedule C:\Users\liuqi\work\node-server\node_modules\egg-logrotator\app\schedule\rotate_by_file.js
2022-02-16 16:05:51,044 INFO 5464 [egg-schedule]: register schedule C:\Users\liuqi\work\node-server\node_modules\egg-multipart\app\schedule\clean_tmpdir.js
2022-02-16 16:05:51,044 INFO 5464 [egg-schedule]: register schedule C:\Users\liuqi\work\node-server\node_modules\egg-logrotator\app\schedule\clean_log.js
2022-02-16 16:05:51,044 INFO 5464 [egg-schedule]: register schedule C:\Users\liuqi\work\node-server\node_modules\egg-logrotator\app\schedule\rotate_by_file.js
2022-02-16 16:06:16,014 INFO 2360 [egg-schedule]: register schedule C:\Users\liuqi\work\node-server\node_modules\egg-multipart\app\schedule\clean_tmpdir.js
2022-02-16 16:06:16,014 INFO 2360 [egg-schedule]: register schedule C:\Users\liuqi\work\node-server\node_modules\egg-logrotator\app\schedule\clean_log.js
2022-02-16 16:06:16,014 INFO 2360 [egg-schedule]: register schedule C:\Users\liuqi\work\node-server\node_modules\egg-logrotator\app\schedule\rotate_by_file.js
2022-02-16 16:06:22,654 INFO 7824 [egg-schedule]: register schedule C:\Users\liuqi\work\node-server\node_modules\egg-multipart\app\schedule\clean_tmpdir.js
2022-02-16 16:06:22,654 INFO 7824 [egg-schedule]: register schedule C:\Users\liuqi\work\node-server\node_modules\egg-logrotator\app\schedule\clean_log.js
2022-02-16 16:06:22,654 INFO 7824 [egg-schedule]: register schedule C:\Users\liuqi\work\node-server\node_modules\egg-logrotator\app\schedule\rotate_by_file.js
2022-02-16 16:13:11,928 INFO 15704 [Timer] C:\Users\liuqi\work\node-server\node_modules\egg-multipart\app\schedule\clean_tmpdir.js next time will execute after 44208073ms at 2022-02-17 04:30:00.001
2022-02-16 16:13:11,929 INFO 15704 [Timer] C:\Users\liuqi\work\node-server\node_modules\egg-logrotator\app\schedule\clean_log.js next time will execute after 28008072ms at 2022-02-17 00:00:00.001
2022-02-16 16:13:11,929 INFO 15704 [Timer] C:\Users\liuqi\work\node-server\node_modules\egg-logrotator\app\schedule\rotate_by_file.js next time will execute after 28009071ms at 2022-02-17 00:00:01.000
2022-02-16 16:13:11,817 INFO 4248 [egg-schedule]: register schedule C:\Users\liuqi\work\node-server\node_modules\egg-multipart\app\schedule\clean_tmpdir.js
2022-02-16 16:13:11,817 INFO 4248 [egg-schedule]: register schedule C:\Users\liuqi\work\node-server\node_modules\egg-logrotator\app\schedule\clean_log.js
2022-02-16 16:13:11,817 INFO 4248 [egg-schedule]: register schedule C:\Users\liuqi\work\node-server\node_modules\egg-logrotator\app\schedule\rotate_by_file.js
2022-02-16 16:14:45,972 INFO 5228 [Timer] C:\Users\liuqi\work\node-server\node_modules\egg-multipart\app\schedule\clean_tmpdir.js next time will execute after 44114030ms at 2022-02-17 04:30:00.002
2022-02-16 16:14:45,972 INFO 5228 [Timer] C:\Users\liuqi\work\node-server\node_modules\egg-logrotator\app\schedule\clean_log.js next time will execute after 27914028ms at 2022-02-17 00:00:00.000
2022-02-16 16:14:45,972 INFO 5228 [Timer] C:\Users\liuqi\work\node-server\node_modules\egg-logrotator\app\schedule\rotate_by_file.js next time will execute after 27915028ms at 2022-02-17 00:00:01.000
2022-02-16 16:14:45,870 INFO 10568 [egg-schedule]: register schedule C:\Users\liuqi\work\node-server\node_modules\egg-multipart\app\schedule\clean_tmpdir.js
2022-02-16 16:14:45,870 INFO 10568 [egg-schedule]: register schedule C:\Users\liuqi\work\node-server\node_modules\egg-logrotator\app\schedule\clean_log.js
2022-02-16 16:14:45,870 INFO 10568 [egg-schedule]: register schedule C:\Users\liuqi\work\node-server\node_modules\egg-logrotator\app\schedule\rotate_by_file.js
2022-02-16 16:14:52,654 INFO 10128 [egg-schedule]: register schedule C:\Users\liuqi\work\node-server\node_modules\egg-multipart\app\schedule\clean_tmpdir.js
2022-02-16 16:14:52,654 INFO 10128 [egg-schedule]: register schedule C:\Users\liuqi\work\node-server\node_modules\egg-logrotator\app\schedule\clean_log.js
2022-02-16 16:14:52,654 INFO 10128 [egg-schedule]: register schedule C:\Users\liuqi\work\node-server\node_modules\egg-logrotator\app\schedule\rotate_by_file.js
2022-02-16 16:14:54,678 INFO 15980 [egg-schedule]: register schedule C:\Users\liuqi\work\node-server\node_modules\egg-multipart\app\schedule\clean_tmpdir.js
2022-02-16 16:14:54,678 INFO 15980 [egg-schedule]: register schedule C:\Users\liuqi\work\node-server\node_modules\egg-logrotator\app\schedule\clean_log.js
2022-02-16 16:14:54,678 INFO 15980 [egg-schedule]: register schedule C:\Users\liuqi\work\node-server\node_modules\egg-logrotator\app\schedule\rotate_by_file.js
2022-02-16 16:15:05,324 INFO 20368 [egg-schedule]: register schedule C:\Users\liuqi\work\node-server\node_modules\egg-multipart\app\schedule\clean_tmpdir.js
2022-02-16 16:15:05,324 INFO 20368 [egg-schedule]: register schedule C:\Users\liuqi\work\node-server\node_modules\egg-logrotator\app\schedule\clean_log.js
2022-02-16 16:15:05,324 INFO 20368 [egg-schedule]: register schedule C:\Users\liuqi\work\node-server\node_modules\egg-logrotator\app\schedule\rotate_by_file.js
2022-02-16 16:15:09,998 INFO 476 [egg-schedule]: register schedule C:\Users\liuqi\work\node-server\node_modules\egg-multipart\app\schedule\clean_tmpdir.js
2022-02-16 16:15:09,998 INFO 476 [egg-schedule]: register schedule C:\Users\liuqi\work\node-server\node_modules\egg-logrotator\app\schedule\clean_log.js
2022-02-16 16:15:09,998 INFO 476 [egg-schedule]: register schedule C:\Users\liuqi\work\node-server\node_modules\egg-logrotator\app\schedule\rotate_by_file.js
2022-02-16 16:17:57,399 INFO 15100 [egg-schedule]: register schedule C:\Users\liuqi\work\node-server\node_modules\egg-multipart\app\schedule\clean_tmpdir.js
2022-02-16 16:17:57,399 INFO 15100 [egg-schedule]: register schedule C:\Users\liuqi\work\node-server\node_modules\egg-logrotator\app\schedule\clean_log.js
2022-02-16 16:17:57,399 INFO 15100 [egg-schedule]: register schedule C:\Users\liuqi\work\node-server\node_modules\egg-logrotator\app\schedule\rotate_by_file.js
2022-02-16 16:18:13,904 INFO 15768 [egg-schedule]: register schedule C:\Users\liuqi\work\node-server\node_modules\egg-multipart\app\schedule\clean_tmpdir.js
2022-02-16 16:18:13,904 INFO 15768 [egg-schedule]: register schedule C:\Users\liuqi\work\node-server\node_modules\egg-logrotator\app\schedule\clean_log.js
2022-02-16 16:18:13,904 INFO 15768 [egg-schedule]: register schedule C:\Users\liuqi\work\node-server\node_modules\egg-logrotator\app\schedule\rotate_by_file.js
2022-02-16 16:18:58,214 INFO 4248 [egg-schedule]: register schedule C:\Users\liuqi\work\node-server\node_modules\egg-multipart\app\schedule\clean_tmpdir.js
2022-02-16 16:18:58,214 INFO 4248 [egg-schedule]: register schedule C:\Users\liuqi\work\node-server\node_modules\egg-logrotator\app\schedule\clean_log.js
2022-02-16 16:18:58,214 INFO 4248 [egg-schedule]: register schedule C:\Users\liuqi\work\node-server\node_modules\egg-logrotator\app\schedule\rotate_by_file.js
2022-02-16 16:19:07,082 INFO 5944 [egg-schedule]: register schedule C:\Users\liuqi\work\node-server\node_modules\egg-multipart\app\schedule\clean_tmpdir.js
2022-02-16 16:19:07,082 INFO 5944 [egg-schedule]: register schedule C:\Users\liuqi\work\node-server\node_modules\egg-logrotator\app\schedule\clean_log.js
2022-02-16 16:19:07,082 INFO 5944 [egg-schedule]: register schedule C:\Users\liuqi\work\node-server\node_modules\egg-logrotator\app\schedule\rotate_by_file.js
2022-02-16 16:20:02,177 INFO 7996 [egg-schedule]: register schedule C:\Users\liuqi\work\node-server\node_modules\egg-multipart\app\schedule\clean_tmpdir.js
2022-02-16 16:20:02,177 INFO 7996 [egg-schedule]: register schedule C:\Users\liuqi\work\node-server\node_modules\egg-logrotator\app\schedule\clean_log.js
2022-02-16 16:20:02,177 INFO 7996 [egg-schedule]: register schedule C:\Users\liuqi\work\node-server\node_modules\egg-logrotator\app\schedule\rotate_by_file.js
2022-02-16 16:20:14,686 INFO 4944 [egg-schedule]: register schedule C:\Users\liuqi\work\node-server\node_modules\egg-multipart\app\schedule\clean_tmpdir.js
2022-02-16 16:20:14,686 INFO 4944 [egg-schedule]: register schedule C:\Users\liuqi\work\node-server\node_modules\egg-logrotator\app\schedule\clean_log.js
2022-02-16 16:20:14,686 INFO 4944 [egg-schedule]: register schedule C:\Users\liuqi\work\node-server\node_modules\egg-logrotator\app\schedule\rotate_by_file.js
2022-02-16 16:21:06,322 INFO 12324 [egg-schedule]: register schedule C:\Users\liuqi\work\node-server\node_modules\egg-multipart\app\schedule\clean_tmpdir.js
2022-02-16 16:21:06,322 INFO 12324 [egg-schedule]: register schedule C:\Users\liuqi\work\node-server\node_modules\egg-logrotator\app\schedule\clean_log.js
2022-02-16 16:21:06,322 INFO 12324 [egg-schedule]: register schedule C:\Users\liuqi\work\node-server\node_modules\egg-logrotator\app\schedule\rotate_by_file.js
2022-02-16 16:24:22,308 INFO 12496 [egg-schedule]: register schedule C:\Users\liuqi\work\node-server\node_modules\egg-multipart\app\schedule\clean_tmpdir.js
2022-02-16 16:24:22,308 INFO 12496 [egg-schedule]: register schedule C:\Users\liuqi\work\node-server\node_modules\egg-logrotator\app\schedule\clean_log.js
2022-02-16 16:24:22,308 INFO 12496 [egg-schedule]: register schedule C:\Users\liuqi\work\node-server\node_modules\egg-logrotator\app\schedule\rotate_by_file.js
2022-02-16 16:24:25,450 INFO 17216 [egg-schedule]: register schedule C:\Users\liuqi\work\node-server\node_modules\egg-multipart\app\schedule\clean_tmpdir.js
2022-02-16 16:24:25,450 INFO 17216 [egg-schedule]: register schedule C:\Users\liuqi\work\node-server\node_modules\egg-logrotator\app\schedule\clean_log.js
2022-02-16 16:24:25,450 INFO 17216 [egg-schedule]: register schedule C:\Users\liuqi\work\node-server\node_modules\egg-logrotator\app\schedule\rotate_by_file.js
2022-02-16 16:24:30,728 INFO 10260 [egg-schedule]: register schedule C:\Users\liuqi\work\node-server\node_modules\egg-multipart\app\schedule\clean_tmpdir.js
2022-02-16 16:24:30,728 INFO 10260 [egg-schedule]: register schedule C:\Users\liuqi\work\node-server\node_modules\egg-logrotator\app\schedule\clean_log.js
2022-02-16 16:24:30,728 INFO 10260 [egg-schedule]: register schedule C:\Users\liuqi\work\node-server\node_modules\egg-logrotator\app\schedule\rotate_by_file.js
2022-02-16 16:24:40,712 INFO 5296 [Timer] C:\Users\liuqi\work\node-server\node_modules\egg-multipart\app\schedule\clean_tmpdir.js next time will execute after 43519290ms at 2022-02-17 04:30:00.002
2022-02-16 16:24:40,712 INFO 5296 [Timer] C:\Users\liuqi\work\node-server\node_modules\egg-logrotator\app\schedule\clean_log.js next time will execute after 27319288ms at 2022-02-17 00:00:00.000
2022-02-16 16:24:40,712 INFO 5296 [Timer] C:\Users\liuqi\work\node-server\node_modules\egg-logrotator\app\schedule\rotate_by_file.js next time will execute after 27320288ms at 2022-02-17 00:00:01.000
2022-02-16 16:24:40,613 INFO 10476 [egg-schedule]: register schedule C:\Users\liuqi\work\node-server\node_modules\egg-multipart\app\schedule\clean_tmpdir.js
2022-02-16 16:24:40,613 INFO 10476 [egg-schedule]: register schedule C:\Users\liuqi\work\node-server\node_modules\egg-logrotator\app\schedule\clean_log.js
2022-02-16 16:24:40,613 INFO 10476 [egg-schedule]: register schedule C:\Users\liuqi\work\node-server\node_modules\egg-logrotator\app\schedule\rotate_by_file.js
2022-02-16 16:25:15,689 INFO 2312 [egg-schedule]: register schedule C:\Users\liuqi\work\node-server\node_modules\egg-multipart\app\schedule\clean_tmpdir.js
2022-02-16 16:25:15,689 INFO 2312 [egg-schedule]: register schedule C:\Users\liuqi\work\node-server\node_modules\egg-logrotator\app\schedule\clean_log.js
2022-02-16 16:25:15,689 INFO 2312 [egg-schedule]: register schedule C:\Users\liuqi\work\node-server\node_modules\egg-logrotator\app\schedule\rotate_by_file.js
2022-02-16 16:25:23,398 INFO 12564 [egg-schedule]: register schedule C:\Users\liuqi\work\node-server\node_modules\egg-multipart\app\schedule\clean_tmpdir.js
2022-02-16 16:25:23,398 INFO 12564 [egg-schedule]: register schedule C:\Users\liuqi\work\node-server\node_modules\egg-logrotator\app\schedule\clean_log.js
2022-02-16 16:25:23,398 INFO 12564 [egg-schedule]: register schedule C:\Users\liuqi\work\node-server\node_modules\egg-logrotator\app\schedule\rotate_by_file.js
2022-02-16 16:25:43,547 INFO 8888 [Timer] C:\Users\liuqi\work\node-server\node_modules\egg-multipart\app\schedule\clean_tmpdir.js next time will execute after 43456454ms at 2022-02-17 04:30:00.001
2022-02-16 16:25:43,548 INFO 8888 [Timer] C:\Users\liuqi\work\node-server\node_modules\egg-logrotator\app\schedule\clean_log.js next time will execute after 27256453ms at 2022-02-17 00:00:00.001
2022-02-16 16:25:43,548 INFO 8888 [Timer] C:\Users\liuqi\work\node-server\node_modules\egg-logrotator\app\schedule\rotate_by_file.js next time will execute after 27257452ms at 2022-02-17 00:00:01.000
2022-02-16 16:25:43,449 INFO 12448 [egg-schedule]: register schedule C:\Users\liuqi\work\node-server\node_modules\egg-multipart\app\schedule\clean_tmpdir.js
2022-02-16 16:25:43,449 INFO 12448 [egg-schedule]: register schedule C:\Users\liuqi\work\node-server\node_modules\egg-logrotator\app\schedule\clean_log.js
2022-02-16 16:25:43,449 INFO 12448 [egg-schedule]: register schedule C:\Users\liuqi\work\node-server\node_modules\egg-logrotator\app\schedule\rotate_by_file.js
2022-02-16 16:26:24,998 INFO 18392 [egg-schedule]: register schedule C:\Users\liuqi\work\node-server\node_modules\egg-multipart\app\schedule\clean_tmpdir.js
2022-02-16 16:26:24,998 INFO 18392 [egg-schedule]: register schedule C:\Users\liuqi\work\node-server\node_modules\egg-logrotator\app\schedule\clean_log.js
2022-02-16 16:26:24,998 INFO 18392 [egg-schedule]: register schedule C:\Users\liuqi\work\node-server\node_modules\egg-logrotator\app\schedule\rotate_by_file.js
2022-02-16 16:32:07,331 INFO 4108 [egg-schedule]: register schedule C:\Users\liuqi\work\node-server\node_modules\egg-multipart\app\schedule\clean_tmpdir.js
2022-02-16 16:32:07,331 INFO 4108 [egg-schedule]: register schedule C:\Users\liuqi\work\node-server\node_modules\egg-logrotator\app\schedule\clean_log.js
2022-02-16 16:32:07,331 INFO 4108 [egg-schedule]: register schedule C:\Users\liuqi\work\node-server\node_modules\egg-logrotator\app\schedule\rotate_by_file.js
2022-02-16 16:32:08,668 INFO 18268 [egg-schedule]: register schedule C:\Users\liuqi\work\node-server\node_modules\egg-multipart\app\schedule\clean_tmpdir.js
2022-02-16 16:32:08,668 INFO 18268 [egg-schedule]: register schedule C:\Users\liuqi\work\node-server\node_modules\egg-logrotator\app\schedule\clean_log.js
2022-02-16 16:32:08,668 INFO 18268 [egg-schedule]: register schedule C:\Users\liuqi\work\node-server\node_modules\egg-logrotator\app\schedule\rotate_by_file.js
2022-02-16 16:40:17,079 INFO 18192 [egg-schedule]: register schedule C:\Users\liuqi\work\node-server\node_modules\egg-multipart\app\schedule\clean_tmpdir.js
2022-02-16 16:40:17,079 INFO 18192 [egg-schedule]: register schedule C:\Users\liuqi\work\node-server\node_modules\egg-logrotator\app\schedule\clean_log.js
2022-02-16 16:40:17,079 INFO 18192 [egg-schedule]: register schedule C:\Users\liuqi\work\node-server\node_modules\egg-logrotator\app\schedule\rotate_by_file.js
2022-02-16 16:40:24,119 INFO 15576 [egg-schedule]: register schedule C:\Users\liuqi\work\node-server\node_modules\egg-multipart\app\schedule\clean_tmpdir.js
2022-02-16 16:40:24,119 INFO 15576 [egg-schedule]: register schedule C:\Users\liuqi\work\node-server\node_modules\egg-logrotator\app\schedule\clean_log.js
2022-02-16 16:40:24,119 INFO 15576 [egg-schedule]: register schedule C:\Users\liuqi\work\node-server\node_modules\egg-logrotator\app\schedule\rotate_by_file.js
2022-02-16 16:40:42,972 INFO 12812 [egg-schedule]: register schedule C:\Users\liuqi\work\node-server\node_modules\egg-multipart\app\schedule\clean_tmpdir.js
2022-02-16 16:40:42,972 INFO 12812 [egg-schedule]: register schedule C:\Users\liuqi\work\node-server\node_modules\egg-logrotator\app\schedule\clean_log.js
2022-02-16 16:40:42,972 INFO 12812 [egg-schedule]: register schedule C:\Users\liuqi\work\node-server\node_modules\egg-logrotator\app\schedule\rotate_by_file.js
2022-02-16 16:56:00,028 INFO 7484 [egg-schedule]: register schedule C:\Users\liuqi\work\node-server\node_modules\egg-multipart\app\schedule\clean_tmpdir.js
2022-02-16 16:56:00,028 INFO 7484 [egg-schedule]: register schedule C:\Users\liuqi\work\node-server\node_modules\egg-logrotator\app\schedule\clean_log.js
2022-02-16 16:56:00,028 INFO 7484 [egg-schedule]: register schedule C:\Users\liuqi\work\node-server\node_modules\egg-logrotator\app\schedule\rotate_by_file.js
2022-02-16 16:56:03,701 INFO 6540 [egg-schedule]: register schedule C:\Users\liuqi\work\node-server\node_modules\egg-multipart\app\schedule\clean_tmpdir.js
2022-02-16 16:56:03,701 INFO 6540 [egg-schedule]: register schedule C:\Users\liuqi\work\node-server\node_modules\egg-logrotator\app\schedule\clean_log.js
2022-02-16 16:56:03,701 INFO 6540 [egg-schedule]: register schedule C:\Users\liuqi\work\node-server\node_modules\egg-logrotator\app\schedule\rotate_by_file.js
2022-02-16 17:15:39,786 INFO 20056 [Timer] C:\Users\liuqi\work\node-server\node_modules\egg-multipart\app\schedule\clean_tmpdir.js next time will execute after 40460216ms at 2022-02-17 04:30:00.002
2022-02-16 17:15:39,786 INFO 20056 [Timer] C:\Users\liuqi\work\node-server\node_modules\egg-logrotator\app\schedule\clean_log.js next time will execute after 24260214ms at 2022-02-17 00:00:00.000
2022-02-16 17:15:39,786 INFO 20056 [Timer] C:\Users\liuqi\work\node-server\node_modules\egg-logrotator\app\schedule\rotate_by_file.js next time will execute after 24261214ms at 2022-02-17 00:00:01.000
2022-02-16 17:15:39,687 INFO 16088 [egg-schedule]: register schedule C:\Users\liuqi\work\node-server\node_modules\egg-multipart\app\schedule\clean_tmpdir.js
2022-02-16 17:15:39,687 INFO 16088 [egg-schedule]: register schedule C:\Users\liuqi\work\node-server\node_modules\egg-logrotator\app\schedule\clean_log.js
2022-02-16 17:15:39,687 INFO 16088 [egg-schedule]: register schedule C:\Users\liuqi\work\node-server\node_modules\egg-logrotator\app\schedule\rotate_by_file.js
2022-02-16 17:20:25,975 INFO 11092 [Timer] C:\Users\liuqi\work\node-server\node_modules\egg-multipart\app\schedule\clean_tmpdir.js next time will execute after 40174026ms at 2022-02-17 04:30:00.001
2022-02-16 17:20:25,976 INFO 11092 [Timer] C:\Users\liuqi\work\node-server\node_modules\egg-logrotator\app\schedule\clean_log.js next time will execute after 23974024ms at 2022-02-17 00:00:00.000
2022-02-16 17:20:25,976 INFO 11092 [Timer] C:\Users\liuqi\work\node-server\node_modules\egg-logrotator\app\schedule\rotate_by_file.js next time will execute after 23975024ms at 2022-02-17 00:00:01.000
2022-02-16 17:20:25,876 INFO 14848 [egg-schedule]: register schedule C:\Users\liuqi\work\node-server\node_modules\egg-multipart\app\schedule\clean_tmpdir.js
2022-02-16 17:20:25,876 INFO 14848 [egg-schedule]: register schedule C:\Users\liuqi\work\node-server\node_modules\egg-logrotator\app\schedule\clean_log.js
2022-02-16 17:20:25,876 INFO 14848 [egg-schedule]: register schedule C:\Users\liuqi\work\node-server\node_modules\egg-logrotator\app\schedule\rotate_by_file.js
2022-02-16 17:21:23,413 INFO 12216 [egg-schedule]: register schedule C:\Users\liuqi\work\node-server\node_modules\egg-multipart\app\schedule\clean_tmpdir.js
2022-02-16 17:21:23,413 INFO 12216 [egg-schedule]: register schedule C:\Users\liuqi\work\node-server\node_modules\egg-logrotator\app\schedule\clean_log.js
2022-02-16 17:21:23,413 INFO 12216 [egg-schedule]: register schedule C:\Users\liuqi\work\node-server\node_modules\egg-logrotator\app\schedule\rotate_by_file.js
2022-02-16 17:21:27,311 INFO 11372 [egg-schedule]: register schedule C:\Users\liuqi\work\node-server\node_modules\egg-multipart\app\schedule\clean_tmpdir.js
2022-02-16 17:21:27,311 INFO 11372 [egg-schedule]: register schedule C:\Users\liuqi\work\node-server\node_modules\egg-logrotator\app\schedule\clean_log.js
2022-02-16 17:21:27,311 INFO 11372 [egg-schedule]: register schedule C:\Users\liuqi\work\node-server\node_modules\egg-logrotator\app\schedule\rotate_by_file.js
2022-02-16 17:22:32,946 INFO 15880 [egg-schedule]: register schedule C:\Users\liuqi\work\node-server\node_modules\egg-multipart\app\schedule\clean_tmpdir.js
2022-02-16 17:22:32,946 INFO 15880 [egg-schedule]: register schedule C:\Users\liuqi\work\node-server\node_modules\egg-logrotator\app\schedule\clean_log.js
2022-02-16 17:22:32,946 INFO 15880 [egg-schedule]: register schedule C:\Users\liuqi\work\node-server\node_modules\egg-logrotator\app\schedule\rotate_by_file.js
2022-02-16 17:23:52,233 INFO 11820 [Timer] C:\Users\liuqi\work\node-server\node_modules\egg-multipart\app\schedule\clean_tmpdir.js next time will execute after 39967769ms at 2022-02-17 04:30:00.002
2022-02-16 17:23:52,233 INFO 11820 [Timer] C:\Users\liuqi\work\node-server\node_modules\egg-logrotator\app\schedule\clean_log.js next time will execute after 23767767ms at 2022-02-17 00:00:00.000
2022-02-16 17:23:52,233 INFO 11820 [Timer] C:\Users\liuqi\work\node-server\node_modules\egg-logrotator\app\schedule\rotate_by_file.js next time will execute after 23768767ms at 2022-02-17 00:00:01.000
2022-02-16 17:23:52,132 INFO 18520 [egg-schedule]: register schedule C:\Users\liuqi\work\node-server\node_modules\egg-multipart\app\schedule\clean_tmpdir.js
2022-02-16 17:23:52,132 INFO 18520 [egg-schedule]: register schedule C:\Users\liuqi\work\node-server\node_modules\egg-logrotator\app\schedule\clean_log.js
2022-02-16 17:23:52,132 INFO 18520 [egg-schedule]: register schedule C:\Users\liuqi\work\node-server\node_modules\egg-logrotator\app\schedule\rotate_by_file.js
2022-02-16 17:27:04,672 INFO 12580 [egg-schedule]: register schedule C:\Users\liuqi\work\node-server\node_modules\egg-multipart\app\schedule\clean_tmpdir.js
2022-02-16 17:27:04,672 INFO 12580 [egg-schedule]: register schedule C:\Users\liuqi\work\node-server\node_modules\egg-logrotator\app\schedule\clean_log.js
2022-02-16 17:27:04,672 INFO 12580 [egg-schedule]: register schedule C:\Users\liuqi\work\node-server\node_modules\egg-logrotator\app\schedule\rotate_by_file.js
2022-02-16 17:27:31,366 INFO 5636 [egg-schedule]: register schedule C:\Users\liuqi\work\node-server\node_modules\egg-multipart\app\schedule\clean_tmpdir.js
2022-02-16 17:27:31,366 INFO 5636 [egg-schedule]: register schedule C:\Users\liuqi\work\node-server\node_modules\egg-logrotator\app\schedule\clean_log.js
2022-02-16 17:27:31,366 INFO 5636 [egg-schedule]: register schedule C:\Users\liuqi\work\node-server\node_modules\egg-logrotator\app\schedule\rotate_by_file.js
2022-02-16 17:28:14,001 INFO 2228 [egg-schedule]: register schedule C:\Users\liuqi\work\node-server\node_modules\egg-multipart\app\schedule\clean_tmpdir.js
2022-02-16 17:28:14,001 INFO 2228 [egg-schedule]: register schedule C:\Users\liuqi\work\node-server\node_modules\egg-logrotator\app\schedule\clean_log.js
2022-02-16 17:28:14,001 INFO 2228 [egg-schedule]: register schedule C:\Users\liuqi\work\node-server\node_modules\egg-logrotator\app\schedule\rotate_by_file.js
2022-02-16 17:30:34,650 INFO 11400 [Timer] C:\Users\liuqi\work\node-server\node_modules\egg-multipart\app\schedule\clean_tmpdir.js next time will execute after 39565352ms at 2022-02-17 04:30:00.002
2022-02-16 17:30:34,650 INFO 11400 [Timer] C:\Users\liuqi\work\node-server\node_modules\egg-logrotator\app\schedule\clean_log.js next time will execute after 23365350ms at 2022-02-17 00:00:00.000
2022-02-16 17:30:34,650 INFO 11400 [Timer] C:\Users\liuqi\work\node-server\node_modules\egg-logrotator\app\schedule\rotate_by_file.js next time will execute after 23366350ms at 2022-02-17 00:00:01.000
2022-02-16 17:30:34,552 INFO 19348 [egg-schedule]: register schedule C:\Users\liuqi\work\node-server\node_modules\egg-multipart\app\schedule\clean_tmpdir.js
2022-02-16 17:30:34,552 INFO 19348 [egg-schedule]: register schedule C:\Users\liuqi\work\node-server\node_modules\egg-logrotator\app\schedule\clean_log.js
2022-02-16 17:30:34,552 INFO 19348 [egg-schedule]: register schedule C:\Users\liuqi\work\node-server\node_modules\egg-logrotator\app\schedule\rotate_by_file.js
2022-02-16 17:31:56,442 INFO 11620 [egg-schedule]: register schedule C:\Users\liuqi\work\node-server\node_modules\egg-multipart\app\schedule\clean_tmpdir.js
2022-02-16 17:31:56,442 INFO 11620 [egg-schedule]: register schedule C:\Users\liuqi\work\node-server\node_modules\egg-logrotator\app\schedule\clean_log.js
2022-02-16 17:31:56,442 INFO 11620 [egg-schedule]: register schedule C:\Users\liuqi\work\node-server\node_modules\egg-logrotator\app\schedule\rotate_by_file.js
2022-02-16 17:32:46,797 INFO 15996 [Timer] C:\Users\liuqi\work\node-server\node_modules\egg-multipart\app\schedule\clean_tmpdir.js next time will execute after 39433205ms at 2022-02-17 04:30:00.002
2022-02-16 17:32:46,798 INFO 15996 [Timer] C:\Users\liuqi\work\node-server\node_modules\egg-logrotator\app\schedule\clean_log.js next time will execute after 23233203ms at 2022-02-17 00:00:00.001
2022-02-16 17:32:46,798 INFO 15996 [Timer] C:\Users\liuqi\work\node-server\node_modules\egg-logrotator\app\schedule\rotate_by_file.js next time will execute after 23234202ms at 2022-02-17 00:00:01.000
2022-02-16 17:32:46,673 INFO 6760 [egg-schedule]: register schedule C:\Users\liuqi\work\node-server\node_modules\egg-multipart\app\schedule\clean_tmpdir.js
2022-02-16 17:32:46,673 INFO 6760 [egg-schedule]: register schedule C:\Users\liuqi\work\node-server\node_modules\egg-logrotator\app\schedule\clean_log.js
2022-02-16 17:32:46,673 INFO 6760 [egg-schedule]: register schedule C:\Users\liuqi\work\node-server\node_modules\egg-logrotator\app\schedule\rotate_by_file.js
2022-02-16 17:33:10,494 INFO 11044 [egg-schedule]: register schedule C:\Users\liuqi\work\node-server\node_modules\egg-multipart\app\schedule\clean_tmpdir.js
2022-02-16 17:33:10,494 INFO 11044 [egg-schedule]: register schedule C:\Users\liuqi\work\node-server\node_modules\egg-logrotator\app\schedule\clean_log.js
2022-02-16 17:33:10,494 INFO 11044 [egg-schedule]: register schedule C:\Users\liuqi\work\node-server\node_modules\egg-logrotator\app\schedule\rotate_by_file.js
2022-02-16 17:33:31,028 INFO 704 [egg-schedule]: register schedule C:\Users\liuqi\work\node-server\node_modules\egg-multipart\app\schedule\clean_tmpdir.js
2022-02-16 17:33:31,028 INFO 704 [egg-schedule]: register schedule C:\Users\liuqi\work\node-server\node_modules\egg-logrotator\app\schedule\clean_log.js
2022-02-16 17:33:31,028 INFO 704 [egg-schedule]: register schedule C:\Users\liuqi\work\node-server\node_modules\egg-logrotator\app\schedule\rotate_by_file.js
2022-02-16 17:33:39,598 INFO 17252 [egg-schedule]: register schedule C:\Users\liuqi\work\node-server\node_modules\egg-multipart\app\schedule\clean_tmpdir.js
2022-02-16 17:33:39,598 INFO 17252 [egg-schedule]: register schedule C:\Users\liuqi\work\node-server\node_modules\egg-logrotator\app\schedule\clean_log.js
2022-02-16 17:33:39,599 INFO 17252 [egg-schedule]: register schedule C:\Users\liuqi\work\node-server\node_modules\egg-logrotator\app\schedule\rotate_by_file.js
2022-02-16 17:33:41,606 INFO 1896 [egg-schedule]: register schedule C:\Users\liuqi\work\node-server\node_modules\egg-multipart\app\schedule\clean_tmpdir.js
2022-02-16 17:33:41,606 INFO 1896 [egg-schedule]: register schedule C:\Users\liuqi\work\node-server\node_modules\egg-logrotator\app\schedule\clean_log.js
2022-02-16 17:33:41,606 INFO 1896 [egg-schedule]: register schedule C:\Users\liuqi\work\node-server\node_modules\egg-logrotator\app\schedule\rotate_by_file.js
2022-02-16 17:33:54,214 INFO 2972 [Timer] C:\Users\liuqi\work\node-server\node_modules\egg-multipart\app\schedule\clean_tmpdir.js next time will execute after 39365788ms at 2022-02-17 04:30:00.002
2022-02-16 17:33:54,214 INFO 2972 [Timer] C:\Users\liuqi\work\node-server\node_modules\egg-logrotator\app\schedule\clean_log.js next time will execute after 23165786ms at 2022-02-17 00:00:00.000
2022-02-16 17:33:54,214 INFO 2972 [Timer] C:\Users\liuqi\work\node-server\node_modules\egg-logrotator\app\schedule\rotate_by_file.js next time will execute after 23166786ms at 2022-02-17 00:00:01.000
2022-02-16 17:33:54,108 INFO 14184 [egg-schedule]: register schedule C:\Users\liuqi\work\node-server\node_modules\egg-multipart\app\schedule\clean_tmpdir.js
2022-02-16 17:33:54,108 INFO 14184 [egg-schedule]: register schedule C:\Users\liuqi\work\node-server\node_modules\egg-logrotator\app\schedule\clean_log.js
2022-02-16 17:33:54,108 INFO 14184 [egg-schedule]: register schedule C:\Users\liuqi\work\node-server\node_modules\egg-logrotator\app\schedule\rotate_by_file.js
2022-02-16 17:35:56,573 INFO 18216 [egg-schedule]: register schedule C:\Users\liuqi\work\node-server\node_modules\egg-multipart\app\schedule\clean_tmpdir.js
2022-02-16 17:35:56,573 INFO 18216 [egg-schedule]: register schedule C:\Users\liuqi\work\node-server\node_modules\egg-logrotator\app\schedule\clean_log.js
2022-02-16 17:35:56,573 INFO 18216 [egg-schedule]: register schedule C:\Users\liuqi\work\node-server\node_modules\egg-logrotator\app\schedule\rotate_by_file.js
2022-02-16 17:36:12,609 INFO 4812 [egg-schedule]: register schedule C:\Users\liuqi\work\node-server\node_modules\egg-multipart\app\schedule\clean_tmpdir.js
2022-02-16 17:36:12,609 INFO 4812 [egg-schedule]: register schedule C:\Users\liuqi\work\node-server\node_modules\egg-logrotator\app\schedule\clean_log.js
2022-02-16 17:36:12,609 INFO 4812 [egg-schedule]: register schedule C:\Users\liuqi\work\node-server\node_modules\egg-logrotator\app\schedule\rotate_by_file.js
2022-02-16 17:36:19,269 INFO 10544 [Timer] C:\Users\liuqi\work\node-server\node_modules\egg-multipart\app\schedule\clean_tmpdir.js next time will execute after 39220733ms at 2022-02-17 04:30:00.002
2022-02-16 17:36:19,269 INFO 10544 [Timer] C:\Users\liuqi\work\node-server\node_modules\egg-logrotator\app\schedule\clean_log.js next time will execute after 23020731ms at 2022-02-17 00:00:00.000
2022-02-16 17:36:19,269 INFO 10544 [Timer] C:\Users\liuqi\work\node-server\node_modules\egg-logrotator\app\schedule\rotate_by_file.js next time will execute after 23021731ms at 2022-02-17 00:00:01.000
2022-02-16 17:36:19,165 INFO 9252 [egg-schedule]: register schedule C:\Users\liuqi\work\node-server\node_modules\egg-multipart\app\schedule\clean_tmpdir.js
2022-02-16 17:36:19,165 INFO 9252 [egg-schedule]: register schedule C:\Users\liuqi\work\node-server\node_modules\egg-logrotator\app\schedule\clean_log.js
2022-02-16 17:36:19,165 INFO 9252 [egg-schedule]: register schedule C:\Users\liuqi\work\node-server\node_modules\egg-logrotator\app\schedule\rotate_by_file.js
2022-02-16 17:38:51,430 INFO 20216 [egg-schedule]: register schedule C:\Users\liuqi\work\node-server\node_modules\egg-multipart\app\schedule\clean_tmpdir.js
2022-02-16 17:38:51,430 INFO 20216 [egg-schedule]: register schedule C:\Users\liuqi\work\node-server\node_modules\egg-logrotator\app\schedule\clean_log.js
2022-02-16 17:38:51,430 INFO 20216 [egg-schedule]: register schedule C:\Users\liuqi\work\node-server\node_modules\egg-logrotator\app\schedule\rotate_by_file.js
2022-02-16 17:39:04,955 INFO 17060 [egg-schedule]: register schedule C:\Users\liuqi\work\node-server\node_modules\egg-multipart\app\schedule\clean_tmpdir.js
2022-02-16 17:39:04,955 INFO 17060 [egg-schedule]: register schedule C:\Users\liuqi\work\node-server\node_modules\egg-logrotator\app\schedule\clean_log.js
2022-02-16 17:39:04,955 INFO 17060 [egg-schedule]: register schedule C:\Users\liuqi\work\node-server\node_modules\egg-logrotator\app\schedule\rotate_by_file.js
2022-02-16 17:39:15,388 INFO 3208 [Timer] C:\Users\liuqi\work\node-server\node_modules\egg-multipart\app\schedule\clean_tmpdir.js next time will execute after 39044614ms at 2022-02-17 04:30:00.002
2022-02-16 17:39:15,388 INFO 3208 [Timer] C:\Users\liuqi\work\node-server\node_modules\egg-logrotator\app\schedule\clean_log.js next time will execute after 22844612ms at 2022-02-17 00:00:00.000
2022-02-16 17:39:15,388 INFO 3208 [Timer] C:\Users\liuqi\work\node-server\node_modules\egg-logrotator\app\schedule\rotate_by_file.js next time will execute after 22845612ms at 2022-02-17 00:00:01.000
2022-02-16 17:39:15,285 INFO 8784 [egg-schedule]: register schedule C:\Users\liuqi\work\node-server\node_modules\egg-multipart\app\schedule\clean_tmpdir.js
2022-02-16 17:39:15,285 INFO 8784 [egg-schedule]: register schedule C:\Users\liuqi\work\node-server\node_modules\egg-logrotator\app\schedule\clean_log.js
2022-02-16 17:39:15,285 INFO 8784 [egg-schedule]: register schedule C:\Users\liuqi\work\node-server\node_modules\egg-logrotator\app\schedule\rotate_by_file.js
2022-02-16 17:39:30,190 INFO 19292 [Timer] C:\Users\liuqi\work\node-server\node_modules\egg-multipart\app\schedule\clean_tmpdir.js next time will execute after 39029811ms at 2022-02-17 04:30:00.001
2022-02-16 17:39:30,191 INFO 19292 [Timer] C:\Users\liuqi\work\node-server\node_modules\egg-logrotator\app\schedule\clean_log.js next time will execute after 22829809ms at 2022-02-17 00:00:00.000
2022-02-16 17:39:30,191 INFO 19292 [Timer] C:\Users\liuqi\work\node-server\node_modules\egg-logrotator\app\schedule\rotate_by_file.js next time will execute after 22830809ms at 2022-02-17 00:00:01.000
2022-02-16 17:39:30,091 INFO 19472 [egg-schedule]: register schedule C:\Users\liuqi\work\node-server\node_modules\egg-multipart\app\schedule\clean_tmpdir.js
2022-02-16 17:39:30,091 INFO 19472 [egg-schedule]: register schedule C:\Users\liuqi\work\node-server\node_modules\egg-logrotator\app\schedule\clean_log.js
2022-02-16 17:39:30,091 INFO 19472 [egg-schedule]: register schedule C:\Users\liuqi\work\node-server\node_modules\egg-logrotator\app\schedule\rotate_by_file.js
2022-02-16 17:41:01,150 INFO 10492 [egg-schedule]: register schedule C:\Users\liuqi\work\node-server\node_modules\egg-multipart\app\schedule\clean_tmpdir.js
2022-02-16 17:41:01,150 INFO 10492 [egg-schedule]: register schedule C:\Users\liuqi\work\node-server\node_modules\egg-logrotator\app\schedule\clean_log.js
2022-02-16 17:41:01,150 INFO 10492 [egg-schedule]: register schedule C:\Users\liuqi\work\node-server\node_modules\egg-logrotator\app\schedule\rotate_by_file.js
2022-02-16 17:41:03,892 INFO 14604 [egg-schedule]: register schedule C:\Users\liuqi\work\node-server\node_modules\egg-multipart\app\schedule\clean_tmpdir.js
2022-02-16 17:41:03,892 INFO 14604 [egg-schedule]: register schedule C:\Users\liuqi\work\node-server\node_modules\egg-logrotator\app\schedule\clean_log.js
2022-02-16 17:41:03,892 INFO 14604 [egg-schedule]: register schedule C:\Users\liuqi\work\node-server\node_modules\egg-logrotator\app\schedule\rotate_by_file.js
2022-02-16 17:41:08,787 INFO 17480 [Timer] C:\Users\liuqi\work\node-server\node_modules\egg-multipart\app\schedule\clean_tmpdir.js next time will execute after 38931215ms at 2022-02-17 04:30:00.002
2022-02-16 17:41:08,787 INFO 17480 [Timer] C:\Users\liuqi\work\node-server\node_modules\egg-logrotator\app\schedule\clean_log.js next time will execute after 22731213ms at 2022-02-17 00:00:00.000
2022-02-16 17:41:08,787 INFO 17480 [Timer] C:\Users\liuqi\work\node-server\node_modules\egg-logrotator\app\schedule\rotate_by_file.js next time will execute after 22732213ms at 2022-02-17 00:00:01.000
2022-02-16 17:41:08,681 INFO 8872 [egg-schedule]: register schedule C:\Users\liuqi\work\node-server\node_modules\egg-multipart\app\schedule\clean_tmpdir.js
2022-02-16 17:41:08,681 INFO 8872 [egg-schedule]: register schedule C:\Users\liuqi\work\node-server\node_modules\egg-logrotator\app\schedule\clean_log.js
2022-02-16 17:41:08,681 INFO 8872 [egg-schedule]: register schedule C:\Users\liuqi\work\node-server\node_modules\egg-logrotator\app\schedule\rotate_by_file.js
2022-02-16 17:43:21,549 INFO 18428 [Timer] C:\Users\liuqi\work\node-server\node_modules\egg-multipart\app\schedule\clean_tmpdir.js next time will execute after 38798453ms at 2022-02-17 04:30:00.002
2022-02-16 17:43:21,549 INFO 18428 [Timer] C:\Users\liuqi\work\node-server\node_modules\egg-logrotator\app\schedule\clean_log.js next time will execute after 22598451ms at 2022-02-17 00:00:00.000
2022-02-16 17:43:21,549 INFO 18428 [Timer] C:\Users\liuqi\work\node-server\node_modules\egg-logrotator\app\schedule\rotate_by_file.js next time will execute after 22599451ms at 2022-02-17 00:00:01.000
2022-02-16 17:43:21,449 INFO 17100 [egg-schedule]: register schedule C:\Users\liuqi\work\node-server\node_modules\egg-multipart\app\schedule\clean_tmpdir.js
2022-02-16 17:43:21,449 INFO 17100 [egg-schedule]: register schedule C:\Users\liuqi\work\node-server\node_modules\egg-logrotator\app\schedule\clean_log.js
2022-02-16 17:43:21,449 INFO 17100 [egg-schedule]: register schedule C:\Users\liuqi\work\node-server\node_modules\egg-logrotator\app\schedule\rotate_by_file.js
2022-02-16 17:45:26,176 INFO 15832 [egg-schedule]: register schedule C:\Users\liuqi\work\node-server\node_modules\egg-multipart\app\schedule\clean_tmpdir.js
2022-02-16 17:45:26,176 INFO 15832 [egg-schedule]: register schedule C:\Users\liuqi\work\node-server\node_modules\egg-logrotator\app\schedule\clean_log.js
2022-02-16 17:45:26,176 INFO 15832 [egg-schedule]: register schedule C:\Users\liuqi\work\node-server\node_modules\egg-logrotator\app\schedule\rotate_by_file.js
2022-02-16 17:45:42,217 INFO 5808 [Timer] C:\Users\liuqi\work\node-server\node_modules\egg-multipart\app\schedule\clean_tmpdir.js next time will execute after 38657785ms at 2022-02-17 04:30:00.002
2022-02-16 17:45:42,218 INFO 5808 [Timer] C:\Users\liuqi\work\node-server\node_modules\egg-logrotator\app\schedule\clean_log.js next time will execute after 22457783ms at 2022-02-17 00:00:00.001
2022-02-16 17:45:42,218 INFO 5808 [Timer] C:\Users\liuqi\work\node-server\node_modules\egg-logrotator\app\schedule\rotate_by_file.js next time will execute after 22458782ms at 2022-02-17 00:00:01.000
2022-02-16 17:45:42,118 INFO 9536 [egg-schedule]: register schedule C:\Users\liuqi\work\node-server\node_modules\egg-multipart\app\schedule\clean_tmpdir.js
2022-02-16 17:45:42,118 INFO 9536 [egg-schedule]: register schedule C:\Users\liuqi\work\node-server\node_modules\egg-logrotator\app\schedule\clean_log.js
2022-02-16 17:45:42,118 INFO 9536 [egg-schedule]: register schedule C:\Users\liuqi\work\node-server\node_modules\egg-logrotator\app\schedule\rotate_by_file.js
2022-02-16 17:46:28,112 INFO 3276 [egg-schedule]: register schedule C:\Users\liuqi\work\node-server\node_modules\egg-multipart\app\schedule\clean_tmpdir.js
2022-02-16 17:46:28,112 INFO 3276 [egg-schedule]: register schedule C:\Users\liuqi\work\node-server\node_modules\egg-logrotator\app\schedule\clean_log.js
2022-02-16 17:46:28,112 INFO 3276 [egg-schedule]: register schedule C:\Users\liuqi\work\node-server\node_modules\egg-logrotator\app\schedule\rotate_by_file.js
2022-02-16 17:46:52,370 INFO 13376 [egg-schedule]: register schedule C:\Users\liuqi\work\node-server\node_modules\egg-multipart\app\schedule\clean_tmpdir.js
2022-02-16 17:46:52,370 INFO 13376 [egg-schedule]: register schedule C:\Users\liuqi\work\node-server\node_modules\egg-logrotator\app\schedule\clean_log.js
2022-02-16 17:46:52,370 INFO 13376 [egg-schedule]: register schedule C:\Users\liuqi\work\node-server\node_modules\egg-logrotator\app\schedule\rotate_by_file.js
2022-02-16 17:47:00,404 INFO 5668 [egg-schedule]: register schedule C:\Users\liuqi\work\node-server\node_modules\egg-multipart\app\schedule\clean_tmpdir.js
2022-02-16 17:47:00,404 INFO 5668 [egg-schedule]: register schedule C:\Users\liuqi\work\node-server\node_modules\egg-logrotator\app\schedule\clean_log.js
2022-02-16 17:47:00,404 INFO 5668 [egg-schedule]: register schedule C:\Users\liuqi\work\node-server\node_modules\egg-logrotator\app\schedule\rotate_by_file.js
2022-02-16 17:47:52,212 INFO 8884 [egg-schedule]: register schedule C:\Users\liuqi\work\node-server\node_modules\egg-multipart\app\schedule\clean_tmpdir.js
2022-02-16 17:47:52,212 INFO 8884 [egg-schedule]: register schedule C:\Users\liuqi\work\node-server\node_modules\egg-logrotator\app\schedule\clean_log.js
2022-02-16 17:47:52,213 INFO 8884 [egg-schedule]: register schedule C:\Users\liuqi\work\node-server\node_modules\egg-logrotator\app\schedule\rotate_by_file.js
2022-02-16 17:47:54,711 INFO 12260 [egg-schedule]: register schedule C:\Users\liuqi\work\node-server\node_modules\egg-multipart\app\schedule\clean_tmpdir.js
2022-02-16 17:47:54,711 INFO 12260 [egg-schedule]: register schedule C:\Users\liuqi\work\node-server\node_modules\egg-logrotator\app\schedule\clean_log.js
2022-02-16 17:47:54,711 INFO 12260 [egg-schedule]: register schedule C:\Users\liuqi\work\node-server\node_modules\egg-logrotator\app\schedule\rotate_by_file.js
2022-02-16 17:47:57,100 INFO 8212 [egg-schedule]: register schedule C:\Users\liuqi\work\node-server\node_modules\egg-multipart\app\schedule\clean_tmpdir.js
2022-02-16 17:47:57,100 INFO 8212 [egg-schedule]: register schedule C:\Users\liuqi\work\node-server\node_modules\egg-logrotator\app\schedule\clean_log.js
2022-02-16 17:47:57,100 INFO 8212 [egg-schedule]: register schedule C:\Users\liuqi\work\node-server\node_modules\egg-logrotator\app\schedule\rotate_by_file.js
2022-02-16 17:47:58,117 INFO 13580 [egg-schedule]: register schedule C:\Users\liuqi\work\node-server\node_modules\egg-multipart\app\schedule\clean_tmpdir.js
2022-02-16 17:47:58,117 INFO 13580 [egg-schedule]: register schedule C:\Users\liuqi\work\node-server\node_modules\egg-logrotator\app\schedule\clean_log.js
2022-02-16 17:47:58,117 INFO 13580 [egg-schedule]: register schedule C:\Users\liuqi\work\node-server\node_modules\egg-logrotator\app\schedule\rotate_by_file.js
2022-02-16 17:48:50,797 INFO 11336 [egg-schedule]: register schedule C:\Users\liuqi\work\node-server\node_modules\egg-multipart\app\schedule\clean_tmpdir.js
2022-02-16 17:48:50,797 INFO 11336 [egg-schedule]: register schedule C:\Users\liuqi\work\node-server\node_modules\egg-logrotator\app\schedule\clean_log.js
2022-02-16 17:48:50,797 INFO 11336 [egg-schedule]: register schedule C:\Users\liuqi\work\node-server\node_modules\egg-logrotator\app\schedule\rotate_by_file.js
2022-02-16 17:49:11,547 INFO 9240 [egg-schedule]: register schedule C:\Users\liuqi\work\node-server\node_modules\egg-multipart\app\schedule\clean_tmpdir.js
2022-02-16 17:49:11,547 INFO 9240 [egg-schedule]: register schedule C:\Users\liuqi\work\node-server\node_modules\egg-logrotator\app\schedule\clean_log.js
2022-02-16 17:49:11,547 INFO 9240 [egg-schedule]: register schedule C:\Users\liuqi\work\node-server\node_modules\egg-logrotator\app\schedule\rotate_by_file.js
2022-02-16 17:49:31,042 INFO 9892 [egg-schedule]: register schedule C:\Users\liuqi\work\node-server\node_modules\egg-multipart\app\schedule\clean_tmpdir.js
2022-02-16 17:49:31,042 INFO 9892 [egg-schedule]: register schedule C:\Users\liuqi\work\node-server\node_modules\egg-logrotator\app\schedule\clean_log.js
2022-02-16 17:49:31,042 INFO 9892 [egg-schedule]: register schedule C:\Users\liuqi\work\node-server\node_modules\egg-logrotator\app\schedule\rotate_by_file.js
2022-02-16 17:49:33,720 INFO 18088 [egg-schedule]: register schedule C:\Users\liuqi\work\node-server\node_modules\egg-multipart\app\schedule\clean_tmpdir.js
2022-02-16 17:49:33,720 INFO 18088 [egg-schedule]: register schedule C:\Users\liuqi\work\node-server\node_modules\egg-logrotator\app\schedule\clean_log.js
2022-02-16 17:49:33,720 INFO 18088 [egg-schedule]: register schedule C:\Users\liuqi\work\node-server\node_modules\egg-logrotator\app\schedule\rotate_by_file.js
2022-02-16 17:49:43,776 INFO 17560 [egg-schedule]: register schedule C:\Users\liuqi\work\node-server\node_modules\egg-multipart\app\schedule\clean_tmpdir.js
2022-02-16 17:49:43,776 INFO 17560 [egg-schedule]: register schedule C:\Users\liuqi\work\node-server\node_modules\egg-logrotator\app\schedule\clean_log.js
2022-02-16 17:49:43,776 INFO 17560 [egg-schedule]: register schedule C:\Users\liuqi\work\node-server\node_modules\egg-logrotator\app\schedule\rotate_by_file.js
2022-02-16 17:49:59,015 INFO 9760 [egg-schedule]: register schedule C:\Users\liuqi\work\node-server\node_modules\egg-multipart\app\schedule\clean_tmpdir.js
2022-02-16 17:49:59,015 INFO 9760 [egg-schedule]: register schedule C:\Users\liuqi\work\node-server\node_modules\egg-logrotator\app\schedule\clean_log.js
2022-02-16 17:49:59,015 INFO 9760 [egg-schedule]: register schedule C:\Users\liuqi\work\node-server\node_modules\egg-logrotator\app\schedule\rotate_by_file.js
2022-02-16 17:50:25,002 INFO 7780 [egg-schedule]: register schedule C:\Users\liuqi\work\node-server\node_modules\egg-multipart\app\schedule\clean_tmpdir.js
2022-02-16 17:50:25,002 INFO 7780 [egg-schedule]: register schedule C:\Users\liuqi\work\node-server\node_modules\egg-logrotator\app\schedule\clean_log.js
2022-02-16 17:50:25,002 INFO 7780 [egg-schedule]: register schedule C:\Users\liuqi\work\node-server\node_modules\egg-logrotator\app\schedule\rotate_by_file.js
2022-02-16 17:50:38,709 INFO 15476 [egg-schedule]: register schedule C:\Users\liuqi\work\node-server\node_modules\egg-multipart\app\schedule\clean_tmpdir.js
2022-02-16 17:50:38,709 INFO 15476 [egg-schedule]: register schedule C:\Users\liuqi\work\node-server\node_modules\egg-logrotator\app\schedule\clean_log.js
2022-02-16 17:50:38,709 INFO 15476 [egg-schedule]: register schedule C:\Users\liuqi\work\node-server\node_modules\egg-logrotator\app\schedule\rotate_by_file.js
2022-02-16 17:51:19,729 INFO 9796 [egg-schedule]: register schedule C:\Users\liuqi\work\node-server\node_modules\egg-multipart\app\schedule\clean_tmpdir.js
2022-02-16 17:51:19,729 INFO 9796 [egg-schedule]: register schedule C:\Users\liuqi\work\node-server\node_modules\egg-logrotator\app\schedule\clean_log.js
2022-02-16 17:51:19,729 INFO 9796 [egg-schedule]: register schedule C:\Users\liuqi\work\node-server\node_modules\egg-logrotator\app\schedule\rotate_by_file.js
2022-02-16 17:51:27,701 INFO 7244 [egg-schedule]: register schedule C:\Users\liuqi\work\node-server\node_modules\egg-multipart\app\schedule\clean_tmpdir.js
2022-02-16 17:51:27,701 INFO 7244 [egg-schedule]: register schedule C:\Users\liuqi\work\node-server\node_modules\egg-logrotator\app\schedule\clean_log.js
2022-02-16 17:51:27,701 INFO 7244 [egg-schedule]: register schedule C:\Users\liuqi\work\node-server\node_modules\egg-logrotator\app\schedule\rotate_by_file.js
2022-02-16 17:51:41,595 INFO 15460 [egg-schedule]: register schedule C:\Users\liuqi\work\node-server\node_modules\egg-multipart\app\schedule\clean_tmpdir.js
2022-02-16 17:51:41,595 INFO 15460 [egg-schedule]: register schedule C:\Users\liuqi\work\node-server\node_modules\egg-logrotator\app\schedule\clean_log.js
2022-02-16 17:51:41,596 INFO 15460 [egg-schedule]: register schedule C:\Users\liuqi\work\node-server\node_modules\egg-logrotator\app\schedule\rotate_by_file.js
2022-02-16 17:51:57,014 INFO 2464 [egg-schedule]: register schedule C:\Users\liuqi\work\node-server\node_modules\egg-multipart\app\schedule\clean_tmpdir.js
2022-02-16 17:51:57,014 INFO 2464 [egg-schedule]: register schedule C:\Users\liuqi\work\node-server\node_modules\egg-logrotator\app\schedule\clean_log.js
2022-02-16 17:51:57,014 INFO 2464 [egg-schedule]: register schedule C:\Users\liuqi\work\node-server\node_modules\egg-logrotator\app\schedule\rotate_by_file.js
2022-02-16 17:52:13,193 INFO 7200 [egg-schedule]: register schedule C:\Users\liuqi\work\node-server\node_modules\egg-multipart\app\schedule\clean_tmpdir.js
2022-02-16 17:52:13,193 INFO 7200 [egg-schedule]: register schedule C:\Users\liuqi\work\node-server\node_modules\egg-logrotator\app\schedule\clean_log.js
2022-02-16 17:52:13,193 INFO 7200 [egg-schedule]: register schedule C:\Users\liuqi\work\node-server\node_modules\egg-logrotator\app\schedule\rotate_by_file.js
2022-02-16 17:52:15,509 INFO 9256 [egg-schedule]: register schedule C:\Users\liuqi\work\node-server\node_modules\egg-multipart\app\schedule\clean_tmpdir.js
2022-02-16 17:52:15,509 INFO 9256 [egg-schedule]: register schedule C:\Users\liuqi\work\node-server\node_modules\egg-logrotator\app\schedule\clean_log.js
2022-02-16 17:52:15,509 INFO 9256 [egg-schedule]: register schedule C:\Users\liuqi\work\node-server\node_modules\egg-logrotator\app\schedule\rotate_by_file.js
2022-02-16 17:52:52,185 INFO 15412 [egg-schedule]: register schedule C:\Users\liuqi\work\node-server\node_modules\egg-multipart\app\schedule\clean_tmpdir.js
2022-02-16 17:52:52,185 INFO 15412 [egg-schedule]: register schedule C:\Users\liuqi\work\node-server\node_modules\egg-logrotator\app\schedule\clean_log.js
2022-02-16 17:52:52,185 INFO 15412 [egg-schedule]: register schedule C:\Users\liuqi\work\node-server\node_modules\egg-logrotator\app\schedule\rotate_by_file.js
2022-02-16 17:56:30,388 INFO 18952 [Timer] C:\Users\liuqi\work\node-server\node_modules\egg-multipart\app\schedule\clean_tmpdir.js next time will execute after 38009614ms at 2022-02-17 04:30:00.002
2022-02-16 17:56:30,388 INFO 18952 [Timer] C:\Users\liuqi\work\node-server\node_modules\egg-logrotator\app\schedule\clean_log.js next time will execute after 21809612ms at 2022-02-17 00:00:00.000
2022-02-16 17:56:30,388 INFO 18952 [Timer] C:\Users\liuqi\work\node-server\node_modules\egg-logrotator\app\schedule\rotate_by_file.js next time will execute after 21810612ms at 2022-02-17 00:00:01.000
2022-02-16 17:56:30,289 INFO 19132 [egg-schedule]: register schedule C:\Users\liuqi\work\node-server\node_modules\egg-multipart\app\schedule\clean_tmpdir.js
2022-02-16 17:56:30,289 INFO 19132 [egg-schedule]: register schedule C:\Users\liuqi\work\node-server\node_modules\egg-logrotator\app\schedule\clean_log.js
2022-02-16 17:56:30,289 INFO 19132 [egg-schedule]: register schedule C:\Users\liuqi\work\node-server\node_modules\egg-logrotator\app\schedule\rotate_by_file.js
2022-02-16 18:44:57,267 INFO 3848 [Timer] C:\Users\liuqi\work\node-server\node_modules\egg-multipart\app\schedule\clean_tmpdir.js next time will execute after 35102735ms at 2022-02-17 04:30:00.002
2022-02-16 18:44:57,267 INFO 3848 [Timer] C:\Users\liuqi\work\node-server\node_modules\egg-logrotator\app\schedule\clean_log.js next time will execute after 18902733ms at 2022-02-17 00:00:00.000
2022-02-16 18:44:57,267 INFO 3848 [Timer] C:\Users\liuqi\work\node-server\node_modules\egg-logrotator\app\schedule\rotate_by_file.js next time will execute after 18903733ms at 2022-02-17 00:00:01.000
2022-02-16 18:44:57,166 INFO 7248 [egg-schedule]: register schedule C:\Users\liuqi\work\node-server\node_modules\egg-multipart\app\schedule\clean_tmpdir.js
2022-02-16 18:44:57,166 INFO 7248 [egg-schedule]: register schedule C:\Users\liuqi\work\node-server\node_modules\egg-logrotator\app\schedule\clean_log.js
2022-02-16 18:44:57,166 INFO 7248 [egg-schedule]: register schedule C:\Users\liuqi\work\node-server\node_modules\egg-logrotator\app\schedule\rotate_by_file.js
2022-02-16 18:46:27,781 INFO 6276 [egg-schedule]: register schedule C:\Users\liuqi\work\node-server\node_modules\egg-multipart\app\schedule\clean_tmpdir.js
2022-02-16 18:46:27,781 INFO 6276 [egg-schedule]: register schedule C:\Users\liuqi\work\node-server\node_modules\egg-logrotator\app\schedule\clean_log.js
2022-02-16 18:46:27,781 INFO 6276 [egg-schedule]: register schedule C:\Users\liuqi\work\node-server\node_modules\egg-logrotator\app\schedule\rotate_by_file.js
2022-02-16 18:47:18,005 INFO 10544 [egg-schedule]: register schedule C:\Users\liuqi\work\node-server\node_modules\egg-multipart\app\schedule\clean_tmpdir.js
2022-02-16 18:47:18,005 INFO 10544 [egg-schedule]: register schedule C:\Users\liuqi\work\node-server\node_modules\egg-logrotator\app\schedule\clean_log.js
2022-02-16 18:47:18,005 INFO 10544 [egg-schedule]: register schedule C:\Users\liuqi\work\node-server\node_modules\egg-logrotator\app\schedule\rotate_by_file.js
2022-02-16 18:47:38,320 INFO 19044 [egg-schedule]: register schedule C:\Users\liuqi\work\node-server\node_modules\egg-multipart\app\schedule\clean_tmpdir.js
2022-02-16 18:47:38,320 INFO 19044 [egg-schedule]: register schedule C:\Users\liuqi\work\node-server\node_modules\egg-logrotator\app\schedule\clean_log.js
2022-02-16 18:47:38,320 INFO 19044 [egg-schedule]: register schedule C:\Users\liuqi\work\node-server\node_modules\egg-logrotator\app\schedule\rotate_by_file.js
2022-02-16 18:47:42,367 INFO 14544 [egg-schedule]: register schedule C:\Users\liuqi\work\node-server\node_modules\egg-multipart\app\schedule\clean_tmpdir.js
2022-02-16 18:47:42,367 INFO 14544 [egg-schedule]: register schedule C:\Users\liuqi\work\node-server\node_modules\egg-logrotator\app\schedule\clean_log.js
2022-02-16 18:47:42,367 INFO 14544 [egg-schedule]: register schedule C:\Users\liuqi\work\node-server\node_modules\egg-logrotator\app\schedule\rotate_by_file.js
2022-02-16 18:47:57,383 INFO 10084 [egg-schedule]: register schedule C:\Users\liuqi\work\node-server\node_modules\egg-multipart\app\schedule\clean_tmpdir.js
2022-02-16 18:47:57,383 INFO 10084 [egg-schedule]: register schedule C:\Users\liuqi\work\node-server\node_modules\egg-logrotator\app\schedule\clean_log.js
2022-02-16 18:47:57,383 INFO 10084 [egg-schedule]: register schedule C:\Users\liuqi\work\node-server\node_modules\egg-logrotator\app\schedule\rotate_by_file.js
2022-02-16 18:48:00,785 INFO 17148 [egg-schedule]: register schedule C:\Users\liuqi\work\node-server\node_modules\egg-multipart\app\schedule\clean_tmpdir.js
2022-02-16 18:48:00,785 INFO 17148 [egg-schedule]: register schedule C:\Users\liuqi\work\node-server\node_modules\egg-logrotator\app\schedule\clean_log.js
2022-02-16 18:48:00,785 INFO 17148 [egg-schedule]: register schedule C:\Users\liuqi\work\node-server\node_modules\egg-logrotator\app\schedule\rotate_by_file.js
2022-02-16 18:48:08,089 INFO 5656 [egg-schedule]: register schedule C:\Users\liuqi\work\node-server\node_modules\egg-multipart\app\schedule\clean_tmpdir.js
2022-02-16 18:48:08,089 INFO 5656 [egg-schedule]: register schedule C:\Users\liuqi\work\node-server\node_modules\egg-logrotator\app\schedule\clean_log.js
2022-02-16 18:48:08,089 INFO 5656 [egg-schedule]: register schedule C:\Users\liuqi\work\node-server\node_modules\egg-logrotator\app\schedule\rotate_by_file.js
2022-02-16 18:48:20,331 INFO 11528 [Timer] C:\Users\liuqi\work\node-server\node_modules\egg-multipart\app\schedule\clean_tmpdir.js next time will execute after 34899671ms at 2022-02-17 04:30:00.002
2022-02-16 18:48:20,331 INFO 11528 [Timer] C:\Users\liuqi\work\node-server\node_modules\egg-logrotator\app\schedule\clean_log.js next time will execute after 18699669ms at 2022-02-17 00:00:00.000
2022-02-16 18:48:20,331 INFO 11528 [Timer] C:\Users\liuqi\work\node-server\node_modules\egg-logrotator\app\schedule\rotate_by_file.js next time will execute after 18700669ms at 2022-02-17 00:00:01.000
2022-02-16 18:48:20,231 INFO 10372 [egg-schedule]: register schedule C:\Users\liuqi\work\node-server\node_modules\egg-multipart\app\schedule\clean_tmpdir.js
2022-02-16 18:48:20,231 INFO 10372 [egg-schedule]: register schedule C:\Users\liuqi\work\node-server\node_modules\egg-logrotator\app\schedule\clean_log.js
2022-02-16 18:48:20,231 INFO 10372 [egg-schedule]: register schedule C:\Users\liuqi\work\node-server\node_modules\egg-logrotator\app\schedule\rotate_by_file.js
2022-02-16 18:48:40,532 INFO 6344 [egg-schedule]: register schedule C:\Users\liuqi\work\node-server\node_modules\egg-multipart\app\schedule\clean_tmpdir.js
2022-02-16 18:48:40,532 INFO 6344 [egg-schedule]: register schedule C:\Users\liuqi\work\node-server\node_modules\egg-logrotator\app\schedule\clean_log.js
2022-02-16 18:48:40,532 INFO 6344 [egg-schedule]: register schedule C:\Users\liuqi\work\node-server\node_modules\egg-logrotator\app\schedule\rotate_by_file.js
2022-02-16 18:48:49,177 INFO 5000 [Timer] C:\Users\liuqi\work\node-server\node_modules\egg-multipart\app\schedule\clean_tmpdir.js next time will execute after 34870825ms at 2022-02-17 04:30:00.002
2022-02-16 18:48:49,177 INFO 5000 [Timer] C:\Users\liuqi\work\node-server\node_modules\egg-logrotator\app\schedule\clean_log.js next time will execute after 18670823ms at 2022-02-17 00:00:00.000
2022-02-16 18:48:49,177 INFO 5000 [Timer] C:\Users\liuqi\work\node-server\node_modules\egg-logrotator\app\schedule\rotate_by_file.js next time will execute after 18671823ms at 2022-02-17 00:00:01.000
2022-02-16 18:48:49,078 INFO 11352 [egg-schedule]: register schedule C:\Users\liuqi\work\node-server\node_modules\egg-multipart\app\schedule\clean_tmpdir.js
2022-02-16 18:48:49,078 INFO 11352 [egg-schedule]: register schedule C:\Users\liuqi\work\node-server\node_modules\egg-logrotator\app\schedule\clean_log.js
2022-02-16 18:48:49,078 INFO 11352 [egg-schedule]: register schedule C:\Users\liuqi\work\node-server\node_modules\egg-logrotator\app\schedule\rotate_by_file.js
2022-02-16 18:49:00,275 INFO 4000 [egg-schedule]: register schedule C:\Users\liuqi\work\node-server\node_modules\egg-multipart\app\schedule\clean_tmpdir.js
2022-02-16 18:49:00,275 INFO 4000 [egg-schedule]: register schedule C:\Users\liuqi\work\node-server\node_modules\egg-logrotator\app\schedule\clean_log.js
2022-02-16 18:49:00,275 INFO 4000 [egg-schedule]: register schedule C:\Users\liuqi\work\node-server\node_modules\egg-logrotator\app\schedule\rotate_by_file.js
2022-02-16 18:49:06,950 INFO 8088 [Timer] C:\Users\liuqi\work\node-server\node_modules\egg-multipart\app\schedule\clean_tmpdir.js next time will execute after 34853052ms at 2022-02-17 04:30:00.002
2022-02-16 18:49:06,950 INFO 8088 [Timer] C:\Users\liuqi\work\node-server\node_modules\egg-logrotator\app\schedule\clean_log.js next time will execute after 18653050ms at 2022-02-17 00:00:00.000
2022-02-16 18:49:06,950 INFO 8088 [Timer] C:\Users\liuqi\work\node-server\node_modules\egg-logrotator\app\schedule\rotate_by_file.js next time will execute after 18654050ms at 2022-02-17 00:00:01.000
2022-02-16 18:49:06,848 INFO 14988 [egg-schedule]: register schedule C:\Users\liuqi\work\node-server\node_modules\egg-multipart\app\schedule\clean_tmpdir.js
2022-02-16 18:49:06,848 INFO 14988 [egg-schedule]: register schedule C:\Users\liuqi\work\node-server\node_modules\egg-logrotator\app\schedule\clean_log.js
2022-02-16 18:49:06,848 INFO 14988 [egg-schedule]: register schedule C:\Users\liuqi\work\node-server\node_modules\egg-logrotator\app\schedule\rotate_by_file.js
2022-02-21 15:58:47,032 INFO 15184 [Timer] C:\Users\liuqi\work\node-server\node_modules\egg-multipart\app\schedule\clean_tmpdir.js next time will execute after 45072970ms at 2022-02-22 04:30:00.002
2022-02-21 15:58:47,032 INFO 15184 [Timer] C:\Users\liuqi\work\node-server\node_modules\egg-logrotator\app\schedule\clean_log.js next time will execute after 28872968ms at 2022-02-22 00:00:00.000
2022-02-21 15:58:47,032 INFO 15184 [Timer] C:\Users\liuqi\work\node-server\node_modules\egg-logrotator\app\schedule\rotate_by_file.js next time will execute after 28873968ms at 2022-02-22 00:00:01.000
2022-02-21 15:58:46,932 INFO 5360 [egg-schedule]: register schedule C:\Users\liuqi\work\node-server\node_modules\egg-multipart\app\schedule\clean_tmpdir.js
2022-02-21 15:58:46,932 INFO 5360 [egg-schedule]: register schedule C:\Users\liuqi\work\node-server\node_modules\egg-logrotator\app\schedule\clean_log.js
2022-02-21 15:58:46,932 INFO 5360 [egg-schedule]: register schedule C:\Users\liuqi\work\node-server\node_modules\egg-logrotator\app\schedule\rotate_by_file.js
2022-02-21 16:22:37,356 INFO 12504 [egg-schedule]: register schedule C:\Users\liuqi\work\node-server\node_modules\egg-multipart\app\schedule\clean_tmpdir.js
2022-02-21 16:22:37,356 INFO 12504 [egg-schedule]: register schedule C:\Users\liuqi\work\node-server\node_modules\egg-logrotator\app\schedule\clean_log.js
2022-02-21 16:22:37,356 INFO 12504 [egg-schedule]: register schedule C:\Users\liuqi\work\node-server\node_modules\egg-logrotator\app\schedule\rotate_by_file.js
2022-02-21 16:25:18,459 INFO 14624 [egg-schedule]: register schedule C:\Users\liuqi\work\node-server\node_modules\egg-multipart\app\schedule\clean_tmpdir.js
2022-02-21 16:25:18,459 INFO 14624 [egg-schedule]: register schedule C:\Users\liuqi\work\node-server\node_modules\egg-logrotator\app\schedule\clean_log.js
2022-02-21 16:25:18,459 INFO 14624 [egg-schedule]: register schedule C:\Users\liuqi\work\node-server\node_modules\egg-logrotator\app\schedule\rotate_by_file.js
2022-02-21 16:26:05,195 INFO 9768 [egg-schedule]: register schedule C:\Users\liuqi\work\node-server\node_modules\egg-multipart\app\schedule\clean_tmpdir.js
2022-02-21 16:26:05,195 INFO 9768 [egg-schedule]: register schedule C:\Users\liuqi\work\node-server\node_modules\egg-logrotator\app\schedule\clean_log.js
2022-02-21 16:26:05,195 INFO 9768 [egg-schedule]: register schedule C:\Users\liuqi\work\node-server\node_modules\egg-logrotator\app\schedule\rotate_by_file.js
2022-02-21 16:26:13,649 INFO 10140 [egg-schedule]: register schedule C:\Users\liuqi\work\node-server\node_modules\egg-multipart\app\schedule\clean_tmpdir.js
2022-02-21 16:26:13,649 INFO 10140 [egg-schedule]: register schedule C:\Users\liuqi\work\node-server\node_modules\egg-logrotator\app\schedule\clean_log.js
2022-02-21 16:26:13,649 INFO 10140 [egg-schedule]: register schedule C:\Users\liuqi\work\node-server\node_modules\egg-logrotator\app\schedule\rotate_by_file.js
2022-02-21 16:26:21,634 INFO 20548 [egg-schedule]: register schedule C:\Users\liuqi\work\node-server\node_modules\egg-multipart\app\schedule\clean_tmpdir.js
2022-02-21 16:26:21,634 INFO 20548 [egg-schedule]: register schedule C:\Users\liuqi\work\node-server\node_modules\egg-logrotator\app\schedule\clean_log.js
2022-02-21 16:26:21,634 INFO 20548 [egg-schedule]: register schedule C:\Users\liuqi\work\node-server\node_modules\egg-logrotator\app\schedule\rotate_by_file.js
2022-02-21 16:26:27,443 INFO 13892 [Timer] C:\Users\liuqi\work\node-server\node_modules\egg-multipart\app\schedule\clean_tmpdir.js next time will execute after 43412559ms at 2022-02-22 04:30:00.002
2022-02-21 16:26:27,443 INFO 13892 [Timer] C:\Users\liuqi\work\node-server\node_modules\egg-logrotator\app\schedule\clean_log.js next time will execute after 27212557ms at 2022-02-22 00:00:00.000
2022-02-21 16:26:27,443 INFO 13892 [Timer] C:\Users\liuqi\work\node-server\node_modules\egg-logrotator\app\schedule\rotate_by_file.js next time will execute after 27213557ms at 2022-02-22 00:00:01.000
2022-02-21 16:26:27,338 INFO 10036 [egg-schedule]: register schedule C:\Users\liuqi\work\node-server\node_modules\egg-multipart\app\schedule\clean_tmpdir.js
2022-02-21 16:26:27,338 INFO 10036 [egg-schedule]: register schedule C:\Users\liuqi\work\node-server\node_modules\egg-logrotator\app\schedule\clean_log.js
2022-02-21 16:26:27,338 INFO 10036 [egg-schedule]: register schedule C:\Users\liuqi\work\node-server\node_modules\egg-logrotator\app\schedule\rotate_by_file.js
2022-02-21 16:27:58,417 INFO 2804 [Timer] C:\Users\liuqi\work\node-server\node_modules\egg-multipart\app\schedule\clean_tmpdir.js next time will execute after 43321585ms at 2022-02-22 04:30:00.002
2022-02-21 16:27:58,417 INFO 2804 [Timer] C:\Users\liuqi\work\node-server\node_modules\egg-logrotator\app\schedule\clean_log.js next time will execute after 27121583ms at 2022-02-22 00:00:00.000
2022-02-21 16:27:58,418 INFO 2804 [Timer] C:\Users\liuqi\work\node-server\node_modules\egg-logrotator\app\schedule\rotate_by_file.js next time will execute after 27122583ms at 2022-02-22 00:00:01.001
2022-02-21 16:27:58,316 INFO 16444 [egg-schedule]: register schedule C:\Users\liuqi\work\node-server\node_modules\egg-multipart\app\schedule\clean_tmpdir.js
2022-02-21 16:27:58,316 INFO 16444 [egg-schedule]: register schedule C:\Users\liuqi\work\node-server\node_modules\egg-logrotator\app\schedule\clean_log.js
2022-02-21 16:27:58,316 INFO 16444 [egg-schedule]: register schedule C:\Users\liuqi\work\node-server\node_modules\egg-logrotator\app\schedule\rotate_by_file.js
2022-02-21 16:30:24,163 INFO 20640 [egg-schedule]: register schedule C:\Users\liuqi\work\node-server\node_modules\egg-multipart\app\schedule\clean_tmpdir.js
2022-02-21 16:30:24,163 INFO 20640 [egg-schedule]: register schedule C:\Users\liuqi\work\node-server\node_modules\egg-logrotator\app\schedule\clean_log.js
2022-02-21 16:30:24,163 INFO 20640 [egg-schedule]: register schedule C:\Users\liuqi\work\node-server\node_modules\egg-logrotator\app\schedule\rotate_by_file.js
2022-02-21 16:47:40,742 INFO 20960 [Timer] C:\Users\liuqi\work\node-server\node_modules\egg-multipart\app\schedule\clean_tmpdir.js next time will execute after 42139260ms at 2022-02-22 04:30:00.002
2022-02-21 16:47:40,742 INFO 20960 [Timer] C:\Users\liuqi\work\node-server\node_modules\egg-logrotator\app\schedule\clean_log.js next time will execute after 25939258ms at 2022-02-22 00:00:00.000
2022-02-21 16:47:40,742 INFO 20960 [Timer] C:\Users\liuqi\work\node-server\node_modules\egg-logrotator\app\schedule\rotate_by_file.js next time will execute after 25940258ms at 2022-02-22 00:00:01.000
2022-02-21 16:47:40,642 INFO 11952 [egg-schedule]: register schedule C:\Users\liuqi\work\node-server\node_modules\egg-multipart\app\schedule\clean_tmpdir.js
2022-02-21 16:47:40,642 INFO 11952 [egg-schedule]: register schedule C:\Users\liuqi\work\node-server\node_modules\egg-logrotator\app\schedule\clean_log.js
2022-02-21 16:47:40,642 INFO 11952 [egg-schedule]: register schedule C:\Users\liuqi\work\node-server\node_modules\egg-logrotator\app\schedule\rotate_by_file.js
2022-02-21 16:48:02,090 INFO 19452 [egg-schedule]: register schedule C:\Users\liuqi\work\node-server\node_modules\egg-multipart\app\schedule\clean_tmpdir.js
2022-02-21 16:48:02,090 INFO 19452 [egg-schedule]: register schedule C:\Users\liuqi\work\node-server\node_modules\egg-logrotator\app\schedule\clean_log.js
2022-02-21 16:48:02,090 INFO 19452 [egg-schedule]: register schedule C:\Users\liuqi\work\node-server\node_modules\egg-logrotator\app\schedule\rotate_by_file.js
2022-02-21 16:48:11,389 INFO 21472 [Timer] C:\Users\liuqi\work\node-server\node_modules\egg-multipart\app\schedule\clean_tmpdir.js next time will execute after 42108614ms at 2022-02-22 04:30:00.002
2022-02-21 16:48:11,389 INFO 21472 [Timer] C:\Users\liuqi\work\node-server\node_modules\egg-logrotator\app\schedule\clean_log.js next time will execute after 25908611ms at 2022-02-22 00:00:00.000
2022-02-21 16:48:11,389 INFO 21472 [Timer] C:\Users\liuqi\work\node-server\node_modules\egg-logrotator\app\schedule\rotate_by_file.js next time will execute after 25909611ms at 2022-02-22 00:00:01.000
2022-02-21 16:48:11,288 INFO 16452 [egg-schedule]: register schedule C:\Users\liuqi\work\node-server\node_modules\egg-multipart\app\schedule\clean_tmpdir.js
2022-02-21 16:48:11,288 INFO 16452 [egg-schedule]: register schedule C:\Users\liuqi\work\node-server\node_modules\egg-logrotator\app\schedule\clean_log.js
2022-02-21 16:48:11,288 INFO 16452 [egg-schedule]: register schedule C:\Users\liuqi\work\node-server\node_modules\egg-logrotator\app\schedule\rotate_by_file.js
2022-02-21 17:00:55,039 INFO 1868 [egg-schedule]: register schedule C:\Users\liuqi\work\node-server\node_modules\egg-multipart\app\schedule\clean_tmpdir.js
2022-02-21 17:00:55,039 INFO 1868 [egg-schedule]: register schedule C:\Users\liuqi\work\node-server\node_modules\egg-logrotator\app\schedule\clean_log.js
2022-02-21 17:00:55,039 INFO 1868 [egg-schedule]: register schedule C:\Users\liuqi\work\node-server\node_modules\egg-logrotator\app\schedule\rotate_by_file.js
2022-02-21 17:01:00,181 INFO 8972 [egg-schedule]: register schedule C:\Users\liuqi\work\node-server\node_modules\egg-multipart\app\schedule\clean_tmpdir.js
2022-02-21 17:01:00,181 INFO 8972 [egg-schedule]: register schedule C:\Users\liuqi\work\node-server\node_modules\egg-logrotator\app\schedule\clean_log.js
2022-02-21 17:01:00,181 INFO 8972 [egg-schedule]: register schedule C:\Users\liuqi\work\node-server\node_modules\egg-logrotator\app\schedule\rotate_by_file.js
2022-02-21 17:08:22,925 INFO 9468 [Timer] C:\Users\liuqi\work\node-server\node_modules\egg-multipart\app\schedule\clean_tmpdir.js next time will execute after 40897077ms at 2022-02-22 04:30:00.002
2022-02-21 17:08:22,925 INFO 9468 [Timer] C:\Users\liuqi\work\node-server\node_modules\egg-logrotator\app\schedule\clean_log.js next time will execute after 24697075ms at 2022-02-22 00:00:00.000
2022-02-21 17:08:22,925 INFO 9468 [Timer] C:\Users\liuqi\work\node-server\node_modules\egg-logrotator\app\schedule\rotate_by_file.js next time will execute after 24698075ms at 2022-02-22 00:00:01.000
2022-02-21 17:08:22,801 INFO 8320 [egg-schedule]: register schedule C:\Users\liuqi\work\node-server\node_modules\egg-multipart\app\schedule\clean_tmpdir.js
2022-02-21 17:08:22,801 INFO 8320 [egg-schedule]: register schedule C:\Users\liuqi\work\node-server\node_modules\egg-logrotator\app\schedule\clean_log.js
2022-02-21 17:08:22,801 INFO 8320 [egg-schedule]: register schedule C:\Users\liuqi\work\node-server\node_modules\egg-logrotator\app\schedule\rotate_by_file.js
2022-02-21 17:08:57,181 INFO 9304 [egg-schedule]: register schedule C:\Users\liuqi\work\node-server\node_modules\egg-multipart\app\schedule\clean_tmpdir.js
2022-02-21 17:08:57,181 INFO 9304 [egg-schedule]: register schedule C:\Users\liuqi\work\node-server\node_modules\egg-logrotator\app\schedule\clean_log.js
2022-02-21 17:08:57,181 INFO 9304 [egg-schedule]: register schedule C:\Users\liuqi\work\node-server\node_modules\egg-logrotator\app\schedule\rotate_by_file.js
2022-02-21 17:09:26,723 INFO 4420 [egg-schedule]: register schedule C:\Users\liuqi\work\node-server\node_modules\egg-multipart\app\schedule\clean_tmpdir.js
2022-02-21 17:09:26,723 INFO 4420 [egg-schedule]: register schedule C:\Users\liuqi\work\node-server\node_modules\egg-logrotator\app\schedule\clean_log.js
2022-02-21 17:09:26,723 INFO 4420 [egg-schedule]: register schedule C:\Users\liuqi\work\node-server\node_modules\egg-logrotator\app\schedule\rotate_by_file.js
2022-02-21 17:09:34,120 INFO 17488 [egg-schedule]: register schedule C:\Users\liuqi\work\node-server\node_modules\egg-multipart\app\schedule\clean_tmpdir.js
2022-02-21 17:09:34,120 INFO 17488 [egg-schedule]: register schedule C:\Users\liuqi\work\node-server\node_modules\egg-logrotator\app\schedule\clean_log.js
2022-02-21 17:09:34,120 INFO 17488 [egg-schedule]: register schedule C:\Users\liuqi\work\node-server\node_modules\egg-logrotator\app\schedule\rotate_by_file.js
2022-02-21 17:12:00,374 INFO 13524 [egg-schedule]: register schedule C:\Users\liuqi\work\node-server\node_modules\egg-multipart\app\schedule\clean_tmpdir.js
2022-02-21 17:12:00,374 INFO 13524 [egg-schedule]: register schedule C:\Users\liuqi\work\node-server\node_modules\egg-logrotator\app\schedule\clean_log.js
2022-02-21 17:12:00,374 INFO 13524 [egg-schedule]: register schedule C:\Users\liuqi\work\node-server\node_modules\egg-logrotator\app\schedule\rotate_by_file.js
2022-02-21 17:12:01,606 INFO 7364 [egg-schedule]: register schedule C:\Users\liuqi\work\node-server\node_modules\egg-multipart\app\schedule\clean_tmpdir.js
2022-02-21 17:12:01,606 INFO 7364 [egg-schedule]: register schedule C:\Users\liuqi\work\node-server\node_modules\egg-logrotator\app\schedule\clean_log.js
2022-02-21 17:12:01,606 INFO 7364 [egg-schedule]: register schedule C:\Users\liuqi\work\node-server\node_modules\egg-logrotator\app\schedule\rotate_by_file.js
2022-02-21 17:12:26,626 INFO 15304 [egg-schedule]: register schedule C:\Users\liuqi\work\node-server\node_modules\egg-multipart\app\schedule\clean_tmpdir.js
2022-02-21 17:12:26,626 INFO 15304 [egg-schedule]: register schedule C:\Users\liuqi\work\node-server\node_modules\egg-logrotator\app\schedule\clean_log.js
2022-02-21 17:12:26,626 INFO 15304 [egg-schedule]: register schedule C:\Users\liuqi\work\node-server\node_modules\egg-logrotator\app\schedule\rotate_by_file.js
2022-02-21 17:12:28,620 INFO 21200 [egg-schedule]: register schedule C:\Users\liuqi\work\node-server\node_modules\egg-multipart\app\schedule\clean_tmpdir.js
2022-02-21 17:12:28,620 INFO 21200 [egg-schedule]: register schedule C:\Users\liuqi\work\node-server\node_modules\egg-logrotator\app\schedule\clean_log.js
2022-02-21 17:12:28,620 INFO 21200 [egg-schedule]: register schedule C:\Users\liuqi\work\node-server\node_modules\egg-logrotator\app\schedule\rotate_by_file.js
2022-02-21 17:18:01,073 INFO 10248 [egg-schedule]: register schedule C:\Users\liuqi\work\node-server\node_modules\egg-multipart\app\schedule\clean_tmpdir.js
2022-02-21 17:18:01,073 INFO 10248 [egg-schedule]: register schedule C:\Users\liuqi\work\node-server\node_modules\egg-logrotator\app\schedule\clean_log.js
2022-02-21 17:18:01,073 INFO 10248 [egg-schedule]: register schedule C:\Users\liuqi\work\node-server\node_modules\egg-logrotator\app\schedule\rotate_by_file.js
2022-02-21 17:20:16,985 INFO 14516 [egg-schedule]: register schedule C:\Users\liuqi\work\node-server\node_modules\egg-multipart\app\schedule\clean_tmpdir.js
2022-02-21 17:20:16,985 INFO 14516 [egg-schedule]: register schedule C:\Users\liuqi\work\node-server\node_modules\egg-logrotator\app\schedule\clean_log.js
2022-02-21 17:20:16,985 INFO 14516 [egg-schedule]: register schedule C:\Users\liuqi\work\node-server\node_modules\egg-logrotator\app\schedule\rotate_by_file.js
